   0  $accept : program $end

   1  program : opt_def_glob_var main

   2  glob_def : var_def
   3           | func_def

   4  opt_def_glob_var : opt_def_glob_var glob_def
   5                   |

   6  var_def : p_type list_ident ';'
   7          | array list_ident ';'
   8          | struct_type list_ident ';'

   9  local_var_def : var_def

  10  opt_list_local_var : opt_list_local_var local_var_def
  11                     |

  12  opt_list_fields : opt_list_fields type list_ident ';'
  13                  |

  14  struct_type : STRUCT '{' opt_list_fields '}'

  15  main : VOID MAIN '(' ')' '{' opt_list_local_var statements '}'

  16  func_def : p_type ID '(' opt_list_param ')' '{' opt_list_local_var statements '}'
  17           | VOID ID '(' opt_list_param ')' '{' opt_list_local_var statements '}'

  18  list_param : list_param ',' p_type ID
  19             | p_type ID

  20  opt_list_param : list_param
  21                 |

  22  p_type : INT
  23         | DOUBLE
  24         | CHAR

  25  array : type '[' INT_CONSTANT ']'

  26  type : p_type
  27       | array
  28       | struct_type

  29  list_ident : list_ident ',' ID
  30             | ID

  31  statements : statements statement
  32             |

  33  statement : RETURN exp ';'
  34            | READ list_exp ';'
  35            | WRITE list_exp ';'
  36            | if_else
  37            | while
  38            | exp '=' exp ';'
  39            | ID '(' opt_list_exp ')' ';'

  40  while : WHILE '(' exp ')' '{' statements '}'
  41        | WHILE '(' exp ')' statement

  42  if_else : IF '(' exp ')' '{' statements '}' ELSE '{' statements '}'
  43          | IF '(' exp ')' '{' statements '}' ELSE statement
  44          | IF '(' exp ')' statement ELSE '{' statements '}'
  45          | IF '(' exp ')' statement ELSE statement
  46          | IF '(' exp ')' '{' statements '}'
  47          | IF '(' exp ')' statement

  48  opt_list_exp : list_exp
  49               |

  50  list_exp : list_exp ',' exp
  51           | exp

  52  exp : exp '+' exp
  53      | exp '*' exp
  54      | exp '/' exp
  55      | exp '-' exp
  56      | exp '%' exp
  57      | exp EQ exp
  58      | exp NOT_EQ exp
  59      | exp '>' exp
  60      | exp '<' exp
  61      | exp L_EQ exp
  62      | exp G_EQ exp
  63      | exp AND exp
  64      | exp OR exp
  65      | '(' p_type ')' exp
  66      | exp '[' exp ']'
  67      | exp '.' ID
  68      | ID '(' opt_list_exp ')'
  69      | '-' exp
  70      | '(' exp ')'
  71      | '!' exp
  72      | INT_CONSTANT
  73      | ID
  74      | CHAR_CONSTANT
  75      | REAL_CONSTANT
  76      | exp '=' exp

state 0
	$accept : . program $end  (0)
	opt_def_glob_var : .  (5)

	.  reduce 5

	program  goto 1
	opt_def_glob_var  goto 2


state 1
	$accept : program . $end  (0)

	$end  accept


state 2
	program : opt_def_glob_var . main  (1)
	opt_def_glob_var : opt_def_glob_var . glob_def  (4)

	VOID  shift 3
	DOUBLE  shift 4
	CHAR  shift 5
	STRUCT  shift 6
	INT  shift 7
	.  error

	main  goto 8
	glob_def  goto 9
	var_def  goto 10
	func_def  goto 11
	p_type  goto 12
	array  goto 13
	struct_type  goto 14
	type  goto 15


state 3
	main : VOID . MAIN '(' ')' '{' opt_list_local_var statements '}'  (15)
	func_def : VOID . ID '(' opt_list_param ')' '{' opt_list_local_var statements '}'  (17)

	ID  shift 16
	MAIN  shift 17
	.  error


state 4
	p_type : DOUBLE .  (23)

	.  reduce 23


state 5
	p_type : CHAR .  (24)

	.  reduce 24


state 6
	struct_type : STRUCT . '{' opt_list_fields '}'  (14)

	'{'  shift 18
	.  error


state 7
	p_type : INT .  (22)

	.  reduce 22


state 8
	program : opt_def_glob_var main .  (1)

	.  reduce 1


state 9
	opt_def_glob_var : opt_def_glob_var glob_def .  (4)

	.  reduce 4


state 10
	glob_def : var_def .  (2)

	.  reduce 2


state 11
	glob_def : func_def .  (3)

	.  reduce 3


state 12
	var_def : p_type . list_ident ';'  (6)
	func_def : p_type . ID '(' opt_list_param ')' '{' opt_list_local_var statements '}'  (16)
	type : p_type .  (26)

	ID  shift 19
	'['  reduce 26

	list_ident  goto 20


state 13
	var_def : array . list_ident ';'  (7)
	type : array .  (27)

	ID  shift 21
	'['  reduce 27

	list_ident  goto 22


state 14
	var_def : struct_type . list_ident ';'  (8)
	type : struct_type .  (28)

	ID  shift 21
	'['  reduce 28

	list_ident  goto 23


state 15
	array : type . '[' INT_CONSTANT ']'  (25)

	'['  shift 24
	.  error


state 16
	func_def : VOID ID . '(' opt_list_param ')' '{' opt_list_local_var statements '}'  (17)

	'('  shift 25
	.  error


state 17
	main : VOID MAIN . '(' ')' '{' opt_list_local_var statements '}'  (15)

	'('  shift 26
	.  error


state 18
	struct_type : STRUCT '{' . opt_list_fields '}'  (14)
	opt_list_fields : .  (13)

	.  reduce 13

	opt_list_fields  goto 27


state 19
	func_def : p_type ID . '(' opt_list_param ')' '{' opt_list_local_var statements '}'  (16)
	list_ident : ID .  (30)

	'('  shift 28
	';'  reduce 30
	','  reduce 30


state 20
	var_def : p_type list_ident . ';'  (6)
	list_ident : list_ident . ',' ID  (29)

	';'  shift 29
	','  shift 30
	.  error


state 21
	list_ident : ID .  (30)

	.  reduce 30


state 22
	var_def : array list_ident . ';'  (7)
	list_ident : list_ident . ',' ID  (29)

	';'  shift 31
	','  shift 30
	.  error


state 23
	var_def : struct_type list_ident . ';'  (8)
	list_ident : list_ident . ',' ID  (29)

	';'  shift 32
	','  shift 30
	.  error


state 24
	array : type '[' . INT_CONSTANT ']'  (25)

	INT_CONSTANT  shift 33
	.  error


state 25
	func_def : VOID ID '(' . opt_list_param ')' '{' opt_list_local_var statements '}'  (17)
	opt_list_param : .  (21)

	DOUBLE  shift 4
	CHAR  shift 5
	INT  shift 7
	')'  reduce 21

	p_type  goto 34
	opt_list_param  goto 35
	list_param  goto 36


state 26
	main : VOID MAIN '(' . ')' '{' opt_list_local_var statements '}'  (15)

	')'  shift 37
	.  error


state 27
	opt_list_fields : opt_list_fields . type list_ident ';'  (12)
	struct_type : STRUCT '{' opt_list_fields . '}'  (14)

	DOUBLE  shift 4
	CHAR  shift 5
	STRUCT  shift 6
	INT  shift 7
	'}'  shift 38
	.  error

	p_type  goto 39
	array  goto 40
	struct_type  goto 41
	type  goto 42


state 28
	func_def : p_type ID '(' . opt_list_param ')' '{' opt_list_local_var statements '}'  (16)
	opt_list_param : .  (21)

	DOUBLE  shift 4
	CHAR  shift 5
	INT  shift 7
	')'  reduce 21

	p_type  goto 34
	opt_list_param  goto 43
	list_param  goto 36


state 29
	var_def : p_type list_ident ';' .  (6)

	.  reduce 6


state 30
	list_ident : list_ident ',' . ID  (29)

	ID  shift 44
	.  error


state 31
	var_def : array list_ident ';' .  (7)

	.  reduce 7


state 32
	var_def : struct_type list_ident ';' .  (8)

	.  reduce 8


state 33
	array : type '[' INT_CONSTANT . ']'  (25)

	']'  shift 45
	.  error


state 34
	list_param : p_type . ID  (19)

	ID  shift 46
	.  error


state 35
	func_def : VOID ID '(' opt_list_param . ')' '{' opt_list_local_var statements '}'  (17)

	')'  shift 47
	.  error


state 36
	list_param : list_param . ',' p_type ID  (18)
	opt_list_param : list_param .  (20)

	','  shift 48
	')'  reduce 20


state 37
	main : VOID MAIN '(' ')' . '{' opt_list_local_var statements '}'  (15)

	'{'  shift 49
	.  error


state 38
	struct_type : STRUCT '{' opt_list_fields '}' .  (14)

	.  reduce 14


state 39
	type : p_type .  (26)

	.  reduce 26


state 40
	type : array .  (27)

	.  reduce 27


state 41
	type : struct_type .  (28)

	.  reduce 28


state 42
	opt_list_fields : opt_list_fields type . list_ident ';'  (12)
	array : type . '[' INT_CONSTANT ']'  (25)

	ID  shift 21
	'['  shift 24
	.  error

	list_ident  goto 50


state 43
	func_def : p_type ID '(' opt_list_param . ')' '{' opt_list_local_var statements '}'  (16)

	')'  shift 51
	.  error


state 44
	list_ident : list_ident ',' ID .  (29)

	.  reduce 29


state 45
	array : type '[' INT_CONSTANT ']' .  (25)

	.  reduce 25


state 46
	list_param : p_type ID .  (19)

	.  reduce 19


state 47
	func_def : VOID ID '(' opt_list_param ')' . '{' opt_list_local_var statements '}'  (17)

	'{'  shift 52
	.  error


state 48
	list_param : list_param ',' . p_type ID  (18)

	DOUBLE  shift 4
	CHAR  shift 5
	INT  shift 7
	.  error

	p_type  goto 53


state 49
	main : VOID MAIN '(' ')' '{' . opt_list_local_var statements '}'  (15)
	opt_list_local_var : .  (11)

	.  reduce 11

	opt_list_local_var  goto 54


state 50
	opt_list_fields : opt_list_fields type list_ident . ';'  (12)
	list_ident : list_ident . ',' ID  (29)

	';'  shift 55
	','  shift 30
	.  error


state 51
	func_def : p_type ID '(' opt_list_param ')' . '{' opt_list_local_var statements '}'  (16)

	'{'  shift 56
	.  error


state 52
	func_def : VOID ID '(' opt_list_param ')' '{' . opt_list_local_var statements '}'  (17)
	opt_list_local_var : .  (11)

	.  reduce 11

	opt_list_local_var  goto 57


state 53
	list_param : list_param ',' p_type . ID  (18)

	ID  shift 58
	.  error


state 54
	opt_list_local_var : opt_list_local_var . local_var_def  (10)
	main : VOID MAIN '(' ')' '{' opt_list_local_var . statements '}'  (15)
	statements : .  (32)

	DOUBLE  shift 4
	CHAR  shift 5
	STRUCT  shift 6
	INT  shift 7
	INT_CONSTANT  reduce 32
	REAL_CONSTANT  reduce 32
	RETURN  reduce 32
	ID  reduce 32
	WRITE  reduce 32
	IF  reduce 32
	READ  reduce 32
	WHILE  reduce 32
	CHAR_CONSTANT  reduce 32
	'!'  reduce 32
	'-'  reduce 32
	'('  reduce 32
	'}'  reduce 32

	var_def  goto 59
	p_type  goto 60
	array  goto 13
	struct_type  goto 14
	local_var_def  goto 61
	type  goto 15
	statements  goto 62


state 55
	opt_list_fields : opt_list_fields type list_ident ';' .  (12)

	.  reduce 12


state 56
	func_def : p_type ID '(' opt_list_param ')' '{' . opt_list_local_var statements '}'  (16)
	opt_list_local_var : .  (11)

	.  reduce 11

	opt_list_local_var  goto 63


state 57
	opt_list_local_var : opt_list_local_var . local_var_def  (10)
	func_def : VOID ID '(' opt_list_param ')' '{' opt_list_local_var . statements '}'  (17)
	statements : .  (32)

	DOUBLE  shift 4
	CHAR  shift 5
	STRUCT  shift 6
	INT  shift 7
	INT_CONSTANT  reduce 32
	REAL_CONSTANT  reduce 32
	RETURN  reduce 32
	ID  reduce 32
	WRITE  reduce 32
	IF  reduce 32
	READ  reduce 32
	WHILE  reduce 32
	CHAR_CONSTANT  reduce 32
	'!'  reduce 32
	'-'  reduce 32
	'('  reduce 32
	'}'  reduce 32

	var_def  goto 59
	p_type  goto 60
	array  goto 13
	struct_type  goto 14
	local_var_def  goto 61
	type  goto 15
	statements  goto 64


state 58
	list_param : list_param ',' p_type ID .  (18)

	.  reduce 18


state 59
	local_var_def : var_def .  (9)

	.  reduce 9


state 60
	var_def : p_type . list_ident ';'  (6)
	type : p_type .  (26)

	ID  shift 21
	'['  reduce 26

	list_ident  goto 20


state 61
	opt_list_local_var : opt_list_local_var local_var_def .  (10)

	.  reduce 10


state 62
	main : VOID MAIN '(' ')' '{' opt_list_local_var statements . '}'  (15)
	statements : statements . statement  (31)

	INT_CONSTANT  shift 65
	REAL_CONSTANT  shift 66
	RETURN  shift 67
	ID  shift 68
	WRITE  shift 69
	IF  shift 70
	READ  shift 71
	WHILE  shift 72
	CHAR_CONSTANT  shift 73
	'!'  shift 74
	'-'  shift 75
	'('  shift 76
	'}'  shift 77
	.  error

	statement  goto 78
	exp  goto 79
	if_else  goto 80
	while  goto 81


state 63
	opt_list_local_var : opt_list_local_var . local_var_def  (10)
	func_def : p_type ID '(' opt_list_param ')' '{' opt_list_local_var . statements '}'  (16)
	statements : .  (32)

	DOUBLE  shift 4
	CHAR  shift 5
	STRUCT  shift 6
	INT  shift 7
	INT_CONSTANT  reduce 32
	REAL_CONSTANT  reduce 32
	RETURN  reduce 32
	ID  reduce 32
	WRITE  reduce 32
	IF  reduce 32
	READ  reduce 32
	WHILE  reduce 32
	CHAR_CONSTANT  reduce 32
	'!'  reduce 32
	'-'  reduce 32
	'('  reduce 32
	'}'  reduce 32

	var_def  goto 59
	p_type  goto 60
	array  goto 13
	struct_type  goto 14
	local_var_def  goto 61
	type  goto 15
	statements  goto 82


state 64
	func_def : VOID ID '(' opt_list_param ')' '{' opt_list_local_var statements . '}'  (17)
	statements : statements . statement  (31)

	INT_CONSTANT  shift 65
	REAL_CONSTANT  shift 66
	RETURN  shift 67
	ID  shift 68
	WRITE  shift 69
	IF  shift 70
	READ  shift 71
	WHILE  shift 72
	CHAR_CONSTANT  shift 73
	'!'  shift 74
	'-'  shift 75
	'('  shift 76
	'}'  shift 83
	.  error

	statement  goto 78
	exp  goto 79
	if_else  goto 80
	while  goto 81


state 65
	exp : INT_CONSTANT .  (72)

	.  reduce 72


state 66
	exp : REAL_CONSTANT .  (75)

	.  reduce 75


state 67
	statement : RETURN . exp ';'  (33)

	INT_CONSTANT  shift 65
	REAL_CONSTANT  shift 66
	ID  shift 84
	CHAR_CONSTANT  shift 73
	'!'  shift 74
	'-'  shift 75
	'('  shift 76
	.  error

	exp  goto 85


state 68
	statement : ID . '(' opt_list_exp ')' ';'  (39)
	exp : ID . '(' opt_list_exp ')'  (68)
	exp : ID .  (73)

	'('  shift 86
	EQ  reduce 73
	OR  reduce 73
	AND  reduce 73
	NOT_EQ  reduce 73
	G_EQ  reduce 73
	L_EQ  reduce 73
	'='  reduce 73
	'>'  reduce 73
	'<'  reduce 73
	'+'  reduce 73
	'-'  reduce 73
	'*'  reduce 73
	'/'  reduce 73
	'%'  reduce 73
	'['  reduce 73
	'.'  reduce 73


state 69
	statement : WRITE . list_exp ';'  (35)

	INT_CONSTANT  shift 65
	REAL_CONSTANT  shift 66
	ID  shift 84
	CHAR_CONSTANT  shift 73
	'!'  shift 74
	'-'  shift 75
	'('  shift 76
	.  error

	exp  goto 87
	list_exp  goto 88


state 70
	if_else : IF . '(' exp ')' '{' statements '}' ELSE '{' statements '}'  (42)
	if_else : IF . '(' exp ')' '{' statements '}' ELSE statement  (43)
	if_else : IF . '(' exp ')' statement ELSE '{' statements '}'  (44)
	if_else : IF . '(' exp ')' statement ELSE statement  (45)
	if_else : IF . '(' exp ')' '{' statements '}'  (46)
	if_else : IF . '(' exp ')' statement  (47)

	'('  shift 89
	.  error


state 71
	statement : READ . list_exp ';'  (34)

	INT_CONSTANT  shift 65
	REAL_CONSTANT  shift 66
	ID  shift 84
	CHAR_CONSTANT  shift 73
	'!'  shift 74
	'-'  shift 75
	'('  shift 76
	.  error

	exp  goto 87
	list_exp  goto 90


state 72
	while : WHILE . '(' exp ')' '{' statements '}'  (40)
	while : WHILE . '(' exp ')' statement  (41)

	'('  shift 91
	.  error


state 73
	exp : CHAR_CONSTANT .  (74)

	.  reduce 74


state 74
	exp : '!' . exp  (71)

	INT_CONSTANT  shift 65
	REAL_CONSTANT  shift 66
	ID  shift 84
	CHAR_CONSTANT  shift 73
	'!'  shift 74
	'-'  shift 75
	'('  shift 76
	.  error

	exp  goto 92


state 75
	exp : '-' . exp  (69)

	INT_CONSTANT  shift 65
	REAL_CONSTANT  shift 66
	ID  shift 84
	CHAR_CONSTANT  shift 73
	'!'  shift 74
	'-'  shift 75
	'('  shift 76
	.  error

	exp  goto 93


state 76
	exp : '(' . p_type ')' exp  (65)
	exp : '(' . exp ')'  (70)

	INT_CONSTANT  shift 65
	REAL_CONSTANT  shift 66
	ID  shift 84
	DOUBLE  shift 4
	CHAR  shift 5
	INT  shift 7
	CHAR_CONSTANT  shift 73
	'!'  shift 74
	'-'  shift 75
	'('  shift 76
	.  error

	p_type  goto 94
	exp  goto 95


state 77
	main : VOID MAIN '(' ')' '{' opt_list_local_var statements '}' .  (15)

	.  reduce 15


state 78
	statements : statements statement .  (31)

	.  reduce 31


state 79
	statement : exp . '=' exp ';'  (38)
	exp : exp . '+' exp  (52)
	exp : exp . '*' exp  (53)
	exp : exp . '/' exp  (54)
	exp : exp . '-' exp  (55)
	exp : exp . '%' exp  (56)
	exp : exp . EQ exp  (57)
	exp : exp . NOT_EQ exp  (58)
	exp : exp . '>' exp  (59)
	exp : exp . '<' exp  (60)
	exp : exp . L_EQ exp  (61)
	exp : exp . G_EQ exp  (62)
	exp : exp . AND exp  (63)
	exp : exp . OR exp  (64)
	exp : exp . '[' exp ']'  (66)
	exp : exp . '.' ID  (67)
	exp : exp . '=' exp  (76)

	EQ  shift 96
	OR  shift 97
	AND  shift 98
	NOT_EQ  shift 99
	G_EQ  shift 100
	L_EQ  shift 101
	'='  shift 102
	'>'  shift 103
	'<'  shift 104
	'+'  shift 105
	'-'  shift 106
	'*'  shift 107
	'/'  shift 108
	'%'  shift 109
	'['  shift 110
	'.'  shift 111
	.  error


state 80
	statement : if_else .  (36)

	.  reduce 36


state 81
	statement : while .  (37)

	.  reduce 37


state 82
	func_def : p_type ID '(' opt_list_param ')' '{' opt_list_local_var statements . '}'  (16)
	statements : statements . statement  (31)

	INT_CONSTANT  shift 65
	REAL_CONSTANT  shift 66
	RETURN  shift 67
	ID  shift 68
	WRITE  shift 69
	IF  shift 70
	READ  shift 71
	WHILE  shift 72
	CHAR_CONSTANT  shift 73
	'!'  shift 74
	'-'  shift 75
	'('  shift 76
	'}'  shift 112
	.  error

	statement  goto 78
	exp  goto 79
	if_else  goto 80
	while  goto 81


state 83
	func_def : VOID ID '(' opt_list_param ')' '{' opt_list_local_var statements '}' .  (17)

	.  reduce 17


state 84
	exp : ID . '(' opt_list_exp ')'  (68)
	exp : ID .  (73)

	'('  shift 113
	EQ  reduce 73
	OR  reduce 73
	AND  reduce 73
	NOT_EQ  reduce 73
	G_EQ  reduce 73
	L_EQ  reduce 73
	'='  reduce 73
	'>'  reduce 73
	'<'  reduce 73
	'+'  reduce 73
	'-'  reduce 73
	'*'  reduce 73
	'/'  reduce 73
	'%'  reduce 73
	'['  reduce 73
	']'  reduce 73
	'.'  reduce 73
	')'  reduce 73
	';'  reduce 73
	','  reduce 73


state 85
	statement : RETURN exp . ';'  (33)
	exp : exp . '+' exp  (52)
	exp : exp . '*' exp  (53)
	exp : exp . '/' exp  (54)
	exp : exp . '-' exp  (55)
	exp : exp . '%' exp  (56)
	exp : exp . EQ exp  (57)
	exp : exp . NOT_EQ exp  (58)
	exp : exp . '>' exp  (59)
	exp : exp . '<' exp  (60)
	exp : exp . L_EQ exp  (61)
	exp : exp . G_EQ exp  (62)
	exp : exp . AND exp  (63)
	exp : exp . OR exp  (64)
	exp : exp . '[' exp ']'  (66)
	exp : exp . '.' ID  (67)
	exp : exp . '=' exp  (76)

	EQ  shift 96
	OR  shift 97
	AND  shift 98
	NOT_EQ  shift 99
	G_EQ  shift 100
	L_EQ  shift 101
	'='  shift 114
	'>'  shift 103
	'<'  shift 104
	'+'  shift 105
	'-'  shift 106
	'*'  shift 107
	'/'  shift 108
	'%'  shift 109
	'['  shift 110
	'.'  shift 111
	';'  shift 115
	.  error


state 86
	statement : ID '(' . opt_list_exp ')' ';'  (39)
	exp : ID '(' . opt_list_exp ')'  (68)
	opt_list_exp : .  (49)

	INT_CONSTANT  shift 65
	REAL_CONSTANT  shift 66
	ID  shift 84
	CHAR_CONSTANT  shift 73
	'!'  shift 74
	'-'  shift 75
	'('  shift 76
	')'  reduce 49

	exp  goto 87
	list_exp  goto 116
	opt_list_exp  goto 117


state 87
	list_exp : exp .  (51)
	exp : exp . '+' exp  (52)
	exp : exp . '*' exp  (53)
	exp : exp . '/' exp  (54)
	exp : exp . '-' exp  (55)
	exp : exp . '%' exp  (56)
	exp : exp . EQ exp  (57)
	exp : exp . NOT_EQ exp  (58)
	exp : exp . '>' exp  (59)
	exp : exp . '<' exp  (60)
	exp : exp . L_EQ exp  (61)
	exp : exp . G_EQ exp  (62)
	exp : exp . AND exp  (63)
	exp : exp . OR exp  (64)
	exp : exp . '[' exp ']'  (66)
	exp : exp . '.' ID  (67)
	exp : exp . '=' exp  (76)

	EQ  shift 96
	OR  shift 97
	AND  shift 98
	NOT_EQ  shift 99
	G_EQ  shift 100
	L_EQ  shift 101
	'='  shift 114
	'>'  shift 103
	'<'  shift 104
	'+'  shift 105
	'-'  shift 106
	'*'  shift 107
	'/'  shift 108
	'%'  shift 109
	'['  shift 110
	'.'  shift 111
	')'  reduce 51
	';'  reduce 51
	','  reduce 51


state 88
	statement : WRITE list_exp . ';'  (35)
	list_exp : list_exp . ',' exp  (50)

	';'  shift 118
	','  shift 119
	.  error


state 89
	if_else : IF '(' . exp ')' '{' statements '}' ELSE '{' statements '}'  (42)
	if_else : IF '(' . exp ')' '{' statements '}' ELSE statement  (43)
	if_else : IF '(' . exp ')' statement ELSE '{' statements '}'  (44)
	if_else : IF '(' . exp ')' statement ELSE statement  (45)
	if_else : IF '(' . exp ')' '{' statements '}'  (46)
	if_else : IF '(' . exp ')' statement  (47)

	INT_CONSTANT  shift 65
	REAL_CONSTANT  shift 66
	ID  shift 84
	CHAR_CONSTANT  shift 73
	'!'  shift 74
	'-'  shift 75
	'('  shift 76
	.  error

	exp  goto 120


state 90
	statement : READ list_exp . ';'  (34)
	list_exp : list_exp . ',' exp  (50)

	';'  shift 121
	','  shift 119
	.  error


state 91
	while : WHILE '(' . exp ')' '{' statements '}'  (40)
	while : WHILE '(' . exp ')' statement  (41)

	INT_CONSTANT  shift 65
	REAL_CONSTANT  shift 66
	ID  shift 84
	CHAR_CONSTANT  shift 73
	'!'  shift 74
	'-'  shift 75
	'('  shift 76
	.  error

	exp  goto 122


state 92
	exp : exp . '+' exp  (52)
	exp : exp . '*' exp  (53)
	exp : exp . '/' exp  (54)
	exp : exp . '-' exp  (55)
	exp : exp . '%' exp  (56)
	exp : exp . EQ exp  (57)
	exp : exp . NOT_EQ exp  (58)
	exp : exp . '>' exp  (59)
	exp : exp . '<' exp  (60)
	exp : exp . L_EQ exp  (61)
	exp : exp . G_EQ exp  (62)
	exp : exp . AND exp  (63)
	exp : exp . OR exp  (64)
	exp : exp . '[' exp ']'  (66)
	exp : exp . '.' ID  (67)
	exp : '!' exp .  (71)
	exp : exp . '=' exp  (76)

	EQ  shift 96
	NOT_EQ  shift 99
	G_EQ  shift 100
	L_EQ  shift 101
	'>'  shift 103
	'<'  shift 104
	'+'  shift 105
	'-'  shift 106
	'*'  shift 107
	'/'  shift 108
	'%'  shift 109
	'['  shift 110
	'.'  shift 111
	OR  reduce 71
	AND  reduce 71
	'='  reduce 71
	']'  reduce 71
	')'  reduce 71
	';'  reduce 71
	','  reduce 71


state 93
	exp : exp . '+' exp  (52)
	exp : exp . '*' exp  (53)
	exp : exp . '/' exp  (54)
	exp : exp . '-' exp  (55)
	exp : exp . '%' exp  (56)
	exp : exp . EQ exp  (57)
	exp : exp . NOT_EQ exp  (58)
	exp : exp . '>' exp  (59)
	exp : exp . '<' exp  (60)
	exp : exp . L_EQ exp  (61)
	exp : exp . G_EQ exp  (62)
	exp : exp . AND exp  (63)
	exp : exp . OR exp  (64)
	exp : exp . '[' exp ']'  (66)
	exp : exp . '.' ID  (67)
	exp : '-' exp .  (69)
	exp : exp . '=' exp  (76)

	'['  shift 110
	'.'  shift 111
	EQ  reduce 69
	OR  reduce 69
	AND  reduce 69
	NOT_EQ  reduce 69
	G_EQ  reduce 69
	L_EQ  reduce 69
	'='  reduce 69
	'>'  reduce 69
	'<'  reduce 69
	'+'  reduce 69
	'-'  reduce 69
	'*'  reduce 69
	'/'  reduce 69
	'%'  reduce 69
	']'  reduce 69
	')'  reduce 69
	';'  reduce 69
	','  reduce 69


state 94
	exp : '(' p_type . ')' exp  (65)

	')'  shift 123
	.  error


state 95
	exp : exp . '+' exp  (52)
	exp : exp . '*' exp  (53)
	exp : exp . '/' exp  (54)
	exp : exp . '-' exp  (55)
	exp : exp . '%' exp  (56)
	exp : exp . EQ exp  (57)
	exp : exp . NOT_EQ exp  (58)
	exp : exp . '>' exp  (59)
	exp : exp . '<' exp  (60)
	exp : exp . L_EQ exp  (61)
	exp : exp . G_EQ exp  (62)
	exp : exp . AND exp  (63)
	exp : exp . OR exp  (64)
	exp : exp . '[' exp ']'  (66)
	exp : exp . '.' ID  (67)
	exp : '(' exp . ')'  (70)
	exp : exp . '=' exp  (76)

	EQ  shift 96
	OR  shift 97
	AND  shift 98
	NOT_EQ  shift 99
	G_EQ  shift 100
	L_EQ  shift 101
	'='  shift 114
	'>'  shift 103
	'<'  shift 104
	'+'  shift 105
	'-'  shift 106
	'*'  shift 107
	'/'  shift 108
	'%'  shift 109
	'['  shift 110
	'.'  shift 111
	')'  shift 124
	.  error


state 96
	exp : exp EQ . exp  (57)

	INT_CONSTANT  shift 65
	REAL_CONSTANT  shift 66
	ID  shift 84
	CHAR_CONSTANT  shift 73
	'!'  shift 74
	'-'  shift 75
	'('  shift 76
	.  error

	exp  goto 125


state 97
	exp : exp OR . exp  (64)

	INT_CONSTANT  shift 65
	REAL_CONSTANT  shift 66
	ID  shift 84
	CHAR_CONSTANT  shift 73
	'!'  shift 74
	'-'  shift 75
	'('  shift 76
	.  error

	exp  goto 126


state 98
	exp : exp AND . exp  (63)

	INT_CONSTANT  shift 65
	REAL_CONSTANT  shift 66
	ID  shift 84
	CHAR_CONSTANT  shift 73
	'!'  shift 74
	'-'  shift 75
	'('  shift 76
	.  error

	exp  goto 127


state 99
	exp : exp NOT_EQ . exp  (58)

	INT_CONSTANT  shift 65
	REAL_CONSTANT  shift 66
	ID  shift 84
	CHAR_CONSTANT  shift 73
	'!'  shift 74
	'-'  shift 75
	'('  shift 76
	.  error

	exp  goto 128


state 100
	exp : exp G_EQ . exp  (62)

	INT_CONSTANT  shift 65
	REAL_CONSTANT  shift 66
	ID  shift 84
	CHAR_CONSTANT  shift 73
	'!'  shift 74
	'-'  shift 75
	'('  shift 76
	.  error

	exp  goto 129


state 101
	exp : exp L_EQ . exp  (61)

	INT_CONSTANT  shift 65
	REAL_CONSTANT  shift 66
	ID  shift 84
	CHAR_CONSTANT  shift 73
	'!'  shift 74
	'-'  shift 75
	'('  shift 76
	.  error

	exp  goto 130


state 102
	statement : exp '=' . exp ';'  (38)
	exp : exp '=' . exp  (76)

	INT_CONSTANT  shift 65
	REAL_CONSTANT  shift 66
	ID  shift 84
	CHAR_CONSTANT  shift 73
	'!'  shift 74
	'-'  shift 75
	'('  shift 76
	.  error

	exp  goto 131


state 103
	exp : exp '>' . exp  (59)

	INT_CONSTANT  shift 65
	REAL_CONSTANT  shift 66
	ID  shift 84
	CHAR_CONSTANT  shift 73
	'!'  shift 74
	'-'  shift 75
	'('  shift 76
	.  error

	exp  goto 132


state 104
	exp : exp '<' . exp  (60)

	INT_CONSTANT  shift 65
	REAL_CONSTANT  shift 66
	ID  shift 84
	CHAR_CONSTANT  shift 73
	'!'  shift 74
	'-'  shift 75
	'('  shift 76
	.  error

	exp  goto 133


state 105
	exp : exp '+' . exp  (52)

	INT_CONSTANT  shift 65
	REAL_CONSTANT  shift 66
	ID  shift 84
	CHAR_CONSTANT  shift 73
	'!'  shift 74
	'-'  shift 75
	'('  shift 76
	.  error

	exp  goto 134


state 106
	exp : exp '-' . exp  (55)

	INT_CONSTANT  shift 65
	REAL_CONSTANT  shift 66
	ID  shift 84
	CHAR_CONSTANT  shift 73
	'!'  shift 74
	'-'  shift 75
	'('  shift 76
	.  error

	exp  goto 135


state 107
	exp : exp '*' . exp  (53)

	INT_CONSTANT  shift 65
	REAL_CONSTANT  shift 66
	ID  shift 84
	CHAR_CONSTANT  shift 73
	'!'  shift 74
	'-'  shift 75
	'('  shift 76
	.  error

	exp  goto 136


state 108
	exp : exp '/' . exp  (54)

	INT_CONSTANT  shift 65
	REAL_CONSTANT  shift 66
	ID  shift 84
	CHAR_CONSTANT  shift 73
	'!'  shift 74
	'-'  shift 75
	'('  shift 76
	.  error

	exp  goto 137


state 109
	exp : exp '%' . exp  (56)

	INT_CONSTANT  shift 65
	REAL_CONSTANT  shift 66
	ID  shift 84
	CHAR_CONSTANT  shift 73
	'!'  shift 74
	'-'  shift 75
	'('  shift 76
	.  error

	exp  goto 138


state 110
	exp : exp '[' . exp ']'  (66)

	INT_CONSTANT  shift 65
	REAL_CONSTANT  shift 66
	ID  shift 84
	CHAR_CONSTANT  shift 73
	'!'  shift 74
	'-'  shift 75
	'('  shift 76
	.  error

	exp  goto 139


state 111
	exp : exp '.' . ID  (67)

	ID  shift 140
	.  error


state 112
	func_def : p_type ID '(' opt_list_param ')' '{' opt_list_local_var statements '}' .  (16)

	.  reduce 16


state 113
	exp : ID '(' . opt_list_exp ')'  (68)
	opt_list_exp : .  (49)

	INT_CONSTANT  shift 65
	REAL_CONSTANT  shift 66
	ID  shift 84
	CHAR_CONSTANT  shift 73
	'!'  shift 74
	'-'  shift 75
	'('  shift 76
	')'  reduce 49

	exp  goto 87
	list_exp  goto 116
	opt_list_exp  goto 141


state 114
	exp : exp '=' . exp  (76)

	INT_CONSTANT  shift 65
	REAL_CONSTANT  shift 66
	ID  shift 84
	CHAR_CONSTANT  shift 73
	'!'  shift 74
	'-'  shift 75
	'('  shift 76
	.  error

	exp  goto 142


state 115
	statement : RETURN exp ';' .  (33)

	.  reduce 33


state 116
	opt_list_exp : list_exp .  (48)
	list_exp : list_exp . ',' exp  (50)

	','  shift 119
	')'  reduce 48


state 117
	statement : ID '(' opt_list_exp . ')' ';'  (39)
	exp : ID '(' opt_list_exp . ')'  (68)

	')'  shift 143
	.  error


state 118
	statement : WRITE list_exp ';' .  (35)

	.  reduce 35


state 119
	list_exp : list_exp ',' . exp  (50)

	INT_CONSTANT  shift 65
	REAL_CONSTANT  shift 66
	ID  shift 84
	CHAR_CONSTANT  shift 73
	'!'  shift 74
	'-'  shift 75
	'('  shift 76
	.  error

	exp  goto 144


state 120
	if_else : IF '(' exp . ')' '{' statements '}' ELSE '{' statements '}'  (42)
	if_else : IF '(' exp . ')' '{' statements '}' ELSE statement  (43)
	if_else : IF '(' exp . ')' statement ELSE '{' statements '}'  (44)
	if_else : IF '(' exp . ')' statement ELSE statement  (45)
	if_else : IF '(' exp . ')' '{' statements '}'  (46)
	if_else : IF '(' exp . ')' statement  (47)
	exp : exp . '+' exp  (52)
	exp : exp . '*' exp  (53)
	exp : exp . '/' exp  (54)
	exp : exp . '-' exp  (55)
	exp : exp . '%' exp  (56)
	exp : exp . EQ exp  (57)
	exp : exp . NOT_EQ exp  (58)
	exp : exp . '>' exp  (59)
	exp : exp . '<' exp  (60)
	exp : exp . L_EQ exp  (61)
	exp : exp . G_EQ exp  (62)
	exp : exp . AND exp  (63)
	exp : exp . OR exp  (64)
	exp : exp . '[' exp ']'  (66)
	exp : exp . '.' ID  (67)
	exp : exp . '=' exp  (76)

	EQ  shift 96
	OR  shift 97
	AND  shift 98
	NOT_EQ  shift 99
	G_EQ  shift 100
	L_EQ  shift 101
	'='  shift 114
	'>'  shift 103
	'<'  shift 104
	'+'  shift 105
	'-'  shift 106
	'*'  shift 107
	'/'  shift 108
	'%'  shift 109
	'['  shift 110
	'.'  shift 111
	')'  shift 145
	.  error


state 121
	statement : READ list_exp ';' .  (34)

	.  reduce 34


state 122
	while : WHILE '(' exp . ')' '{' statements '}'  (40)
	while : WHILE '(' exp . ')' statement  (41)
	exp : exp . '+' exp  (52)
	exp : exp . '*' exp  (53)
	exp : exp . '/' exp  (54)
	exp : exp . '-' exp  (55)
	exp : exp . '%' exp  (56)
	exp : exp . EQ exp  (57)
	exp : exp . NOT_EQ exp  (58)
	exp : exp . '>' exp  (59)
	exp : exp . '<' exp  (60)
	exp : exp . L_EQ exp  (61)
	exp : exp . G_EQ exp  (62)
	exp : exp . AND exp  (63)
	exp : exp . OR exp  (64)
	exp : exp . '[' exp ']'  (66)
	exp : exp . '.' ID  (67)
	exp : exp . '=' exp  (76)

	EQ  shift 96
	OR  shift 97
	AND  shift 98
	NOT_EQ  shift 99
	G_EQ  shift 100
	L_EQ  shift 101
	'='  shift 114
	'>'  shift 103
	'<'  shift 104
	'+'  shift 105
	'-'  shift 106
	'*'  shift 107
	'/'  shift 108
	'%'  shift 109
	'['  shift 110
	'.'  shift 111
	')'  shift 146
	.  error


state 123
	exp : '(' p_type ')' . exp  (65)

	INT_CONSTANT  shift 65
	REAL_CONSTANT  shift 66
	ID  shift 84
	CHAR_CONSTANT  shift 73
	'!'  shift 74
	'-'  shift 75
	'('  shift 76
	.  error

	exp  goto 147


state 124
	exp : '(' exp ')' .  (70)

	.  reduce 70


state 125
	exp : exp . '+' exp  (52)
	exp : exp . '*' exp  (53)
	exp : exp . '/' exp  (54)
	exp : exp . '-' exp  (55)
	exp : exp . '%' exp  (56)
	exp : exp . EQ exp  (57)
	exp : exp EQ exp .  (57)
	exp : exp . NOT_EQ exp  (58)
	exp : exp . '>' exp  (59)
	exp : exp . '<' exp  (60)
	exp : exp . L_EQ exp  (61)
	exp : exp . G_EQ exp  (62)
	exp : exp . AND exp  (63)
	exp : exp . OR exp  (64)
	exp : exp . '[' exp ']'  (66)
	exp : exp . '.' ID  (67)
	exp : exp . '=' exp  (76)

	G_EQ  shift 100
	L_EQ  shift 101
	'>'  shift 103
	'<'  shift 104
	'+'  shift 105
	'-'  shift 106
	'*'  shift 107
	'/'  shift 108
	'%'  shift 109
	'['  shift 110
	'.'  shift 111
	EQ  reduce 57
	OR  reduce 57
	AND  reduce 57
	NOT_EQ  reduce 57
	'='  reduce 57
	']'  reduce 57
	')'  reduce 57
	';'  reduce 57
	','  reduce 57


state 126
	exp : exp . '+' exp  (52)
	exp : exp . '*' exp  (53)
	exp : exp . '/' exp  (54)
	exp : exp . '-' exp  (55)
	exp : exp . '%' exp  (56)
	exp : exp . EQ exp  (57)
	exp : exp . NOT_EQ exp  (58)
	exp : exp . '>' exp  (59)
	exp : exp . '<' exp  (60)
	exp : exp . L_EQ exp  (61)
	exp : exp . G_EQ exp  (62)
	exp : exp . AND exp  (63)
	exp : exp . OR exp  (64)
	exp : exp OR exp .  (64)
	exp : exp . '[' exp ']'  (66)
	exp : exp . '.' ID  (67)
	exp : exp . '=' exp  (76)

	EQ  shift 96
	NOT_EQ  shift 99
	G_EQ  shift 100
	L_EQ  shift 101
	'>'  shift 103
	'<'  shift 104
	'+'  shift 105
	'-'  shift 106
	'*'  shift 107
	'/'  shift 108
	'%'  shift 109
	'['  shift 110
	'.'  shift 111
	OR  reduce 64
	AND  reduce 64
	'='  reduce 64
	']'  reduce 64
	')'  reduce 64
	';'  reduce 64
	','  reduce 64


state 127
	exp : exp . '+' exp  (52)
	exp : exp . '*' exp  (53)
	exp : exp . '/' exp  (54)
	exp : exp . '-' exp  (55)
	exp : exp . '%' exp  (56)
	exp : exp . EQ exp  (57)
	exp : exp . NOT_EQ exp  (58)
	exp : exp . '>' exp  (59)
	exp : exp . '<' exp  (60)
	exp : exp . L_EQ exp  (61)
	exp : exp . G_EQ exp  (62)
	exp : exp . AND exp  (63)
	exp : exp AND exp .  (63)
	exp : exp . OR exp  (64)
	exp : exp . '[' exp ']'  (66)
	exp : exp . '.' ID  (67)
	exp : exp . '=' exp  (76)

	EQ  shift 96
	NOT_EQ  shift 99
	G_EQ  shift 100
	L_EQ  shift 101
	'>'  shift 103
	'<'  shift 104
	'+'  shift 105
	'-'  shift 106
	'*'  shift 107
	'/'  shift 108
	'%'  shift 109
	'['  shift 110
	'.'  shift 111
	OR  reduce 63
	AND  reduce 63
	'='  reduce 63
	']'  reduce 63
	')'  reduce 63
	';'  reduce 63
	','  reduce 63


state 128
	exp : exp . '+' exp  (52)
	exp : exp . '*' exp  (53)
	exp : exp . '/' exp  (54)
	exp : exp . '-' exp  (55)
	exp : exp . '%' exp  (56)
	exp : exp . EQ exp  (57)
	exp : exp . NOT_EQ exp  (58)
	exp : exp NOT_EQ exp .  (58)
	exp : exp . '>' exp  (59)
	exp : exp . '<' exp  (60)
	exp : exp . L_EQ exp  (61)
	exp : exp . G_EQ exp  (62)
	exp : exp . AND exp  (63)
	exp : exp . OR exp  (64)
	exp : exp . '[' exp ']'  (66)
	exp : exp . '.' ID  (67)
	exp : exp . '=' exp  (76)

	G_EQ  shift 100
	L_EQ  shift 101
	'>'  shift 103
	'<'  shift 104
	'+'  shift 105
	'-'  shift 106
	'*'  shift 107
	'/'  shift 108
	'%'  shift 109
	'['  shift 110
	'.'  shift 111
	EQ  reduce 58
	OR  reduce 58
	AND  reduce 58
	NOT_EQ  reduce 58
	'='  reduce 58
	']'  reduce 58
	')'  reduce 58
	';'  reduce 58
	','  reduce 58


state 129
	exp : exp . '+' exp  (52)
	exp : exp . '*' exp  (53)
	exp : exp . '/' exp  (54)
	exp : exp . '-' exp  (55)
	exp : exp . '%' exp  (56)
	exp : exp . EQ exp  (57)
	exp : exp . NOT_EQ exp  (58)
	exp : exp . '>' exp  (59)
	exp : exp . '<' exp  (60)
	exp : exp . L_EQ exp  (61)
	exp : exp . G_EQ exp  (62)
	exp : exp G_EQ exp .  (62)
	exp : exp . AND exp  (63)
	exp : exp . OR exp  (64)
	exp : exp . '[' exp ']'  (66)
	exp : exp . '.' ID  (67)
	exp : exp . '=' exp  (76)

	'+'  shift 105
	'-'  shift 106
	'*'  shift 107
	'/'  shift 108
	'%'  shift 109
	'['  shift 110
	'.'  shift 111
	EQ  reduce 62
	OR  reduce 62
	AND  reduce 62
	NOT_EQ  reduce 62
	G_EQ  reduce 62
	L_EQ  reduce 62
	'='  reduce 62
	'>'  reduce 62
	'<'  reduce 62
	']'  reduce 62
	')'  reduce 62
	';'  reduce 62
	','  reduce 62


state 130
	exp : exp . '+' exp  (52)
	exp : exp . '*' exp  (53)
	exp : exp . '/' exp  (54)
	exp : exp . '-' exp  (55)
	exp : exp . '%' exp  (56)
	exp : exp . EQ exp  (57)
	exp : exp . NOT_EQ exp  (58)
	exp : exp . '>' exp  (59)
	exp : exp . '<' exp  (60)
	exp : exp . L_EQ exp  (61)
	exp : exp L_EQ exp .  (61)
	exp : exp . G_EQ exp  (62)
	exp : exp . AND exp  (63)
	exp : exp . OR exp  (64)
	exp : exp . '[' exp ']'  (66)
	exp : exp . '.' ID  (67)
	exp : exp . '=' exp  (76)

	'+'  shift 105
	'-'  shift 106
	'*'  shift 107
	'/'  shift 108
	'%'  shift 109
	'['  shift 110
	'.'  shift 111
	EQ  reduce 61
	OR  reduce 61
	AND  reduce 61
	NOT_EQ  reduce 61
	G_EQ  reduce 61
	L_EQ  reduce 61
	'='  reduce 61
	'>'  reduce 61
	'<'  reduce 61
	']'  reduce 61
	')'  reduce 61
	';'  reduce 61
	','  reduce 61


state 131
	statement : exp '=' exp . ';'  (38)
	exp : exp . '+' exp  (52)
	exp : exp . '*' exp  (53)
	exp : exp . '/' exp  (54)
	exp : exp . '-' exp  (55)
	exp : exp . '%' exp  (56)
	exp : exp . EQ exp  (57)
	exp : exp . NOT_EQ exp  (58)
	exp : exp . '>' exp  (59)
	exp : exp . '<' exp  (60)
	exp : exp . L_EQ exp  (61)
	exp : exp . G_EQ exp  (62)
	exp : exp . AND exp  (63)
	exp : exp . OR exp  (64)
	exp : exp . '[' exp ']'  (66)
	exp : exp . '.' ID  (67)
	exp : exp . '=' exp  (76)
	exp : exp '=' exp .  (76)

	EQ  shift 96
	OR  shift 97
	AND  shift 98
	NOT_EQ  shift 99
	G_EQ  shift 100
	L_EQ  shift 101
	'='  shift 114
	'>'  shift 103
	'<'  shift 104
	'+'  shift 105
	'-'  shift 106
	'*'  shift 107
	'/'  shift 108
	'%'  shift 109
	'['  shift 110
	'.'  shift 111
	';'  shift 148
	.  error


state 132
	exp : exp . '+' exp  (52)
	exp : exp . '*' exp  (53)
	exp : exp . '/' exp  (54)
	exp : exp . '-' exp  (55)
	exp : exp . '%' exp  (56)
	exp : exp . EQ exp  (57)
	exp : exp . NOT_EQ exp  (58)
	exp : exp . '>' exp  (59)
	exp : exp '>' exp .  (59)
	exp : exp . '<' exp  (60)
	exp : exp . L_EQ exp  (61)
	exp : exp . G_EQ exp  (62)
	exp : exp . AND exp  (63)
	exp : exp . OR exp  (64)
	exp : exp . '[' exp ']'  (66)
	exp : exp . '.' ID  (67)
	exp : exp . '=' exp  (76)

	'+'  shift 105
	'-'  shift 106
	'*'  shift 107
	'/'  shift 108
	'%'  shift 109
	'['  shift 110
	'.'  shift 111
	EQ  reduce 59
	OR  reduce 59
	AND  reduce 59
	NOT_EQ  reduce 59
	G_EQ  reduce 59
	L_EQ  reduce 59
	'='  reduce 59
	'>'  reduce 59
	'<'  reduce 59
	']'  reduce 59
	')'  reduce 59
	';'  reduce 59
	','  reduce 59


state 133
	exp : exp . '+' exp  (52)
	exp : exp . '*' exp  (53)
	exp : exp . '/' exp  (54)
	exp : exp . '-' exp  (55)
	exp : exp . '%' exp  (56)
	exp : exp . EQ exp  (57)
	exp : exp . NOT_EQ exp  (58)
	exp : exp . '>' exp  (59)
	exp : exp . '<' exp  (60)
	exp : exp '<' exp .  (60)
	exp : exp . L_EQ exp  (61)
	exp : exp . G_EQ exp  (62)
	exp : exp . AND exp  (63)
	exp : exp . OR exp  (64)
	exp : exp . '[' exp ']'  (66)
	exp : exp . '.' ID  (67)
	exp : exp . '=' exp  (76)

	'+'  shift 105
	'-'  shift 106
	'*'  shift 107
	'/'  shift 108
	'%'  shift 109
	'['  shift 110
	'.'  shift 111
	EQ  reduce 60
	OR  reduce 60
	AND  reduce 60
	NOT_EQ  reduce 60
	G_EQ  reduce 60
	L_EQ  reduce 60
	'='  reduce 60
	'>'  reduce 60
	'<'  reduce 60
	']'  reduce 60
	')'  reduce 60
	';'  reduce 60
	','  reduce 60


state 134
	exp : exp . '+' exp  (52)
	exp : exp '+' exp .  (52)
	exp : exp . '*' exp  (53)
	exp : exp . '/' exp  (54)
	exp : exp . '-' exp  (55)
	exp : exp . '%' exp  (56)
	exp : exp . EQ exp  (57)
	exp : exp . NOT_EQ exp  (58)
	exp : exp . '>' exp  (59)
	exp : exp . '<' exp  (60)
	exp : exp . L_EQ exp  (61)
	exp : exp . G_EQ exp  (62)
	exp : exp . AND exp  (63)
	exp : exp . OR exp  (64)
	exp : exp . '[' exp ']'  (66)
	exp : exp . '.' ID  (67)
	exp : exp . '=' exp  (76)

	'*'  shift 107
	'/'  shift 108
	'%'  shift 109
	'['  shift 110
	'.'  shift 111
	EQ  reduce 52
	OR  reduce 52
	AND  reduce 52
	NOT_EQ  reduce 52
	G_EQ  reduce 52
	L_EQ  reduce 52
	'='  reduce 52
	'>'  reduce 52
	'<'  reduce 52
	'+'  reduce 52
	'-'  reduce 52
	']'  reduce 52
	')'  reduce 52
	';'  reduce 52
	','  reduce 52


state 135
	exp : exp . '+' exp  (52)
	exp : exp . '*' exp  (53)
	exp : exp . '/' exp  (54)
	exp : exp . '-' exp  (55)
	exp : exp '-' exp .  (55)
	exp : exp . '%' exp  (56)
	exp : exp . EQ exp  (57)
	exp : exp . NOT_EQ exp  (58)
	exp : exp . '>' exp  (59)
	exp : exp . '<' exp  (60)
	exp : exp . L_EQ exp  (61)
	exp : exp . G_EQ exp  (62)
	exp : exp . AND exp  (63)
	exp : exp . OR exp  (64)
	exp : exp . '[' exp ']'  (66)
	exp : exp . '.' ID  (67)
	exp : exp . '=' exp  (76)

	'*'  shift 107
	'/'  shift 108
	'%'  shift 109
	'['  shift 110
	'.'  shift 111
	EQ  reduce 55
	OR  reduce 55
	AND  reduce 55
	NOT_EQ  reduce 55
	G_EQ  reduce 55
	L_EQ  reduce 55
	'='  reduce 55
	'>'  reduce 55
	'<'  reduce 55
	'+'  reduce 55
	'-'  reduce 55
	']'  reduce 55
	')'  reduce 55
	';'  reduce 55
	','  reduce 55


state 136
	exp : exp . '+' exp  (52)
	exp : exp . '*' exp  (53)
	exp : exp '*' exp .  (53)
	exp : exp . '/' exp  (54)
	exp : exp . '-' exp  (55)
	exp : exp . '%' exp  (56)
	exp : exp . EQ exp  (57)
	exp : exp . NOT_EQ exp  (58)
	exp : exp . '>' exp  (59)
	exp : exp . '<' exp  (60)
	exp : exp . L_EQ exp  (61)
	exp : exp . G_EQ exp  (62)
	exp : exp . AND exp  (63)
	exp : exp . OR exp  (64)
	exp : exp . '[' exp ']'  (66)
	exp : exp . '.' ID  (67)
	exp : exp . '=' exp  (76)

	'['  shift 110
	'.'  shift 111
	EQ  reduce 53
	OR  reduce 53
	AND  reduce 53
	NOT_EQ  reduce 53
	G_EQ  reduce 53
	L_EQ  reduce 53
	'='  reduce 53
	'>'  reduce 53
	'<'  reduce 53
	'+'  reduce 53
	'-'  reduce 53
	'*'  reduce 53
	'/'  reduce 53
	'%'  reduce 53
	']'  reduce 53
	')'  reduce 53
	';'  reduce 53
	','  reduce 53


state 137
	exp : exp . '+' exp  (52)
	exp : exp . '*' exp  (53)
	exp : exp . '/' exp  (54)
	exp : exp '/' exp .  (54)
	exp : exp . '-' exp  (55)
	exp : exp . '%' exp  (56)
	exp : exp . EQ exp  (57)
	exp : exp . NOT_EQ exp  (58)
	exp : exp . '>' exp  (59)
	exp : exp . '<' exp  (60)
	exp : exp . L_EQ exp  (61)
	exp : exp . G_EQ exp  (62)
	exp : exp . AND exp  (63)
	exp : exp . OR exp  (64)
	exp : exp . '[' exp ']'  (66)
	exp : exp . '.' ID  (67)
	exp : exp . '=' exp  (76)

	'['  shift 110
	'.'  shift 111
	EQ  reduce 54
	OR  reduce 54
	AND  reduce 54
	NOT_EQ  reduce 54
	G_EQ  reduce 54
	L_EQ  reduce 54
	'='  reduce 54
	'>'  reduce 54
	'<'  reduce 54
	'+'  reduce 54
	'-'  reduce 54
	'*'  reduce 54
	'/'  reduce 54
	'%'  reduce 54
	']'  reduce 54
	')'  reduce 54
	';'  reduce 54
	','  reduce 54


state 138
	exp : exp . '+' exp  (52)
	exp : exp . '*' exp  (53)
	exp : exp . '/' exp  (54)
	exp : exp . '-' exp  (55)
	exp : exp . '%' exp  (56)
	exp : exp '%' exp .  (56)
	exp : exp . EQ exp  (57)
	exp : exp . NOT_EQ exp  (58)
	exp : exp . '>' exp  (59)
	exp : exp . '<' exp  (60)
	exp : exp . L_EQ exp  (61)
	exp : exp . G_EQ exp  (62)
	exp : exp . AND exp  (63)
	exp : exp . OR exp  (64)
	exp : exp . '[' exp ']'  (66)
	exp : exp . '.' ID  (67)
	exp : exp . '=' exp  (76)

	'['  shift 110
	'.'  shift 111
	EQ  reduce 56
	OR  reduce 56
	AND  reduce 56
	NOT_EQ  reduce 56
	G_EQ  reduce 56
	L_EQ  reduce 56
	'='  reduce 56
	'>'  reduce 56
	'<'  reduce 56
	'+'  reduce 56
	'-'  reduce 56
	'*'  reduce 56
	'/'  reduce 56
	'%'  reduce 56
	']'  reduce 56
	')'  reduce 56
	';'  reduce 56
	','  reduce 56


state 139
	exp : exp . '+' exp  (52)
	exp : exp . '*' exp  (53)
	exp : exp . '/' exp  (54)
	exp : exp . '-' exp  (55)
	exp : exp . '%' exp  (56)
	exp : exp . EQ exp  (57)
	exp : exp . NOT_EQ exp  (58)
	exp : exp . '>' exp  (59)
	exp : exp . '<' exp  (60)
	exp : exp . L_EQ exp  (61)
	exp : exp . G_EQ exp  (62)
	exp : exp . AND exp  (63)
	exp : exp . OR exp  (64)
	exp : exp . '[' exp ']'  (66)
	exp : exp '[' exp . ']'  (66)
	exp : exp . '.' ID  (67)
	exp : exp . '=' exp  (76)

	EQ  shift 96
	OR  shift 97
	AND  shift 98
	NOT_EQ  shift 99
	G_EQ  shift 100
	L_EQ  shift 101
	'='  shift 114
	'>'  shift 103
	'<'  shift 104
	'+'  shift 105
	'-'  shift 106
	'*'  shift 107
	'/'  shift 108
	'%'  shift 109
	'['  shift 110
	']'  shift 149
	'.'  shift 111
	.  error


state 140
	exp : exp '.' ID .  (67)

	.  reduce 67


state 141
	exp : ID '(' opt_list_exp . ')'  (68)

	')'  shift 150
	.  error


state 142
	exp : exp . '+' exp  (52)
	exp : exp . '*' exp  (53)
	exp : exp . '/' exp  (54)
	exp : exp . '-' exp  (55)
	exp : exp . '%' exp  (56)
	exp : exp . EQ exp  (57)
	exp : exp . NOT_EQ exp  (58)
	exp : exp . '>' exp  (59)
	exp : exp . '<' exp  (60)
	exp : exp . L_EQ exp  (61)
	exp : exp . G_EQ exp  (62)
	exp : exp . AND exp  (63)
	exp : exp . OR exp  (64)
	exp : exp . '[' exp ']'  (66)
	exp : exp . '.' ID  (67)
	exp : exp . '=' exp  (76)
	exp : exp '=' exp .  (76)

	EQ  shift 96
	OR  shift 97
	AND  shift 98
	NOT_EQ  shift 99
	G_EQ  shift 100
	L_EQ  shift 101
	'='  shift 114
	'>'  shift 103
	'<'  shift 104
	'+'  shift 105
	'-'  shift 106
	'*'  shift 107
	'/'  shift 108
	'%'  shift 109
	'['  shift 110
	'.'  shift 111
	']'  reduce 76
	')'  reduce 76
	';'  reduce 76
	','  reduce 76


state 143
	statement : ID '(' opt_list_exp ')' . ';'  (39)
	exp : ID '(' opt_list_exp ')' .  (68)

	';'  shift 151
	EQ  reduce 68
	OR  reduce 68
	AND  reduce 68
	NOT_EQ  reduce 68
	G_EQ  reduce 68
	L_EQ  reduce 68
	'='  reduce 68
	'>'  reduce 68
	'<'  reduce 68
	'+'  reduce 68
	'-'  reduce 68
	'*'  reduce 68
	'/'  reduce 68
	'%'  reduce 68
	'['  reduce 68
	'.'  reduce 68


state 144
	list_exp : list_exp ',' exp .  (50)
	exp : exp . '+' exp  (52)
	exp : exp . '*' exp  (53)
	exp : exp . '/' exp  (54)
	exp : exp . '-' exp  (55)
	exp : exp . '%' exp  (56)
	exp : exp . EQ exp  (57)
	exp : exp . NOT_EQ exp  (58)
	exp : exp . '>' exp  (59)
	exp : exp . '<' exp  (60)
	exp : exp . L_EQ exp  (61)
	exp : exp . G_EQ exp  (62)
	exp : exp . AND exp  (63)
	exp : exp . OR exp  (64)
	exp : exp . '[' exp ']'  (66)
	exp : exp . '.' ID  (67)
	exp : exp . '=' exp  (76)

	EQ  shift 96
	OR  shift 97
	AND  shift 98
	NOT_EQ  shift 99
	G_EQ  shift 100
	L_EQ  shift 101
	'='  shift 114
	'>'  shift 103
	'<'  shift 104
	'+'  shift 105
	'-'  shift 106
	'*'  shift 107
	'/'  shift 108
	'%'  shift 109
	'['  shift 110
	'.'  shift 111
	')'  reduce 50
	';'  reduce 50
	','  reduce 50


state 145
	if_else : IF '(' exp ')' . '{' statements '}' ELSE '{' statements '}'  (42)
	if_else : IF '(' exp ')' . '{' statements '}' ELSE statement  (43)
	if_else : IF '(' exp ')' . statement ELSE '{' statements '}'  (44)
	if_else : IF '(' exp ')' . statement ELSE statement  (45)
	if_else : IF '(' exp ')' . '{' statements '}'  (46)
	if_else : IF '(' exp ')' . statement  (47)

	INT_CONSTANT  shift 65
	REAL_CONSTANT  shift 66
	RETURN  shift 67
	ID  shift 68
	WRITE  shift 69
	IF  shift 70
	READ  shift 71
	WHILE  shift 72
	CHAR_CONSTANT  shift 73
	'!'  shift 74
	'-'  shift 75
	'('  shift 76
	'{'  shift 152
	.  error

	statement  goto 153
	exp  goto 79
	if_else  goto 80
	while  goto 81


state 146
	while : WHILE '(' exp ')' . '{' statements '}'  (40)
	while : WHILE '(' exp ')' . statement  (41)

	INT_CONSTANT  shift 65
	REAL_CONSTANT  shift 66
	RETURN  shift 67
	ID  shift 68
	WRITE  shift 69
	IF  shift 70
	READ  shift 71
	WHILE  shift 72
	CHAR_CONSTANT  shift 73
	'!'  shift 74
	'-'  shift 75
	'('  shift 76
	'{'  shift 154
	.  error

	statement  goto 155
	exp  goto 79
	if_else  goto 80
	while  goto 81


state 147
	exp : exp . '+' exp  (52)
	exp : exp . '*' exp  (53)
	exp : exp . '/' exp  (54)
	exp : exp . '-' exp  (55)
	exp : exp . '%' exp  (56)
	exp : exp . EQ exp  (57)
	exp : exp . NOT_EQ exp  (58)
	exp : exp . '>' exp  (59)
	exp : exp . '<' exp  (60)
	exp : exp . L_EQ exp  (61)
	exp : exp . G_EQ exp  (62)
	exp : exp . AND exp  (63)
	exp : exp . OR exp  (64)
	exp : '(' p_type ')' exp .  (65)
	exp : exp . '[' exp ']'  (66)
	exp : exp . '.' ID  (67)
	exp : exp . '=' exp  (76)

	'['  shift 110
	'.'  shift 111
	EQ  reduce 65
	OR  reduce 65
	AND  reduce 65
	NOT_EQ  reduce 65
	G_EQ  reduce 65
	L_EQ  reduce 65
	'='  reduce 65
	'>'  reduce 65
	'<'  reduce 65
	'+'  reduce 65
	'-'  reduce 65
	'*'  reduce 65
	'/'  reduce 65
	'%'  reduce 65
	']'  reduce 65
	')'  reduce 65
	';'  reduce 65
	','  reduce 65


state 148
	statement : exp '=' exp ';' .  (38)

	.  reduce 38


state 149
	exp : exp '[' exp ']' .  (66)

	.  reduce 66


state 150
	exp : ID '(' opt_list_exp ')' .  (68)

	.  reduce 68


state 151
	statement : ID '(' opt_list_exp ')' ';' .  (39)

	.  reduce 39


state 152
	if_else : IF '(' exp ')' '{' . statements '}' ELSE '{' statements '}'  (42)
	if_else : IF '(' exp ')' '{' . statements '}' ELSE statement  (43)
	if_else : IF '(' exp ')' '{' . statements '}'  (46)
	statements : .  (32)

	.  reduce 32

	statements  goto 156


state 153
	if_else : IF '(' exp ')' statement . ELSE '{' statements '}'  (44)
	if_else : IF '(' exp ')' statement . ELSE statement  (45)
	if_else : IF '(' exp ')' statement .  (47)

	ELSE  shift 157
	INT_CONSTANT  reduce 47
	REAL_CONSTANT  reduce 47
	RETURN  reduce 47
	ID  reduce 47
	WRITE  reduce 47
	IF  reduce 47
	READ  reduce 47
	WHILE  reduce 47
	CHAR_CONSTANT  reduce 47
	'!'  reduce 47
	'-'  reduce 47
	'('  reduce 47
	'}'  reduce 47


state 154
	while : WHILE '(' exp ')' '{' . statements '}'  (40)
	statements : .  (32)

	.  reduce 32

	statements  goto 158


state 155
	while : WHILE '(' exp ')' statement .  (41)

	.  reduce 41


state 156
	statements : statements . statement  (31)
	if_else : IF '(' exp ')' '{' statements . '}' ELSE '{' statements '}'  (42)
	if_else : IF '(' exp ')' '{' statements . '}' ELSE statement  (43)
	if_else : IF '(' exp ')' '{' statements . '}'  (46)

	INT_CONSTANT  shift 65
	REAL_CONSTANT  shift 66
	RETURN  shift 67
	ID  shift 68
	WRITE  shift 69
	IF  shift 70
	READ  shift 71
	WHILE  shift 72
	CHAR_CONSTANT  shift 73
	'!'  shift 74
	'-'  shift 75
	'('  shift 76
	'}'  shift 159
	.  error

	statement  goto 78
	exp  goto 79
	if_else  goto 80
	while  goto 81


state 157
	if_else : IF '(' exp ')' statement ELSE . '{' statements '}'  (44)
	if_else : IF '(' exp ')' statement ELSE . statement  (45)

	INT_CONSTANT  shift 65
	REAL_CONSTANT  shift 66
	RETURN  shift 67
	ID  shift 68
	WRITE  shift 69
	IF  shift 70
	READ  shift 71
	WHILE  shift 72
	CHAR_CONSTANT  shift 73
	'!'  shift 74
	'-'  shift 75
	'('  shift 76
	'{'  shift 160
	.  error

	statement  goto 161
	exp  goto 79
	if_else  goto 80
	while  goto 81


state 158
	statements : statements . statement  (31)
	while : WHILE '(' exp ')' '{' statements . '}'  (40)

	INT_CONSTANT  shift 65
	REAL_CONSTANT  shift 66
	RETURN  shift 67
	ID  shift 68
	WRITE  shift 69
	IF  shift 70
	READ  shift 71
	WHILE  shift 72
	CHAR_CONSTANT  shift 73
	'!'  shift 74
	'-'  shift 75
	'('  shift 76
	'}'  shift 162
	.  error

	statement  goto 78
	exp  goto 79
	if_else  goto 80
	while  goto 81


state 159
	if_else : IF '(' exp ')' '{' statements '}' . ELSE '{' statements '}'  (42)
	if_else : IF '(' exp ')' '{' statements '}' . ELSE statement  (43)
	if_else : IF '(' exp ')' '{' statements '}' .  (46)

	ELSE  shift 163
	INT_CONSTANT  reduce 46
	REAL_CONSTANT  reduce 46
	RETURN  reduce 46
	ID  reduce 46
	WRITE  reduce 46
	IF  reduce 46
	READ  reduce 46
	WHILE  reduce 46
	CHAR_CONSTANT  reduce 46
	'!'  reduce 46
	'-'  reduce 46
	'('  reduce 46
	'}'  reduce 46


state 160
	if_else : IF '(' exp ')' statement ELSE '{' . statements '}'  (44)
	statements : .  (32)

	.  reduce 32

	statements  goto 164


state 161
	if_else : IF '(' exp ')' statement ELSE statement .  (45)

	.  reduce 45


state 162
	while : WHILE '(' exp ')' '{' statements '}' .  (40)

	.  reduce 40


state 163
	if_else : IF '(' exp ')' '{' statements '}' ELSE . '{' statements '}'  (42)
	if_else : IF '(' exp ')' '{' statements '}' ELSE . statement  (43)

	INT_CONSTANT  shift 65
	REAL_CONSTANT  shift 66
	RETURN  shift 67
	ID  shift 68
	WRITE  shift 69
	IF  shift 70
	READ  shift 71
	WHILE  shift 72
	CHAR_CONSTANT  shift 73
	'!'  shift 74
	'-'  shift 75
	'('  shift 76
	'{'  shift 165
	.  error

	statement  goto 166
	exp  goto 79
	if_else  goto 80
	while  goto 81


state 164
	statements : statements . statement  (31)
	if_else : IF '(' exp ')' statement ELSE '{' statements . '}'  (44)

	INT_CONSTANT  shift 65
	REAL_CONSTANT  shift 66
	RETURN  shift 67
	ID  shift 68
	WRITE  shift 69
	IF  shift 70
	READ  shift 71
	WHILE  shift 72
	CHAR_CONSTANT  shift 73
	'!'  shift 74
	'-'  shift 75
	'('  shift 76
	'}'  shift 167
	.  error

	statement  goto 78
	exp  goto 79
	if_else  goto 80
	while  goto 81


state 165
	if_else : IF '(' exp ')' '{' statements '}' ELSE '{' . statements '}'  (42)
	statements : .  (32)

	.  reduce 32

	statements  goto 168


state 166
	if_else : IF '(' exp ')' '{' statements '}' ELSE statement .  (43)

	.  reduce 43


state 167
	if_else : IF '(' exp ')' statement ELSE '{' statements '}' .  (44)

	.  reduce 44


state 168
	statements : statements . statement  (31)
	if_else : IF '(' exp ')' '{' statements '}' ELSE '{' statements . '}'  (42)

	INT_CONSTANT  shift 65
	REAL_CONSTANT  shift 66
	RETURN  shift 67
	ID  shift 68
	WRITE  shift 69
	IF  shift 70
	READ  shift 71
	WHILE  shift 72
	CHAR_CONSTANT  shift 73
	'!'  shift 74
	'-'  shift 75
	'('  shift 76
	'}'  shift 169
	.  error

	statement  goto 78
	exp  goto 79
	if_else  goto 80
	while  goto 81


state 169
	if_else : IF '(' exp ')' '{' statements '}' ELSE '{' statements '}' .  (42)

	.  reduce 42


48 terminals, 24 nonterminals
77 grammar rules, 170 states
