   0  $accept : program $end

   1  program : opt_def_glob_var main

   2  glob_def : var_def
   3           | func_def

   4  opt_def_glob_var : opt_def_glob_var glob_def
   5                   |

   6  var_def : p_type list_ident ';'
   7          | array list_ident ';'
   8          | struct_type list_ident ';'

   9  local_var_def : var_def

  10  opt_list_local_var : opt_list_local_var local_var_def
  11                     |

  12  opt_list_fields : opt_list_fields type list_ident ';'
  13                  |

  14  struct_type : STRUCT '{' opt_list_fields '}'

  15  main : VOID MAIN '(' ')' '{' opt_list_local_var statements '}'

  16  func_def : p_type ID '(' opt_list_param ')' '{' opt_list_local_var statements '}'
  17           | VOID ID '(' opt_list_param ')' '{' opt_list_local_var statements '}'

  18  list_param : list_param ',' p_type ID
  19             | p_type ID

  20  opt_list_param : list_param
  21                 |

  22  p_type : INT
  23         | DOUBLE
  24         | CHAR

  25  array : type '[' INT_CONSTANT ']'

  26  type : p_type
  27       | array
  28       | struct_type

  29  list_ident : list_ident ',' ID
  30             | ID

  31  statements : statements statement
  32             |

  33  statement : RETURN exp ';'
  34            | READ list_exp ';'
  35            | WRITE list_exp ';'
  36            | if_else
  37            | while
  38            | exp '=' exp ';'
  39            | ID '(' opt_list_exp ')' ';'
  40            | exp INC ';'
  41            | exp DEC ';'
  42            | INC exp ';'
  43            | DEC exp ';'

  44  while : WHILE '(' exp ')' '{' statements '}'
  45        | WHILE '(' exp ')' statement

  46  if_else : IF '(' exp ')' '{' statements '}' ELSE '{' statements '}'
  47          | IF '(' exp ')' '{' statements '}' ELSE statement
  48          | IF '(' exp ')' statement ELSE '{' statements '}'
  49          | IF '(' exp ')' statement ELSE statement
  50          | IF '(' exp ')' '{' statements '}'
  51          | IF '(' exp ')' statement

  52  opt_list_exp : list_exp
  53               |

  54  list_exp : list_exp ',' exp
  55           | exp

  56  exp : exp '+' exp
  57      | exp '*' exp
  58      | exp '/' exp
  59      | exp '-' exp
  60      | exp '%' exp
  61      | exp EQ exp
  62      | exp NOT_EQ exp
  63      | exp '>' exp
  64      | exp '<' exp
  65      | exp L_EQ exp
  66      | exp G_EQ exp
  67      | exp AND exp
  68      | exp OR exp
  69      | '(' p_type ')' exp
  70      | exp '[' exp ']'
  71      | exp '.' ID
  72      | ID '(' opt_list_exp ')'
  73      | '-' exp
  74      | '(' exp ')'
  75      | '!' exp
  76      | INT_CONSTANT
  77      | ID
  78      | CHAR_CONSTANT
  79      | REAL_CONSTANT

state 0
	$accept : . program $end  (0)
	opt_def_glob_var : .  (5)

	.  reduce 5

	program  goto 1
	opt_def_glob_var  goto 2


state 1
	$accept : program . $end  (0)

	$end  accept


state 2
	program : opt_def_glob_var . main  (1)
	opt_def_glob_var : opt_def_glob_var . glob_def  (4)

	VOID  shift 3
	DOUBLE  shift 4
	CHAR  shift 5
	STRUCT  shift 6
	INT  shift 7
	.  error

	main  goto 8
	glob_def  goto 9
	var_def  goto 10
	func_def  goto 11
	p_type  goto 12
	array  goto 13
	struct_type  goto 14
	type  goto 15


state 3
	main : VOID . MAIN '(' ')' '{' opt_list_local_var statements '}'  (15)
	func_def : VOID . ID '(' opt_list_param ')' '{' opt_list_local_var statements '}'  (17)

	ID  shift 16
	MAIN  shift 17
	.  error


state 4
	p_type : DOUBLE .  (23)

	.  reduce 23


state 5
	p_type : CHAR .  (24)

	.  reduce 24


state 6
	struct_type : STRUCT . '{' opt_list_fields '}'  (14)

	'{'  shift 18
	.  error


state 7
	p_type : INT .  (22)

	.  reduce 22


state 8
	program : opt_def_glob_var main .  (1)

	.  reduce 1


state 9
	opt_def_glob_var : opt_def_glob_var glob_def .  (4)

	.  reduce 4


state 10
	glob_def : var_def .  (2)

	.  reduce 2


state 11
	glob_def : func_def .  (3)

	.  reduce 3


state 12
	var_def : p_type . list_ident ';'  (6)
	func_def : p_type . ID '(' opt_list_param ')' '{' opt_list_local_var statements '}'  (16)
	type : p_type .  (26)

	ID  shift 19
	'['  reduce 26

	list_ident  goto 20


state 13
	var_def : array . list_ident ';'  (7)
	type : array .  (27)

	ID  shift 21
	'['  reduce 27

	list_ident  goto 22


state 14
	var_def : struct_type . list_ident ';'  (8)
	type : struct_type .  (28)

	ID  shift 21
	'['  reduce 28

	list_ident  goto 23


state 15
	array : type . '[' INT_CONSTANT ']'  (25)

	'['  shift 24
	.  error


state 16
	func_def : VOID ID . '(' opt_list_param ')' '{' opt_list_local_var statements '}'  (17)

	'('  shift 25
	.  error


state 17
	main : VOID MAIN . '(' ')' '{' opt_list_local_var statements '}'  (15)

	'('  shift 26
	.  error


state 18
	struct_type : STRUCT '{' . opt_list_fields '}'  (14)
	opt_list_fields : .  (13)

	.  reduce 13

	opt_list_fields  goto 27


state 19
	func_def : p_type ID . '(' opt_list_param ')' '{' opt_list_local_var statements '}'  (16)
	list_ident : ID .  (30)

	'('  shift 28
	';'  reduce 30
	','  reduce 30


state 20
	var_def : p_type list_ident . ';'  (6)
	list_ident : list_ident . ',' ID  (29)

	';'  shift 29
	','  shift 30
	.  error


state 21
	list_ident : ID .  (30)

	.  reduce 30


state 22
	var_def : array list_ident . ';'  (7)
	list_ident : list_ident . ',' ID  (29)

	';'  shift 31
	','  shift 30
	.  error


state 23
	var_def : struct_type list_ident . ';'  (8)
	list_ident : list_ident . ',' ID  (29)

	';'  shift 32
	','  shift 30
	.  error


state 24
	array : type '[' . INT_CONSTANT ']'  (25)

	INT_CONSTANT  shift 33
	.  error


state 25
	func_def : VOID ID '(' . opt_list_param ')' '{' opt_list_local_var statements '}'  (17)
	opt_list_param : .  (21)

	DOUBLE  shift 4
	CHAR  shift 5
	INT  shift 7
	')'  reduce 21

	p_type  goto 34
	opt_list_param  goto 35
	list_param  goto 36


state 26
	main : VOID MAIN '(' . ')' '{' opt_list_local_var statements '}'  (15)

	')'  shift 37
	.  error


state 27
	opt_list_fields : opt_list_fields . type list_ident ';'  (12)
	struct_type : STRUCT '{' opt_list_fields . '}'  (14)

	DOUBLE  shift 4
	CHAR  shift 5
	STRUCT  shift 6
	INT  shift 7
	'}'  shift 38
	.  error

	p_type  goto 39
	array  goto 40
	struct_type  goto 41
	type  goto 42


state 28
	func_def : p_type ID '(' . opt_list_param ')' '{' opt_list_local_var statements '}'  (16)
	opt_list_param : .  (21)

	DOUBLE  shift 4
	CHAR  shift 5
	INT  shift 7
	')'  reduce 21

	p_type  goto 34
	opt_list_param  goto 43
	list_param  goto 36


state 29
	var_def : p_type list_ident ';' .  (6)

	.  reduce 6


state 30
	list_ident : list_ident ',' . ID  (29)

	ID  shift 44
	.  error


state 31
	var_def : array list_ident ';' .  (7)

	.  reduce 7


state 32
	var_def : struct_type list_ident ';' .  (8)

	.  reduce 8


state 33
	array : type '[' INT_CONSTANT . ']'  (25)

	']'  shift 45
	.  error


state 34
	list_param : p_type . ID  (19)

	ID  shift 46
	.  error


state 35
	func_def : VOID ID '(' opt_list_param . ')' '{' opt_list_local_var statements '}'  (17)

	')'  shift 47
	.  error


state 36
	list_param : list_param . ',' p_type ID  (18)
	opt_list_param : list_param .  (20)

	','  shift 48
	')'  reduce 20


state 37
	main : VOID MAIN '(' ')' . '{' opt_list_local_var statements '}'  (15)

	'{'  shift 49
	.  error


state 38
	struct_type : STRUCT '{' opt_list_fields '}' .  (14)

	.  reduce 14


state 39
	type : p_type .  (26)

	.  reduce 26


state 40
	type : array .  (27)

	.  reduce 27


state 41
	type : struct_type .  (28)

	.  reduce 28


state 42
	opt_list_fields : opt_list_fields type . list_ident ';'  (12)
	array : type . '[' INT_CONSTANT ']'  (25)

	ID  shift 21
	'['  shift 24
	.  error

	list_ident  goto 50


state 43
	func_def : p_type ID '(' opt_list_param . ')' '{' opt_list_local_var statements '}'  (16)

	')'  shift 51
	.  error


state 44
	list_ident : list_ident ',' ID .  (29)

	.  reduce 29


state 45
	array : type '[' INT_CONSTANT ']' .  (25)

	.  reduce 25


state 46
	list_param : p_type ID .  (19)

	.  reduce 19


state 47
	func_def : VOID ID '(' opt_list_param ')' . '{' opt_list_local_var statements '}'  (17)

	'{'  shift 52
	.  error


state 48
	list_param : list_param ',' . p_type ID  (18)

	DOUBLE  shift 4
	CHAR  shift 5
	INT  shift 7
	.  error

	p_type  goto 53


state 49
	main : VOID MAIN '(' ')' '{' . opt_list_local_var statements '}'  (15)
	opt_list_local_var : .  (11)

	.  reduce 11

	opt_list_local_var  goto 54


state 50
	opt_list_fields : opt_list_fields type list_ident . ';'  (12)
	list_ident : list_ident . ',' ID  (29)

	';'  shift 55
	','  shift 30
	.  error


state 51
	func_def : p_type ID '(' opt_list_param ')' . '{' opt_list_local_var statements '}'  (16)

	'{'  shift 56
	.  error


state 52
	func_def : VOID ID '(' opt_list_param ')' '{' . opt_list_local_var statements '}'  (17)
	opt_list_local_var : .  (11)

	.  reduce 11

	opt_list_local_var  goto 57


state 53
	list_param : list_param ',' p_type . ID  (18)

	ID  shift 58
	.  error


state 54
	opt_list_local_var : opt_list_local_var . local_var_def  (10)
	main : VOID MAIN '(' ')' '{' opt_list_local_var . statements '}'  (15)
	statements : .  (32)

	DOUBLE  shift 4
	CHAR  shift 5
	STRUCT  shift 6
	INT  shift 7
	INT_CONSTANT  reduce 32
	REAL_CONSTANT  reduce 32
	RETURN  reduce 32
	ID  reduce 32
	WRITE  reduce 32
	IF  reduce 32
	READ  reduce 32
	WHILE  reduce 32
	CHAR_CONSTANT  reduce 32
	INC  reduce 32
	DEC  reduce 32
	'!'  reduce 32
	'-'  reduce 32
	'('  reduce 32
	'}'  reduce 32

	var_def  goto 59
	p_type  goto 60
	array  goto 13
	struct_type  goto 14
	local_var_def  goto 61
	type  goto 15
	statements  goto 62


state 55
	opt_list_fields : opt_list_fields type list_ident ';' .  (12)

	.  reduce 12


state 56
	func_def : p_type ID '(' opt_list_param ')' '{' . opt_list_local_var statements '}'  (16)
	opt_list_local_var : .  (11)

	.  reduce 11

	opt_list_local_var  goto 63


state 57
	opt_list_local_var : opt_list_local_var . local_var_def  (10)
	func_def : VOID ID '(' opt_list_param ')' '{' opt_list_local_var . statements '}'  (17)
	statements : .  (32)

	DOUBLE  shift 4
	CHAR  shift 5
	STRUCT  shift 6
	INT  shift 7
	INT_CONSTANT  reduce 32
	REAL_CONSTANT  reduce 32
	RETURN  reduce 32
	ID  reduce 32
	WRITE  reduce 32
	IF  reduce 32
	READ  reduce 32
	WHILE  reduce 32
	CHAR_CONSTANT  reduce 32
	INC  reduce 32
	DEC  reduce 32
	'!'  reduce 32
	'-'  reduce 32
	'('  reduce 32
	'}'  reduce 32

	var_def  goto 59
	p_type  goto 60
	array  goto 13
	struct_type  goto 14
	local_var_def  goto 61
	type  goto 15
	statements  goto 64


state 58
	list_param : list_param ',' p_type ID .  (18)

	.  reduce 18


state 59
	local_var_def : var_def .  (9)

	.  reduce 9


state 60
	var_def : p_type . list_ident ';'  (6)
	type : p_type .  (26)

	ID  shift 21
	'['  reduce 26

	list_ident  goto 20


state 61
	opt_list_local_var : opt_list_local_var local_var_def .  (10)

	.  reduce 10


state 62
	main : VOID MAIN '(' ')' '{' opt_list_local_var statements . '}'  (15)
	statements : statements . statement  (31)

	INT_CONSTANT  shift 65
	REAL_CONSTANT  shift 66
	RETURN  shift 67
	ID  shift 68
	WRITE  shift 69
	IF  shift 70
	READ  shift 71
	WHILE  shift 72
	CHAR_CONSTANT  shift 73
	INC  shift 74
	DEC  shift 75
	'!'  shift 76
	'-'  shift 77
	'('  shift 78
	'}'  shift 79
	.  error

	statement  goto 80
	exp  goto 81
	if_else  goto 82
	while  goto 83


state 63
	opt_list_local_var : opt_list_local_var . local_var_def  (10)
	func_def : p_type ID '(' opt_list_param ')' '{' opt_list_local_var . statements '}'  (16)
	statements : .  (32)

	DOUBLE  shift 4
	CHAR  shift 5
	STRUCT  shift 6
	INT  shift 7
	INT_CONSTANT  reduce 32
	REAL_CONSTANT  reduce 32
	RETURN  reduce 32
	ID  reduce 32
	WRITE  reduce 32
	IF  reduce 32
	READ  reduce 32
	WHILE  reduce 32
	CHAR_CONSTANT  reduce 32
	INC  reduce 32
	DEC  reduce 32
	'!'  reduce 32
	'-'  reduce 32
	'('  reduce 32
	'}'  reduce 32

	var_def  goto 59
	p_type  goto 60
	array  goto 13
	struct_type  goto 14
	local_var_def  goto 61
	type  goto 15
	statements  goto 84


state 64
	func_def : VOID ID '(' opt_list_param ')' '{' opt_list_local_var statements . '}'  (17)
	statements : statements . statement  (31)

	INT_CONSTANT  shift 65
	REAL_CONSTANT  shift 66
	RETURN  shift 67
	ID  shift 68
	WRITE  shift 69
	IF  shift 70
	READ  shift 71
	WHILE  shift 72
	CHAR_CONSTANT  shift 73
	INC  shift 74
	DEC  shift 75
	'!'  shift 76
	'-'  shift 77
	'('  shift 78
	'}'  shift 85
	.  error

	statement  goto 80
	exp  goto 81
	if_else  goto 82
	while  goto 83


state 65
	exp : INT_CONSTANT .  (76)

	.  reduce 76


state 66
	exp : REAL_CONSTANT .  (79)

	.  reduce 79


state 67
	statement : RETURN . exp ';'  (33)

	INT_CONSTANT  shift 65
	REAL_CONSTANT  shift 66
	ID  shift 86
	CHAR_CONSTANT  shift 73
	'!'  shift 76
	'-'  shift 77
	'('  shift 78
	.  error

	exp  goto 87


state 68
	statement : ID . '(' opt_list_exp ')' ';'  (39)
	exp : ID . '(' opt_list_exp ')'  (72)
	exp : ID .  (77)

	'('  shift 88
	EQ  reduce 77
	OR  reduce 77
	AND  reduce 77
	NOT_EQ  reduce 77
	G_EQ  reduce 77
	L_EQ  reduce 77
	INC  reduce 77
	DEC  reduce 77
	'='  reduce 77
	'>'  reduce 77
	'<'  reduce 77
	'+'  reduce 77
	'-'  reduce 77
	'*'  reduce 77
	'/'  reduce 77
	'%'  reduce 77
	'['  reduce 77
	'.'  reduce 77


state 69
	statement : WRITE . list_exp ';'  (35)

	INT_CONSTANT  shift 65
	REAL_CONSTANT  shift 66
	ID  shift 86
	CHAR_CONSTANT  shift 73
	'!'  shift 76
	'-'  shift 77
	'('  shift 78
	.  error

	exp  goto 89
	list_exp  goto 90


state 70
	if_else : IF . '(' exp ')' '{' statements '}' ELSE '{' statements '}'  (46)
	if_else : IF . '(' exp ')' '{' statements '}' ELSE statement  (47)
	if_else : IF . '(' exp ')' statement ELSE '{' statements '}'  (48)
	if_else : IF . '(' exp ')' statement ELSE statement  (49)
	if_else : IF . '(' exp ')' '{' statements '}'  (50)
	if_else : IF . '(' exp ')' statement  (51)

	'('  shift 91
	.  error


state 71
	statement : READ . list_exp ';'  (34)

	INT_CONSTANT  shift 65
	REAL_CONSTANT  shift 66
	ID  shift 86
	CHAR_CONSTANT  shift 73
	'!'  shift 76
	'-'  shift 77
	'('  shift 78
	.  error

	exp  goto 89
	list_exp  goto 92


state 72
	while : WHILE . '(' exp ')' '{' statements '}'  (44)
	while : WHILE . '(' exp ')' statement  (45)

	'('  shift 93
	.  error


state 73
	exp : CHAR_CONSTANT .  (78)

	.  reduce 78


state 74
	statement : INC . exp ';'  (42)

	INT_CONSTANT  shift 65
	REAL_CONSTANT  shift 66
	ID  shift 86
	CHAR_CONSTANT  shift 73
	'!'  shift 76
	'-'  shift 77
	'('  shift 78
	.  error

	exp  goto 94


state 75
	statement : DEC . exp ';'  (43)

	INT_CONSTANT  shift 65
	REAL_CONSTANT  shift 66
	ID  shift 86
	CHAR_CONSTANT  shift 73
	'!'  shift 76
	'-'  shift 77
	'('  shift 78
	.  error

	exp  goto 95


state 76
	exp : '!' . exp  (75)

	INT_CONSTANT  shift 65
	REAL_CONSTANT  shift 66
	ID  shift 86
	CHAR_CONSTANT  shift 73
	'!'  shift 76
	'-'  shift 77
	'('  shift 78
	.  error

	exp  goto 96


state 77
	exp : '-' . exp  (73)

	INT_CONSTANT  shift 65
	REAL_CONSTANT  shift 66
	ID  shift 86
	CHAR_CONSTANT  shift 73
	'!'  shift 76
	'-'  shift 77
	'('  shift 78
	.  error

	exp  goto 97


state 78
	exp : '(' . p_type ')' exp  (69)
	exp : '(' . exp ')'  (74)

	INT_CONSTANT  shift 65
	REAL_CONSTANT  shift 66
	ID  shift 86
	DOUBLE  shift 4
	CHAR  shift 5
	INT  shift 7
	CHAR_CONSTANT  shift 73
	'!'  shift 76
	'-'  shift 77
	'('  shift 78
	.  error

	p_type  goto 98
	exp  goto 99


state 79
	main : VOID MAIN '(' ')' '{' opt_list_local_var statements '}' .  (15)

	.  reduce 15


state 80
	statements : statements statement .  (31)

	.  reduce 31


state 81
	statement : exp . '=' exp ';'  (38)
	statement : exp . INC ';'  (40)
	statement : exp . DEC ';'  (41)
	exp : exp . '+' exp  (56)
	exp : exp . '*' exp  (57)
	exp : exp . '/' exp  (58)
	exp : exp . '-' exp  (59)
	exp : exp . '%' exp  (60)
	exp : exp . EQ exp  (61)
	exp : exp . NOT_EQ exp  (62)
	exp : exp . '>' exp  (63)
	exp : exp . '<' exp  (64)
	exp : exp . L_EQ exp  (65)
	exp : exp . G_EQ exp  (66)
	exp : exp . AND exp  (67)
	exp : exp . OR exp  (68)
	exp : exp . '[' exp ']'  (70)
	exp : exp . '.' ID  (71)

	EQ  shift 100
	OR  shift 101
	AND  shift 102
	NOT_EQ  shift 103
	G_EQ  shift 104
	L_EQ  shift 105
	INC  shift 106
	DEC  shift 107
	'='  shift 108
	'>'  shift 109
	'<'  shift 110
	'+'  shift 111
	'-'  shift 112
	'*'  shift 113
	'/'  shift 114
	'%'  shift 115
	'['  shift 116
	'.'  shift 117
	.  error


state 82
	statement : if_else .  (36)

	.  reduce 36


state 83
	statement : while .  (37)

	.  reduce 37


state 84
	func_def : p_type ID '(' opt_list_param ')' '{' opt_list_local_var statements . '}'  (16)
	statements : statements . statement  (31)

	INT_CONSTANT  shift 65
	REAL_CONSTANT  shift 66
	RETURN  shift 67
	ID  shift 68
	WRITE  shift 69
	IF  shift 70
	READ  shift 71
	WHILE  shift 72
	CHAR_CONSTANT  shift 73
	INC  shift 74
	DEC  shift 75
	'!'  shift 76
	'-'  shift 77
	'('  shift 78
	'}'  shift 118
	.  error

	statement  goto 80
	exp  goto 81
	if_else  goto 82
	while  goto 83


state 85
	func_def : VOID ID '(' opt_list_param ')' '{' opt_list_local_var statements '}' .  (17)

	.  reduce 17


state 86
	exp : ID . '(' opt_list_exp ')'  (72)
	exp : ID .  (77)

	'('  shift 119
	EQ  reduce 77
	OR  reduce 77
	AND  reduce 77
	NOT_EQ  reduce 77
	G_EQ  reduce 77
	L_EQ  reduce 77
	INC  reduce 77
	DEC  reduce 77
	'='  reduce 77
	'>'  reduce 77
	'<'  reduce 77
	'+'  reduce 77
	'-'  reduce 77
	'*'  reduce 77
	'/'  reduce 77
	'%'  reduce 77
	'['  reduce 77
	']'  reduce 77
	'.'  reduce 77
	')'  reduce 77
	';'  reduce 77
	','  reduce 77


state 87
	statement : RETURN exp . ';'  (33)
	exp : exp . '+' exp  (56)
	exp : exp . '*' exp  (57)
	exp : exp . '/' exp  (58)
	exp : exp . '-' exp  (59)
	exp : exp . '%' exp  (60)
	exp : exp . EQ exp  (61)
	exp : exp . NOT_EQ exp  (62)
	exp : exp . '>' exp  (63)
	exp : exp . '<' exp  (64)
	exp : exp . L_EQ exp  (65)
	exp : exp . G_EQ exp  (66)
	exp : exp . AND exp  (67)
	exp : exp . OR exp  (68)
	exp : exp . '[' exp ']'  (70)
	exp : exp . '.' ID  (71)

	EQ  shift 100
	OR  shift 101
	AND  shift 102
	NOT_EQ  shift 103
	G_EQ  shift 104
	L_EQ  shift 105
	'>'  shift 109
	'<'  shift 110
	'+'  shift 111
	'-'  shift 112
	'*'  shift 113
	'/'  shift 114
	'%'  shift 115
	'['  shift 116
	'.'  shift 117
	';'  shift 120
	.  error


state 88
	statement : ID '(' . opt_list_exp ')' ';'  (39)
	exp : ID '(' . opt_list_exp ')'  (72)
	opt_list_exp : .  (53)

	INT_CONSTANT  shift 65
	REAL_CONSTANT  shift 66
	ID  shift 86
	CHAR_CONSTANT  shift 73
	'!'  shift 76
	'-'  shift 77
	'('  shift 78
	')'  reduce 53

	exp  goto 89
	list_exp  goto 121
	opt_list_exp  goto 122


state 89
	list_exp : exp .  (55)
	exp : exp . '+' exp  (56)
	exp : exp . '*' exp  (57)
	exp : exp . '/' exp  (58)
	exp : exp . '-' exp  (59)
	exp : exp . '%' exp  (60)
	exp : exp . EQ exp  (61)
	exp : exp . NOT_EQ exp  (62)
	exp : exp . '>' exp  (63)
	exp : exp . '<' exp  (64)
	exp : exp . L_EQ exp  (65)
	exp : exp . G_EQ exp  (66)
	exp : exp . AND exp  (67)
	exp : exp . OR exp  (68)
	exp : exp . '[' exp ']'  (70)
	exp : exp . '.' ID  (71)

	EQ  shift 100
	OR  shift 101
	AND  shift 102
	NOT_EQ  shift 103
	G_EQ  shift 104
	L_EQ  shift 105
	'>'  shift 109
	'<'  shift 110
	'+'  shift 111
	'-'  shift 112
	'*'  shift 113
	'/'  shift 114
	'%'  shift 115
	'['  shift 116
	'.'  shift 117
	')'  reduce 55
	';'  reduce 55
	','  reduce 55


state 90
	statement : WRITE list_exp . ';'  (35)
	list_exp : list_exp . ',' exp  (54)

	';'  shift 123
	','  shift 124
	.  error


state 91
	if_else : IF '(' . exp ')' '{' statements '}' ELSE '{' statements '}'  (46)
	if_else : IF '(' . exp ')' '{' statements '}' ELSE statement  (47)
	if_else : IF '(' . exp ')' statement ELSE '{' statements '}'  (48)
	if_else : IF '(' . exp ')' statement ELSE statement  (49)
	if_else : IF '(' . exp ')' '{' statements '}'  (50)
	if_else : IF '(' . exp ')' statement  (51)

	INT_CONSTANT  shift 65
	REAL_CONSTANT  shift 66
	ID  shift 86
	CHAR_CONSTANT  shift 73
	'!'  shift 76
	'-'  shift 77
	'('  shift 78
	.  error

	exp  goto 125


state 92
	statement : READ list_exp . ';'  (34)
	list_exp : list_exp . ',' exp  (54)

	';'  shift 126
	','  shift 124
	.  error


state 93
	while : WHILE '(' . exp ')' '{' statements '}'  (44)
	while : WHILE '(' . exp ')' statement  (45)

	INT_CONSTANT  shift 65
	REAL_CONSTANT  shift 66
	ID  shift 86
	CHAR_CONSTANT  shift 73
	'!'  shift 76
	'-'  shift 77
	'('  shift 78
	.  error

	exp  goto 127


state 94
	statement : INC exp . ';'  (42)
	exp : exp . '+' exp  (56)
	exp : exp . '*' exp  (57)
	exp : exp . '/' exp  (58)
	exp : exp . '-' exp  (59)
	exp : exp . '%' exp  (60)
	exp : exp . EQ exp  (61)
	exp : exp . NOT_EQ exp  (62)
	exp : exp . '>' exp  (63)
	exp : exp . '<' exp  (64)
	exp : exp . L_EQ exp  (65)
	exp : exp . G_EQ exp  (66)
	exp : exp . AND exp  (67)
	exp : exp . OR exp  (68)
	exp : exp . '[' exp ']'  (70)
	exp : exp . '.' ID  (71)

	EQ  shift 100
	OR  shift 101
	AND  shift 102
	NOT_EQ  shift 103
	G_EQ  shift 104
	L_EQ  shift 105
	'>'  shift 109
	'<'  shift 110
	'+'  shift 111
	'-'  shift 112
	'*'  shift 113
	'/'  shift 114
	'%'  shift 115
	'['  shift 116
	'.'  shift 117
	';'  shift 128
	.  error


state 95
	statement : DEC exp . ';'  (43)
	exp : exp . '+' exp  (56)
	exp : exp . '*' exp  (57)
	exp : exp . '/' exp  (58)
	exp : exp . '-' exp  (59)
	exp : exp . '%' exp  (60)
	exp : exp . EQ exp  (61)
	exp : exp . NOT_EQ exp  (62)
	exp : exp . '>' exp  (63)
	exp : exp . '<' exp  (64)
	exp : exp . L_EQ exp  (65)
	exp : exp . G_EQ exp  (66)
	exp : exp . AND exp  (67)
	exp : exp . OR exp  (68)
	exp : exp . '[' exp ']'  (70)
	exp : exp . '.' ID  (71)

	EQ  shift 100
	OR  shift 101
	AND  shift 102
	NOT_EQ  shift 103
	G_EQ  shift 104
	L_EQ  shift 105
	'>'  shift 109
	'<'  shift 110
	'+'  shift 111
	'-'  shift 112
	'*'  shift 113
	'/'  shift 114
	'%'  shift 115
	'['  shift 116
	'.'  shift 117
	';'  shift 129
	.  error


state 96
	exp : exp . '+' exp  (56)
	exp : exp . '*' exp  (57)
	exp : exp . '/' exp  (58)
	exp : exp . '-' exp  (59)
	exp : exp . '%' exp  (60)
	exp : exp . EQ exp  (61)
	exp : exp . NOT_EQ exp  (62)
	exp : exp . '>' exp  (63)
	exp : exp . '<' exp  (64)
	exp : exp . L_EQ exp  (65)
	exp : exp . G_EQ exp  (66)
	exp : exp . AND exp  (67)
	exp : exp . OR exp  (68)
	exp : exp . '[' exp ']'  (70)
	exp : exp . '.' ID  (71)
	exp : '!' exp .  (75)

	EQ  shift 100
	NOT_EQ  shift 103
	G_EQ  shift 104
	L_EQ  shift 105
	'>'  shift 109
	'<'  shift 110
	'+'  shift 111
	'-'  shift 112
	'*'  shift 113
	'/'  shift 114
	'%'  shift 115
	'['  shift 116
	'.'  shift 117
	OR  reduce 75
	AND  reduce 75
	INC  reduce 75
	DEC  reduce 75
	'='  reduce 75
	']'  reduce 75
	')'  reduce 75
	';'  reduce 75
	','  reduce 75


state 97
	exp : exp . '+' exp  (56)
	exp : exp . '*' exp  (57)
	exp : exp . '/' exp  (58)
	exp : exp . '-' exp  (59)
	exp : exp . '%' exp  (60)
	exp : exp . EQ exp  (61)
	exp : exp . NOT_EQ exp  (62)
	exp : exp . '>' exp  (63)
	exp : exp . '<' exp  (64)
	exp : exp . L_EQ exp  (65)
	exp : exp . G_EQ exp  (66)
	exp : exp . AND exp  (67)
	exp : exp . OR exp  (68)
	exp : exp . '[' exp ']'  (70)
	exp : exp . '.' ID  (71)
	exp : '-' exp .  (73)

	'['  shift 116
	'.'  shift 117
	EQ  reduce 73
	OR  reduce 73
	AND  reduce 73
	NOT_EQ  reduce 73
	G_EQ  reduce 73
	L_EQ  reduce 73
	INC  reduce 73
	DEC  reduce 73
	'='  reduce 73
	'>'  reduce 73
	'<'  reduce 73
	'+'  reduce 73
	'-'  reduce 73
	'*'  reduce 73
	'/'  reduce 73
	'%'  reduce 73
	']'  reduce 73
	')'  reduce 73
	';'  reduce 73
	','  reduce 73


state 98
	exp : '(' p_type . ')' exp  (69)

	')'  shift 130
	.  error


state 99
	exp : exp . '+' exp  (56)
	exp : exp . '*' exp  (57)
	exp : exp . '/' exp  (58)
	exp : exp . '-' exp  (59)
	exp : exp . '%' exp  (60)
	exp : exp . EQ exp  (61)
	exp : exp . NOT_EQ exp  (62)
	exp : exp . '>' exp  (63)
	exp : exp . '<' exp  (64)
	exp : exp . L_EQ exp  (65)
	exp : exp . G_EQ exp  (66)
	exp : exp . AND exp  (67)
	exp : exp . OR exp  (68)
	exp : exp . '[' exp ']'  (70)
	exp : exp . '.' ID  (71)
	exp : '(' exp . ')'  (74)

	EQ  shift 100
	OR  shift 101
	AND  shift 102
	NOT_EQ  shift 103
	G_EQ  shift 104
	L_EQ  shift 105
	'>'  shift 109
	'<'  shift 110
	'+'  shift 111
	'-'  shift 112
	'*'  shift 113
	'/'  shift 114
	'%'  shift 115
	'['  shift 116
	'.'  shift 117
	')'  shift 131
	.  error


state 100
	exp : exp EQ . exp  (61)

	INT_CONSTANT  shift 65
	REAL_CONSTANT  shift 66
	ID  shift 86
	CHAR_CONSTANT  shift 73
	'!'  shift 76
	'-'  shift 77
	'('  shift 78
	.  error

	exp  goto 132


state 101
	exp : exp OR . exp  (68)

	INT_CONSTANT  shift 65
	REAL_CONSTANT  shift 66
	ID  shift 86
	CHAR_CONSTANT  shift 73
	'!'  shift 76
	'-'  shift 77
	'('  shift 78
	.  error

	exp  goto 133


state 102
	exp : exp AND . exp  (67)

	INT_CONSTANT  shift 65
	REAL_CONSTANT  shift 66
	ID  shift 86
	CHAR_CONSTANT  shift 73
	'!'  shift 76
	'-'  shift 77
	'('  shift 78
	.  error

	exp  goto 134


state 103
	exp : exp NOT_EQ . exp  (62)

	INT_CONSTANT  shift 65
	REAL_CONSTANT  shift 66
	ID  shift 86
	CHAR_CONSTANT  shift 73
	'!'  shift 76
	'-'  shift 77
	'('  shift 78
	.  error

	exp  goto 135


state 104
	exp : exp G_EQ . exp  (66)

	INT_CONSTANT  shift 65
	REAL_CONSTANT  shift 66
	ID  shift 86
	CHAR_CONSTANT  shift 73
	'!'  shift 76
	'-'  shift 77
	'('  shift 78
	.  error

	exp  goto 136


state 105
	exp : exp L_EQ . exp  (65)

	INT_CONSTANT  shift 65
	REAL_CONSTANT  shift 66
	ID  shift 86
	CHAR_CONSTANT  shift 73
	'!'  shift 76
	'-'  shift 77
	'('  shift 78
	.  error

	exp  goto 137


state 106
	statement : exp INC . ';'  (40)

	';'  shift 138
	.  error


state 107
	statement : exp DEC . ';'  (41)

	';'  shift 139
	.  error


state 108
	statement : exp '=' . exp ';'  (38)

	INT_CONSTANT  shift 65
	REAL_CONSTANT  shift 66
	ID  shift 86
	CHAR_CONSTANT  shift 73
	'!'  shift 76
	'-'  shift 77
	'('  shift 78
	.  error

	exp  goto 140


state 109
	exp : exp '>' . exp  (63)

	INT_CONSTANT  shift 65
	REAL_CONSTANT  shift 66
	ID  shift 86
	CHAR_CONSTANT  shift 73
	'!'  shift 76
	'-'  shift 77
	'('  shift 78
	.  error

	exp  goto 141


state 110
	exp : exp '<' . exp  (64)

	INT_CONSTANT  shift 65
	REAL_CONSTANT  shift 66
	ID  shift 86
	CHAR_CONSTANT  shift 73
	'!'  shift 76
	'-'  shift 77
	'('  shift 78
	.  error

	exp  goto 142


state 111
	exp : exp '+' . exp  (56)

	INT_CONSTANT  shift 65
	REAL_CONSTANT  shift 66
	ID  shift 86
	CHAR_CONSTANT  shift 73
	'!'  shift 76
	'-'  shift 77
	'('  shift 78
	.  error

	exp  goto 143


state 112
	exp : exp '-' . exp  (59)

	INT_CONSTANT  shift 65
	REAL_CONSTANT  shift 66
	ID  shift 86
	CHAR_CONSTANT  shift 73
	'!'  shift 76
	'-'  shift 77
	'('  shift 78
	.  error

	exp  goto 144


state 113
	exp : exp '*' . exp  (57)

	INT_CONSTANT  shift 65
	REAL_CONSTANT  shift 66
	ID  shift 86
	CHAR_CONSTANT  shift 73
	'!'  shift 76
	'-'  shift 77
	'('  shift 78
	.  error

	exp  goto 145


state 114
	exp : exp '/' . exp  (58)

	INT_CONSTANT  shift 65
	REAL_CONSTANT  shift 66
	ID  shift 86
	CHAR_CONSTANT  shift 73
	'!'  shift 76
	'-'  shift 77
	'('  shift 78
	.  error

	exp  goto 146


state 115
	exp : exp '%' . exp  (60)

	INT_CONSTANT  shift 65
	REAL_CONSTANT  shift 66
	ID  shift 86
	CHAR_CONSTANT  shift 73
	'!'  shift 76
	'-'  shift 77
	'('  shift 78
	.  error

	exp  goto 147


state 116
	exp : exp '[' . exp ']'  (70)

	INT_CONSTANT  shift 65
	REAL_CONSTANT  shift 66
	ID  shift 86
	CHAR_CONSTANT  shift 73
	'!'  shift 76
	'-'  shift 77
	'('  shift 78
	.  error

	exp  goto 148


state 117
	exp : exp '.' . ID  (71)

	ID  shift 149
	.  error


state 118
	func_def : p_type ID '(' opt_list_param ')' '{' opt_list_local_var statements '}' .  (16)

	.  reduce 16


state 119
	exp : ID '(' . opt_list_exp ')'  (72)
	opt_list_exp : .  (53)

	INT_CONSTANT  shift 65
	REAL_CONSTANT  shift 66
	ID  shift 86
	CHAR_CONSTANT  shift 73
	'!'  shift 76
	'-'  shift 77
	'('  shift 78
	')'  reduce 53

	exp  goto 89
	list_exp  goto 121
	opt_list_exp  goto 150


state 120
	statement : RETURN exp ';' .  (33)

	.  reduce 33


state 121
	opt_list_exp : list_exp .  (52)
	list_exp : list_exp . ',' exp  (54)

	','  shift 124
	')'  reduce 52


state 122
	statement : ID '(' opt_list_exp . ')' ';'  (39)
	exp : ID '(' opt_list_exp . ')'  (72)

	')'  shift 151
	.  error


state 123
	statement : WRITE list_exp ';' .  (35)

	.  reduce 35


state 124
	list_exp : list_exp ',' . exp  (54)

	INT_CONSTANT  shift 65
	REAL_CONSTANT  shift 66
	ID  shift 86
	CHAR_CONSTANT  shift 73
	'!'  shift 76
	'-'  shift 77
	'('  shift 78
	.  error

	exp  goto 152


state 125
	if_else : IF '(' exp . ')' '{' statements '}' ELSE '{' statements '}'  (46)
	if_else : IF '(' exp . ')' '{' statements '}' ELSE statement  (47)
	if_else : IF '(' exp . ')' statement ELSE '{' statements '}'  (48)
	if_else : IF '(' exp . ')' statement ELSE statement  (49)
	if_else : IF '(' exp . ')' '{' statements '}'  (50)
	if_else : IF '(' exp . ')' statement  (51)
	exp : exp . '+' exp  (56)
	exp : exp . '*' exp  (57)
	exp : exp . '/' exp  (58)
	exp : exp . '-' exp  (59)
	exp : exp . '%' exp  (60)
	exp : exp . EQ exp  (61)
	exp : exp . NOT_EQ exp  (62)
	exp : exp . '>' exp  (63)
	exp : exp . '<' exp  (64)
	exp : exp . L_EQ exp  (65)
	exp : exp . G_EQ exp  (66)
	exp : exp . AND exp  (67)
	exp : exp . OR exp  (68)
	exp : exp . '[' exp ']'  (70)
	exp : exp . '.' ID  (71)

	EQ  shift 100
	OR  shift 101
	AND  shift 102
	NOT_EQ  shift 103
	G_EQ  shift 104
	L_EQ  shift 105
	'>'  shift 109
	'<'  shift 110
	'+'  shift 111
	'-'  shift 112
	'*'  shift 113
	'/'  shift 114
	'%'  shift 115
	'['  shift 116
	'.'  shift 117
	')'  shift 153
	.  error


state 126
	statement : READ list_exp ';' .  (34)

	.  reduce 34


state 127
	while : WHILE '(' exp . ')' '{' statements '}'  (44)
	while : WHILE '(' exp . ')' statement  (45)
	exp : exp . '+' exp  (56)
	exp : exp . '*' exp  (57)
	exp : exp . '/' exp  (58)
	exp : exp . '-' exp  (59)
	exp : exp . '%' exp  (60)
	exp : exp . EQ exp  (61)
	exp : exp . NOT_EQ exp  (62)
	exp : exp . '>' exp  (63)
	exp : exp . '<' exp  (64)
	exp : exp . L_EQ exp  (65)
	exp : exp . G_EQ exp  (66)
	exp : exp . AND exp  (67)
	exp : exp . OR exp  (68)
	exp : exp . '[' exp ']'  (70)
	exp : exp . '.' ID  (71)

	EQ  shift 100
	OR  shift 101
	AND  shift 102
	NOT_EQ  shift 103
	G_EQ  shift 104
	L_EQ  shift 105
	'>'  shift 109
	'<'  shift 110
	'+'  shift 111
	'-'  shift 112
	'*'  shift 113
	'/'  shift 114
	'%'  shift 115
	'['  shift 116
	'.'  shift 117
	')'  shift 154
	.  error


state 128
	statement : INC exp ';' .  (42)

	.  reduce 42


state 129
	statement : DEC exp ';' .  (43)

	.  reduce 43


state 130
	exp : '(' p_type ')' . exp  (69)

	INT_CONSTANT  shift 65
	REAL_CONSTANT  shift 66
	ID  shift 86
	CHAR_CONSTANT  shift 73
	'!'  shift 76
	'-'  shift 77
	'('  shift 78
	.  error

	exp  goto 155


state 131
	exp : '(' exp ')' .  (74)

	.  reduce 74


state 132
	exp : exp . '+' exp  (56)
	exp : exp . '*' exp  (57)
	exp : exp . '/' exp  (58)
	exp : exp . '-' exp  (59)
	exp : exp . '%' exp  (60)
	exp : exp . EQ exp  (61)
	exp : exp EQ exp .  (61)
	exp : exp . NOT_EQ exp  (62)
	exp : exp . '>' exp  (63)
	exp : exp . '<' exp  (64)
	exp : exp . L_EQ exp  (65)
	exp : exp . G_EQ exp  (66)
	exp : exp . AND exp  (67)
	exp : exp . OR exp  (68)
	exp : exp . '[' exp ']'  (70)
	exp : exp . '.' ID  (71)

	G_EQ  shift 104
	L_EQ  shift 105
	'>'  shift 109
	'<'  shift 110
	'+'  shift 111
	'-'  shift 112
	'*'  shift 113
	'/'  shift 114
	'%'  shift 115
	'['  shift 116
	'.'  shift 117
	EQ  reduce 61
	OR  reduce 61
	AND  reduce 61
	NOT_EQ  reduce 61
	INC  reduce 61
	DEC  reduce 61
	'='  reduce 61
	']'  reduce 61
	')'  reduce 61
	';'  reduce 61
	','  reduce 61


state 133
	exp : exp . '+' exp  (56)
	exp : exp . '*' exp  (57)
	exp : exp . '/' exp  (58)
	exp : exp . '-' exp  (59)
	exp : exp . '%' exp  (60)
	exp : exp . EQ exp  (61)
	exp : exp . NOT_EQ exp  (62)
	exp : exp . '>' exp  (63)
	exp : exp . '<' exp  (64)
	exp : exp . L_EQ exp  (65)
	exp : exp . G_EQ exp  (66)
	exp : exp . AND exp  (67)
	exp : exp . OR exp  (68)
	exp : exp OR exp .  (68)
	exp : exp . '[' exp ']'  (70)
	exp : exp . '.' ID  (71)

	EQ  shift 100
	NOT_EQ  shift 103
	G_EQ  shift 104
	L_EQ  shift 105
	'>'  shift 109
	'<'  shift 110
	'+'  shift 111
	'-'  shift 112
	'*'  shift 113
	'/'  shift 114
	'%'  shift 115
	'['  shift 116
	'.'  shift 117
	OR  reduce 68
	AND  reduce 68
	INC  reduce 68
	DEC  reduce 68
	'='  reduce 68
	']'  reduce 68
	')'  reduce 68
	';'  reduce 68
	','  reduce 68


state 134
	exp : exp . '+' exp  (56)
	exp : exp . '*' exp  (57)
	exp : exp . '/' exp  (58)
	exp : exp . '-' exp  (59)
	exp : exp . '%' exp  (60)
	exp : exp . EQ exp  (61)
	exp : exp . NOT_EQ exp  (62)
	exp : exp . '>' exp  (63)
	exp : exp . '<' exp  (64)
	exp : exp . L_EQ exp  (65)
	exp : exp . G_EQ exp  (66)
	exp : exp . AND exp  (67)
	exp : exp AND exp .  (67)
	exp : exp . OR exp  (68)
	exp : exp . '[' exp ']'  (70)
	exp : exp . '.' ID  (71)

	EQ  shift 100
	NOT_EQ  shift 103
	G_EQ  shift 104
	L_EQ  shift 105
	'>'  shift 109
	'<'  shift 110
	'+'  shift 111
	'-'  shift 112
	'*'  shift 113
	'/'  shift 114
	'%'  shift 115
	'['  shift 116
	'.'  shift 117
	OR  reduce 67
	AND  reduce 67
	INC  reduce 67
	DEC  reduce 67
	'='  reduce 67
	']'  reduce 67
	')'  reduce 67
	';'  reduce 67
	','  reduce 67


state 135
	exp : exp . '+' exp  (56)
	exp : exp . '*' exp  (57)
	exp : exp . '/' exp  (58)
	exp : exp . '-' exp  (59)
	exp : exp . '%' exp  (60)
	exp : exp . EQ exp  (61)
	exp : exp . NOT_EQ exp  (62)
	exp : exp NOT_EQ exp .  (62)
	exp : exp . '>' exp  (63)
	exp : exp . '<' exp  (64)
	exp : exp . L_EQ exp  (65)
	exp : exp . G_EQ exp  (66)
	exp : exp . AND exp  (67)
	exp : exp . OR exp  (68)
	exp : exp . '[' exp ']'  (70)
	exp : exp . '.' ID  (71)

	G_EQ  shift 104
	L_EQ  shift 105
	'>'  shift 109
	'<'  shift 110
	'+'  shift 111
	'-'  shift 112
	'*'  shift 113
	'/'  shift 114
	'%'  shift 115
	'['  shift 116
	'.'  shift 117
	EQ  reduce 62
	OR  reduce 62
	AND  reduce 62
	NOT_EQ  reduce 62
	INC  reduce 62
	DEC  reduce 62
	'='  reduce 62
	']'  reduce 62
	')'  reduce 62
	';'  reduce 62
	','  reduce 62


state 136
	exp : exp . '+' exp  (56)
	exp : exp . '*' exp  (57)
	exp : exp . '/' exp  (58)
	exp : exp . '-' exp  (59)
	exp : exp . '%' exp  (60)
	exp : exp . EQ exp  (61)
	exp : exp . NOT_EQ exp  (62)
	exp : exp . '>' exp  (63)
	exp : exp . '<' exp  (64)
	exp : exp . L_EQ exp  (65)
	exp : exp . G_EQ exp  (66)
	exp : exp G_EQ exp .  (66)
	exp : exp . AND exp  (67)
	exp : exp . OR exp  (68)
	exp : exp . '[' exp ']'  (70)
	exp : exp . '.' ID  (71)

	'+'  shift 111
	'-'  shift 112
	'*'  shift 113
	'/'  shift 114
	'%'  shift 115
	'['  shift 116
	'.'  shift 117
	EQ  reduce 66
	OR  reduce 66
	AND  reduce 66
	NOT_EQ  reduce 66
	G_EQ  reduce 66
	L_EQ  reduce 66
	INC  reduce 66
	DEC  reduce 66
	'='  reduce 66
	'>'  reduce 66
	'<'  reduce 66
	']'  reduce 66
	')'  reduce 66
	';'  reduce 66
	','  reduce 66


state 137
	exp : exp . '+' exp  (56)
	exp : exp . '*' exp  (57)
	exp : exp . '/' exp  (58)
	exp : exp . '-' exp  (59)
	exp : exp . '%' exp  (60)
	exp : exp . EQ exp  (61)
	exp : exp . NOT_EQ exp  (62)
	exp : exp . '>' exp  (63)
	exp : exp . '<' exp  (64)
	exp : exp . L_EQ exp  (65)
	exp : exp L_EQ exp .  (65)
	exp : exp . G_EQ exp  (66)
	exp : exp . AND exp  (67)
	exp : exp . OR exp  (68)
	exp : exp . '[' exp ']'  (70)
	exp : exp . '.' ID  (71)

	'+'  shift 111
	'-'  shift 112
	'*'  shift 113
	'/'  shift 114
	'%'  shift 115
	'['  shift 116
	'.'  shift 117
	EQ  reduce 65
	OR  reduce 65
	AND  reduce 65
	NOT_EQ  reduce 65
	G_EQ  reduce 65
	L_EQ  reduce 65
	INC  reduce 65
	DEC  reduce 65
	'='  reduce 65
	'>'  reduce 65
	'<'  reduce 65
	']'  reduce 65
	')'  reduce 65
	';'  reduce 65
	','  reduce 65


state 138
	statement : exp INC ';' .  (40)

	.  reduce 40


state 139
	statement : exp DEC ';' .  (41)

	.  reduce 41


state 140
	statement : exp '=' exp . ';'  (38)
	exp : exp . '+' exp  (56)
	exp : exp . '*' exp  (57)
	exp : exp . '/' exp  (58)
	exp : exp . '-' exp  (59)
	exp : exp . '%' exp  (60)
	exp : exp . EQ exp  (61)
	exp : exp . NOT_EQ exp  (62)
	exp : exp . '>' exp  (63)
	exp : exp . '<' exp  (64)
	exp : exp . L_EQ exp  (65)
	exp : exp . G_EQ exp  (66)
	exp : exp . AND exp  (67)
	exp : exp . OR exp  (68)
	exp : exp . '[' exp ']'  (70)
	exp : exp . '.' ID  (71)

	EQ  shift 100
	OR  shift 101
	AND  shift 102
	NOT_EQ  shift 103
	G_EQ  shift 104
	L_EQ  shift 105
	'>'  shift 109
	'<'  shift 110
	'+'  shift 111
	'-'  shift 112
	'*'  shift 113
	'/'  shift 114
	'%'  shift 115
	'['  shift 116
	'.'  shift 117
	';'  shift 156
	.  error


state 141
	exp : exp . '+' exp  (56)
	exp : exp . '*' exp  (57)
	exp : exp . '/' exp  (58)
	exp : exp . '-' exp  (59)
	exp : exp . '%' exp  (60)
	exp : exp . EQ exp  (61)
	exp : exp . NOT_EQ exp  (62)
	exp : exp . '>' exp  (63)
	exp : exp '>' exp .  (63)
	exp : exp . '<' exp  (64)
	exp : exp . L_EQ exp  (65)
	exp : exp . G_EQ exp  (66)
	exp : exp . AND exp  (67)
	exp : exp . OR exp  (68)
	exp : exp . '[' exp ']'  (70)
	exp : exp . '.' ID  (71)

	'+'  shift 111
	'-'  shift 112
	'*'  shift 113
	'/'  shift 114
	'%'  shift 115
	'['  shift 116
	'.'  shift 117
	EQ  reduce 63
	OR  reduce 63
	AND  reduce 63
	NOT_EQ  reduce 63
	G_EQ  reduce 63
	L_EQ  reduce 63
	INC  reduce 63
	DEC  reduce 63
	'='  reduce 63
	'>'  reduce 63
	'<'  reduce 63
	']'  reduce 63
	')'  reduce 63
	';'  reduce 63
	','  reduce 63


state 142
	exp : exp . '+' exp  (56)
	exp : exp . '*' exp  (57)
	exp : exp . '/' exp  (58)
	exp : exp . '-' exp  (59)
	exp : exp . '%' exp  (60)
	exp : exp . EQ exp  (61)
	exp : exp . NOT_EQ exp  (62)
	exp : exp . '>' exp  (63)
	exp : exp . '<' exp  (64)
	exp : exp '<' exp .  (64)
	exp : exp . L_EQ exp  (65)
	exp : exp . G_EQ exp  (66)
	exp : exp . AND exp  (67)
	exp : exp . OR exp  (68)
	exp : exp . '[' exp ']'  (70)
	exp : exp . '.' ID  (71)

	'+'  shift 111
	'-'  shift 112
	'*'  shift 113
	'/'  shift 114
	'%'  shift 115
	'['  shift 116
	'.'  shift 117
	EQ  reduce 64
	OR  reduce 64
	AND  reduce 64
	NOT_EQ  reduce 64
	G_EQ  reduce 64
	L_EQ  reduce 64
	INC  reduce 64
	DEC  reduce 64
	'='  reduce 64
	'>'  reduce 64
	'<'  reduce 64
	']'  reduce 64
	')'  reduce 64
	';'  reduce 64
	','  reduce 64


state 143
	exp : exp . '+' exp  (56)
	exp : exp '+' exp .  (56)
	exp : exp . '*' exp  (57)
	exp : exp . '/' exp  (58)
	exp : exp . '-' exp  (59)
	exp : exp . '%' exp  (60)
	exp : exp . EQ exp  (61)
	exp : exp . NOT_EQ exp  (62)
	exp : exp . '>' exp  (63)
	exp : exp . '<' exp  (64)
	exp : exp . L_EQ exp  (65)
	exp : exp . G_EQ exp  (66)
	exp : exp . AND exp  (67)
	exp : exp . OR exp  (68)
	exp : exp . '[' exp ']'  (70)
	exp : exp . '.' ID  (71)

	'*'  shift 113
	'/'  shift 114
	'%'  shift 115
	'['  shift 116
	'.'  shift 117
	EQ  reduce 56
	OR  reduce 56
	AND  reduce 56
	NOT_EQ  reduce 56
	G_EQ  reduce 56
	L_EQ  reduce 56
	INC  reduce 56
	DEC  reduce 56
	'='  reduce 56
	'>'  reduce 56
	'<'  reduce 56
	'+'  reduce 56
	'-'  reduce 56
	']'  reduce 56
	')'  reduce 56
	';'  reduce 56
	','  reduce 56


state 144
	exp : exp . '+' exp  (56)
	exp : exp . '*' exp  (57)
	exp : exp . '/' exp  (58)
	exp : exp . '-' exp  (59)
	exp : exp '-' exp .  (59)
	exp : exp . '%' exp  (60)
	exp : exp . EQ exp  (61)
	exp : exp . NOT_EQ exp  (62)
	exp : exp . '>' exp  (63)
	exp : exp . '<' exp  (64)
	exp : exp . L_EQ exp  (65)
	exp : exp . G_EQ exp  (66)
	exp : exp . AND exp  (67)
	exp : exp . OR exp  (68)
	exp : exp . '[' exp ']'  (70)
	exp : exp . '.' ID  (71)

	'*'  shift 113
	'/'  shift 114
	'%'  shift 115
	'['  shift 116
	'.'  shift 117
	EQ  reduce 59
	OR  reduce 59
	AND  reduce 59
	NOT_EQ  reduce 59
	G_EQ  reduce 59
	L_EQ  reduce 59
	INC  reduce 59
	DEC  reduce 59
	'='  reduce 59
	'>'  reduce 59
	'<'  reduce 59
	'+'  reduce 59
	'-'  reduce 59
	']'  reduce 59
	')'  reduce 59
	';'  reduce 59
	','  reduce 59


state 145
	exp : exp . '+' exp  (56)
	exp : exp . '*' exp  (57)
	exp : exp '*' exp .  (57)
	exp : exp . '/' exp  (58)
	exp : exp . '-' exp  (59)
	exp : exp . '%' exp  (60)
	exp : exp . EQ exp  (61)
	exp : exp . NOT_EQ exp  (62)
	exp : exp . '>' exp  (63)
	exp : exp . '<' exp  (64)
	exp : exp . L_EQ exp  (65)
	exp : exp . G_EQ exp  (66)
	exp : exp . AND exp  (67)
	exp : exp . OR exp  (68)
	exp : exp . '[' exp ']'  (70)
	exp : exp . '.' ID  (71)

	'['  shift 116
	'.'  shift 117
	EQ  reduce 57
	OR  reduce 57
	AND  reduce 57
	NOT_EQ  reduce 57
	G_EQ  reduce 57
	L_EQ  reduce 57
	INC  reduce 57
	DEC  reduce 57
	'='  reduce 57
	'>'  reduce 57
	'<'  reduce 57
	'+'  reduce 57
	'-'  reduce 57
	'*'  reduce 57
	'/'  reduce 57
	'%'  reduce 57
	']'  reduce 57
	')'  reduce 57
	';'  reduce 57
	','  reduce 57


state 146
	exp : exp . '+' exp  (56)
	exp : exp . '*' exp  (57)
	exp : exp . '/' exp  (58)
	exp : exp '/' exp .  (58)
	exp : exp . '-' exp  (59)
	exp : exp . '%' exp  (60)
	exp : exp . EQ exp  (61)
	exp : exp . NOT_EQ exp  (62)
	exp : exp . '>' exp  (63)
	exp : exp . '<' exp  (64)
	exp : exp . L_EQ exp  (65)
	exp : exp . G_EQ exp  (66)
	exp : exp . AND exp  (67)
	exp : exp . OR exp  (68)
	exp : exp . '[' exp ']'  (70)
	exp : exp . '.' ID  (71)

	'['  shift 116
	'.'  shift 117
	EQ  reduce 58
	OR  reduce 58
	AND  reduce 58
	NOT_EQ  reduce 58
	G_EQ  reduce 58
	L_EQ  reduce 58
	INC  reduce 58
	DEC  reduce 58
	'='  reduce 58
	'>'  reduce 58
	'<'  reduce 58
	'+'  reduce 58
	'-'  reduce 58
	'*'  reduce 58
	'/'  reduce 58
	'%'  reduce 58
	']'  reduce 58
	')'  reduce 58
	';'  reduce 58
	','  reduce 58


state 147
	exp : exp . '+' exp  (56)
	exp : exp . '*' exp  (57)
	exp : exp . '/' exp  (58)
	exp : exp . '-' exp  (59)
	exp : exp . '%' exp  (60)
	exp : exp '%' exp .  (60)
	exp : exp . EQ exp  (61)
	exp : exp . NOT_EQ exp  (62)
	exp : exp . '>' exp  (63)
	exp : exp . '<' exp  (64)
	exp : exp . L_EQ exp  (65)
	exp : exp . G_EQ exp  (66)
	exp : exp . AND exp  (67)
	exp : exp . OR exp  (68)
	exp : exp . '[' exp ']'  (70)
	exp : exp . '.' ID  (71)

	'['  shift 116
	'.'  shift 117
	EQ  reduce 60
	OR  reduce 60
	AND  reduce 60
	NOT_EQ  reduce 60
	G_EQ  reduce 60
	L_EQ  reduce 60
	INC  reduce 60
	DEC  reduce 60
	'='  reduce 60
	'>'  reduce 60
	'<'  reduce 60
	'+'  reduce 60
	'-'  reduce 60
	'*'  reduce 60
	'/'  reduce 60
	'%'  reduce 60
	']'  reduce 60
	')'  reduce 60
	';'  reduce 60
	','  reduce 60


state 148
	exp : exp . '+' exp  (56)
	exp : exp . '*' exp  (57)
	exp : exp . '/' exp  (58)
	exp : exp . '-' exp  (59)
	exp : exp . '%' exp  (60)
	exp : exp . EQ exp  (61)
	exp : exp . NOT_EQ exp  (62)
	exp : exp . '>' exp  (63)
	exp : exp . '<' exp  (64)
	exp : exp . L_EQ exp  (65)
	exp : exp . G_EQ exp  (66)
	exp : exp . AND exp  (67)
	exp : exp . OR exp  (68)
	exp : exp . '[' exp ']'  (70)
	exp : exp '[' exp . ']'  (70)
	exp : exp . '.' ID  (71)

	EQ  shift 100
	OR  shift 101
	AND  shift 102
	NOT_EQ  shift 103
	G_EQ  shift 104
	L_EQ  shift 105
	'>'  shift 109
	'<'  shift 110
	'+'  shift 111
	'-'  shift 112
	'*'  shift 113
	'/'  shift 114
	'%'  shift 115
	'['  shift 116
	']'  shift 157
	'.'  shift 117
	.  error


state 149
	exp : exp '.' ID .  (71)

	.  reduce 71


state 150
	exp : ID '(' opt_list_exp . ')'  (72)

	')'  shift 158
	.  error


state 151
	statement : ID '(' opt_list_exp ')' . ';'  (39)
	exp : ID '(' opt_list_exp ')' .  (72)

	';'  shift 159
	EQ  reduce 72
	OR  reduce 72
	AND  reduce 72
	NOT_EQ  reduce 72
	G_EQ  reduce 72
	L_EQ  reduce 72
	INC  reduce 72
	DEC  reduce 72
	'='  reduce 72
	'>'  reduce 72
	'<'  reduce 72
	'+'  reduce 72
	'-'  reduce 72
	'*'  reduce 72
	'/'  reduce 72
	'%'  reduce 72
	'['  reduce 72
	'.'  reduce 72


state 152
	list_exp : list_exp ',' exp .  (54)
	exp : exp . '+' exp  (56)
	exp : exp . '*' exp  (57)
	exp : exp . '/' exp  (58)
	exp : exp . '-' exp  (59)
	exp : exp . '%' exp  (60)
	exp : exp . EQ exp  (61)
	exp : exp . NOT_EQ exp  (62)
	exp : exp . '>' exp  (63)
	exp : exp . '<' exp  (64)
	exp : exp . L_EQ exp  (65)
	exp : exp . G_EQ exp  (66)
	exp : exp . AND exp  (67)
	exp : exp . OR exp  (68)
	exp : exp . '[' exp ']'  (70)
	exp : exp . '.' ID  (71)

	EQ  shift 100
	OR  shift 101
	AND  shift 102
	NOT_EQ  shift 103
	G_EQ  shift 104
	L_EQ  shift 105
	'>'  shift 109
	'<'  shift 110
	'+'  shift 111
	'-'  shift 112
	'*'  shift 113
	'/'  shift 114
	'%'  shift 115
	'['  shift 116
	'.'  shift 117
	')'  reduce 54
	';'  reduce 54
	','  reduce 54


state 153
	if_else : IF '(' exp ')' . '{' statements '}' ELSE '{' statements '}'  (46)
	if_else : IF '(' exp ')' . '{' statements '}' ELSE statement  (47)
	if_else : IF '(' exp ')' . statement ELSE '{' statements '}'  (48)
	if_else : IF '(' exp ')' . statement ELSE statement  (49)
	if_else : IF '(' exp ')' . '{' statements '}'  (50)
	if_else : IF '(' exp ')' . statement  (51)

	INT_CONSTANT  shift 65
	REAL_CONSTANT  shift 66
	RETURN  shift 67
	ID  shift 68
	WRITE  shift 69
	IF  shift 70
	READ  shift 71
	WHILE  shift 72
	CHAR_CONSTANT  shift 73
	INC  shift 74
	DEC  shift 75
	'!'  shift 76
	'-'  shift 77
	'('  shift 78
	'{'  shift 160
	.  error

	statement  goto 161
	exp  goto 81
	if_else  goto 82
	while  goto 83


state 154
	while : WHILE '(' exp ')' . '{' statements '}'  (44)
	while : WHILE '(' exp ')' . statement  (45)

	INT_CONSTANT  shift 65
	REAL_CONSTANT  shift 66
	RETURN  shift 67
	ID  shift 68
	WRITE  shift 69
	IF  shift 70
	READ  shift 71
	WHILE  shift 72
	CHAR_CONSTANT  shift 73
	INC  shift 74
	DEC  shift 75
	'!'  shift 76
	'-'  shift 77
	'('  shift 78
	'{'  shift 162
	.  error

	statement  goto 163
	exp  goto 81
	if_else  goto 82
	while  goto 83


state 155
	exp : exp . '+' exp  (56)
	exp : exp . '*' exp  (57)
	exp : exp . '/' exp  (58)
	exp : exp . '-' exp  (59)
	exp : exp . '%' exp  (60)
	exp : exp . EQ exp  (61)
	exp : exp . NOT_EQ exp  (62)
	exp : exp . '>' exp  (63)
	exp : exp . '<' exp  (64)
	exp : exp . L_EQ exp  (65)
	exp : exp . G_EQ exp  (66)
	exp : exp . AND exp  (67)
	exp : exp . OR exp  (68)
	exp : '(' p_type ')' exp .  (69)
	exp : exp . '[' exp ']'  (70)
	exp : exp . '.' ID  (71)

	'['  shift 116
	'.'  shift 117
	EQ  reduce 69
	OR  reduce 69
	AND  reduce 69
	NOT_EQ  reduce 69
	G_EQ  reduce 69
	L_EQ  reduce 69
	INC  reduce 69
	DEC  reduce 69
	'='  reduce 69
	'>'  reduce 69
	'<'  reduce 69
	'+'  reduce 69
	'-'  reduce 69
	'*'  reduce 69
	'/'  reduce 69
	'%'  reduce 69
	']'  reduce 69
	')'  reduce 69
	';'  reduce 69
	','  reduce 69


state 156
	statement : exp '=' exp ';' .  (38)

	.  reduce 38


state 157
	exp : exp '[' exp ']' .  (70)

	.  reduce 70


state 158
	exp : ID '(' opt_list_exp ')' .  (72)

	.  reduce 72


state 159
	statement : ID '(' opt_list_exp ')' ';' .  (39)

	.  reduce 39


state 160
	if_else : IF '(' exp ')' '{' . statements '}' ELSE '{' statements '}'  (46)
	if_else : IF '(' exp ')' '{' . statements '}' ELSE statement  (47)
	if_else : IF '(' exp ')' '{' . statements '}'  (50)
	statements : .  (32)

	.  reduce 32

	statements  goto 164


state 161
	if_else : IF '(' exp ')' statement . ELSE '{' statements '}'  (48)
	if_else : IF '(' exp ')' statement . ELSE statement  (49)
	if_else : IF '(' exp ')' statement .  (51)

	ELSE  shift 165
	INT_CONSTANT  reduce 51
	REAL_CONSTANT  reduce 51
	RETURN  reduce 51
	ID  reduce 51
	WRITE  reduce 51
	IF  reduce 51
	READ  reduce 51
	WHILE  reduce 51
	CHAR_CONSTANT  reduce 51
	INC  reduce 51
	DEC  reduce 51
	'!'  reduce 51
	'-'  reduce 51
	'('  reduce 51
	'}'  reduce 51


state 162
	while : WHILE '(' exp ')' '{' . statements '}'  (44)
	statements : .  (32)

	.  reduce 32

	statements  goto 166


state 163
	while : WHILE '(' exp ')' statement .  (45)

	.  reduce 45


state 164
	statements : statements . statement  (31)
	if_else : IF '(' exp ')' '{' statements . '}' ELSE '{' statements '}'  (46)
	if_else : IF '(' exp ')' '{' statements . '}' ELSE statement  (47)
	if_else : IF '(' exp ')' '{' statements . '}'  (50)

	INT_CONSTANT  shift 65
	REAL_CONSTANT  shift 66
	RETURN  shift 67
	ID  shift 68
	WRITE  shift 69
	IF  shift 70
	READ  shift 71
	WHILE  shift 72
	CHAR_CONSTANT  shift 73
	INC  shift 74
	DEC  shift 75
	'!'  shift 76
	'-'  shift 77
	'('  shift 78
	'}'  shift 167
	.  error

	statement  goto 80
	exp  goto 81
	if_else  goto 82
	while  goto 83


state 165
	if_else : IF '(' exp ')' statement ELSE . '{' statements '}'  (48)
	if_else : IF '(' exp ')' statement ELSE . statement  (49)

	INT_CONSTANT  shift 65
	REAL_CONSTANT  shift 66
	RETURN  shift 67
	ID  shift 68
	WRITE  shift 69
	IF  shift 70
	READ  shift 71
	WHILE  shift 72
	CHAR_CONSTANT  shift 73
	INC  shift 74
	DEC  shift 75
	'!'  shift 76
	'-'  shift 77
	'('  shift 78
	'{'  shift 168
	.  error

	statement  goto 169
	exp  goto 81
	if_else  goto 82
	while  goto 83


state 166
	statements : statements . statement  (31)
	while : WHILE '(' exp ')' '{' statements . '}'  (44)

	INT_CONSTANT  shift 65
	REAL_CONSTANT  shift 66
	RETURN  shift 67
	ID  shift 68
	WRITE  shift 69
	IF  shift 70
	READ  shift 71
	WHILE  shift 72
	CHAR_CONSTANT  shift 73
	INC  shift 74
	DEC  shift 75
	'!'  shift 76
	'-'  shift 77
	'('  shift 78
	'}'  shift 170
	.  error

	statement  goto 80
	exp  goto 81
	if_else  goto 82
	while  goto 83


state 167
	if_else : IF '(' exp ')' '{' statements '}' . ELSE '{' statements '}'  (46)
	if_else : IF '(' exp ')' '{' statements '}' . ELSE statement  (47)
	if_else : IF '(' exp ')' '{' statements '}' .  (50)

	ELSE  shift 171
	INT_CONSTANT  reduce 50
	REAL_CONSTANT  reduce 50
	RETURN  reduce 50
	ID  reduce 50
	WRITE  reduce 50
	IF  reduce 50
	READ  reduce 50
	WHILE  reduce 50
	CHAR_CONSTANT  reduce 50
	INC  reduce 50
	DEC  reduce 50
	'!'  reduce 50
	'-'  reduce 50
	'('  reduce 50
	'}'  reduce 50


state 168
	if_else : IF '(' exp ')' statement ELSE '{' . statements '}'  (48)
	statements : .  (32)

	.  reduce 32

	statements  goto 172


state 169
	if_else : IF '(' exp ')' statement ELSE statement .  (49)

	.  reduce 49


state 170
	while : WHILE '(' exp ')' '{' statements '}' .  (44)

	.  reduce 44


state 171
	if_else : IF '(' exp ')' '{' statements '}' ELSE . '{' statements '}'  (46)
	if_else : IF '(' exp ')' '{' statements '}' ELSE . statement  (47)

	INT_CONSTANT  shift 65
	REAL_CONSTANT  shift 66
	RETURN  shift 67
	ID  shift 68
	WRITE  shift 69
	IF  shift 70
	READ  shift 71
	WHILE  shift 72
	CHAR_CONSTANT  shift 73
	INC  shift 74
	DEC  shift 75
	'!'  shift 76
	'-'  shift 77
	'('  shift 78
	'{'  shift 173
	.  error

	statement  goto 174
	exp  goto 81
	if_else  goto 82
	while  goto 83


state 172
	statements : statements . statement  (31)
	if_else : IF '(' exp ')' statement ELSE '{' statements . '}'  (48)

	INT_CONSTANT  shift 65
	REAL_CONSTANT  shift 66
	RETURN  shift 67
	ID  shift 68
	WRITE  shift 69
	IF  shift 70
	READ  shift 71
	WHILE  shift 72
	CHAR_CONSTANT  shift 73
	INC  shift 74
	DEC  shift 75
	'!'  shift 76
	'-'  shift 77
	'('  shift 78
	'}'  shift 175
	.  error

	statement  goto 80
	exp  goto 81
	if_else  goto 82
	while  goto 83


state 173
	if_else : IF '(' exp ')' '{' statements '}' ELSE '{' . statements '}'  (46)
	statements : .  (32)

	.  reduce 32

	statements  goto 176


state 174
	if_else : IF '(' exp ')' '{' statements '}' ELSE statement .  (47)

	.  reduce 47


state 175
	if_else : IF '(' exp ')' statement ELSE '{' statements '}' .  (48)

	.  reduce 48


state 176
	statements : statements . statement  (31)
	if_else : IF '(' exp ')' '{' statements '}' ELSE '{' statements . '}'  (46)

	INT_CONSTANT  shift 65
	REAL_CONSTANT  shift 66
	RETURN  shift 67
	ID  shift 68
	WRITE  shift 69
	IF  shift 70
	READ  shift 71
	WHILE  shift 72
	CHAR_CONSTANT  shift 73
	INC  shift 74
	DEC  shift 75
	'!'  shift 76
	'-'  shift 77
	'('  shift 78
	'}'  shift 177
	.  error

	statement  goto 80
	exp  goto 81
	if_else  goto 82
	while  goto 83


state 177
	if_else : IF '(' exp ')' '{' statements '}' ELSE '{' statements '}' .  (46)

	.  reduce 46


48 terminals, 24 nonterminals
80 grammar rules, 178 states
