   0  $accept : program $end

   1  program : opt_def_glob_var main

   2  glob_def : var_def
   3           | func_def

   4  opt_def_glob_var : opt_def_glob_var glob_def
   5                   |

   6  var_def : p_type list_ident ';'
   7          | array list_ident ';'
   8          | struct_type list_ident ';'

   9  local_var_def : var_def

  10  opt_list_local_var : opt_list_local_var local_var_def
  11                     |

  12  opt_list_fields : opt_list_fields type list_ident ';'
  13                  |

  14  struct_type : STRUCT '{' opt_list_fields '}'

  15  main : VOID MAIN '(' ')' '{' opt_list_local_var statements '}'

  16  func_def : p_type ID '(' opt_list_param ')' '{' opt_list_local_var statements '}'
  17           | VOID ID '(' opt_list_param ')' '{' opt_list_local_var statements '}'

  18  list_param : list_param ',' p_type ID
  19             | p_type ID

  20  opt_list_param : list_param
  21                 |

  22  p_type : INT
  23         | DOUBLE
  24         | CHAR

  25  array : type '[' INT_CONSTANT ']'

  26  type : p_type
  27       | array
  28       | struct_type

  29  list_ident : list_ident ',' ID
  30             | ID

  31  statements : statements statement
  32             |

  33  statement : RETURN exp ';'
  34            | READ list_exp ';'
  35            | WRITE list_exp ';'
  36            | if_else
  37            | while
  38            | do_while
  39            | exp '=' exp ';'
  40            | ID '(' opt_list_exp ')' ';'

  41  while : WHILE '(' exp ')' '{' statements '}'
  42        | WHILE '(' exp ')' statement

  43  do_while : DO '{' statements '}' WHILE '(' exp ')' ';'

  44  if_else : IF '(' exp ')' '{' statements '}' ELSE '{' statements '}'
  45          | IF '(' exp ')' '{' statements '}' ELSE statement
  46          | IF '(' exp ')' statement ELSE '{' statements '}'
  47          | IF '(' exp ')' statement ELSE statement
  48          | IF '(' exp ')' '{' statements '}'
  49          | IF '(' exp ')' statement

  50  opt_list_exp : list_exp
  51               |

  52  list_exp : list_exp ',' exp
  53           | exp

  54  exp : exp '+' exp
  55      | exp '*' exp
  56      | exp '/' exp
  57      | exp '-' exp
  58      | exp '%' exp
  59      | exp EQ exp
  60      | exp NOT_EQ exp
  61      | exp '>' exp
  62      | exp '<' exp
  63      | exp L_EQ exp
  64      | exp G_EQ exp
  65      | exp AND exp
  66      | exp OR exp
  67      | '(' p_type ')' exp
  68      | exp '[' exp ']'
  69      | exp '.' ID
  70      | ID '(' opt_list_exp ')'
  71      | '-' exp
  72      | '(' exp ')'
  73      | '!' exp
  74      | INT_CONSTANT
  75      | ID
  76      | CHAR_CONSTANT
  77      | REAL_CONSTANT

state 0
	$accept : . program $end  (0)
	opt_def_glob_var : .  (5)

	.  reduce 5

	program  goto 1
	opt_def_glob_var  goto 2


state 1
	$accept : program . $end  (0)

	$end  accept


state 2
	program : opt_def_glob_var . main  (1)
	opt_def_glob_var : opt_def_glob_var . glob_def  (4)

	VOID  shift 3
	DOUBLE  shift 4
	CHAR  shift 5
	STRUCT  shift 6
	INT  shift 7
	.  error

	main  goto 8
	glob_def  goto 9
	var_def  goto 10
	func_def  goto 11
	p_type  goto 12
	array  goto 13
	struct_type  goto 14
	type  goto 15


state 3
	main : VOID . MAIN '(' ')' '{' opt_list_local_var statements '}'  (15)
	func_def : VOID . ID '(' opt_list_param ')' '{' opt_list_local_var statements '}'  (17)

	ID  shift 16
	MAIN  shift 17
	.  error


state 4
	p_type : DOUBLE .  (23)

	.  reduce 23


state 5
	p_type : CHAR .  (24)

	.  reduce 24


state 6
	struct_type : STRUCT . '{' opt_list_fields '}'  (14)

	'{'  shift 18
	.  error


state 7
	p_type : INT .  (22)

	.  reduce 22


state 8
	program : opt_def_glob_var main .  (1)

	.  reduce 1


state 9
	opt_def_glob_var : opt_def_glob_var glob_def .  (4)

	.  reduce 4


state 10
	glob_def : var_def .  (2)

	.  reduce 2


state 11
	glob_def : func_def .  (3)

	.  reduce 3


state 12
	var_def : p_type . list_ident ';'  (6)
	func_def : p_type . ID '(' opt_list_param ')' '{' opt_list_local_var statements '}'  (16)
	type : p_type .  (26)

	ID  shift 19
	'['  reduce 26

	list_ident  goto 20


state 13
	var_def : array . list_ident ';'  (7)
	type : array .  (27)

	ID  shift 21
	'['  reduce 27

	list_ident  goto 22


state 14
	var_def : struct_type . list_ident ';'  (8)
	type : struct_type .  (28)

	ID  shift 21
	'['  reduce 28

	list_ident  goto 23


state 15
	array : type . '[' INT_CONSTANT ']'  (25)

	'['  shift 24
	.  error


state 16
	func_def : VOID ID . '(' opt_list_param ')' '{' opt_list_local_var statements '}'  (17)

	'('  shift 25
	.  error


state 17
	main : VOID MAIN . '(' ')' '{' opt_list_local_var statements '}'  (15)

	'('  shift 26
	.  error


state 18
	struct_type : STRUCT '{' . opt_list_fields '}'  (14)
	opt_list_fields : .  (13)

	.  reduce 13

	opt_list_fields  goto 27


state 19
	func_def : p_type ID . '(' opt_list_param ')' '{' opt_list_local_var statements '}'  (16)
	list_ident : ID .  (30)

	'('  shift 28
	';'  reduce 30
	','  reduce 30


state 20
	var_def : p_type list_ident . ';'  (6)
	list_ident : list_ident . ',' ID  (29)

	';'  shift 29
	','  shift 30
	.  error


state 21
	list_ident : ID .  (30)

	.  reduce 30


state 22
	var_def : array list_ident . ';'  (7)
	list_ident : list_ident . ',' ID  (29)

	';'  shift 31
	','  shift 30
	.  error


state 23
	var_def : struct_type list_ident . ';'  (8)
	list_ident : list_ident . ',' ID  (29)

	';'  shift 32
	','  shift 30
	.  error


state 24
	array : type '[' . INT_CONSTANT ']'  (25)

	INT_CONSTANT  shift 33
	.  error


state 25
	func_def : VOID ID '(' . opt_list_param ')' '{' opt_list_local_var statements '}'  (17)
	opt_list_param : .  (21)

	DOUBLE  shift 4
	CHAR  shift 5
	INT  shift 7
	')'  reduce 21

	p_type  goto 34
	opt_list_param  goto 35
	list_param  goto 36


state 26
	main : VOID MAIN '(' . ')' '{' opt_list_local_var statements '}'  (15)

	')'  shift 37
	.  error


state 27
	opt_list_fields : opt_list_fields . type list_ident ';'  (12)
	struct_type : STRUCT '{' opt_list_fields . '}'  (14)

	DOUBLE  shift 4
	CHAR  shift 5
	STRUCT  shift 6
	INT  shift 7
	'}'  shift 38
	.  error

	p_type  goto 39
	array  goto 40
	struct_type  goto 41
	type  goto 42


state 28
	func_def : p_type ID '(' . opt_list_param ')' '{' opt_list_local_var statements '}'  (16)
	opt_list_param : .  (21)

	DOUBLE  shift 4
	CHAR  shift 5
	INT  shift 7
	')'  reduce 21

	p_type  goto 34
	opt_list_param  goto 43
	list_param  goto 36


state 29
	var_def : p_type list_ident ';' .  (6)

	.  reduce 6


state 30
	list_ident : list_ident ',' . ID  (29)

	ID  shift 44
	.  error


state 31
	var_def : array list_ident ';' .  (7)

	.  reduce 7


state 32
	var_def : struct_type list_ident ';' .  (8)

	.  reduce 8


state 33
	array : type '[' INT_CONSTANT . ']'  (25)

	']'  shift 45
	.  error


state 34
	list_param : p_type . ID  (19)

	ID  shift 46
	.  error


state 35
	func_def : VOID ID '(' opt_list_param . ')' '{' opt_list_local_var statements '}'  (17)

	')'  shift 47
	.  error


state 36
	list_param : list_param . ',' p_type ID  (18)
	opt_list_param : list_param .  (20)

	','  shift 48
	')'  reduce 20


state 37
	main : VOID MAIN '(' ')' . '{' opt_list_local_var statements '}'  (15)

	'{'  shift 49
	.  error


state 38
	struct_type : STRUCT '{' opt_list_fields '}' .  (14)

	.  reduce 14


state 39
	type : p_type .  (26)

	.  reduce 26


state 40
	type : array .  (27)

	.  reduce 27


state 41
	type : struct_type .  (28)

	.  reduce 28


state 42
	opt_list_fields : opt_list_fields type . list_ident ';'  (12)
	array : type . '[' INT_CONSTANT ']'  (25)

	ID  shift 21
	'['  shift 24
	.  error

	list_ident  goto 50


state 43
	func_def : p_type ID '(' opt_list_param . ')' '{' opt_list_local_var statements '}'  (16)

	')'  shift 51
	.  error


state 44
	list_ident : list_ident ',' ID .  (29)

	.  reduce 29


state 45
	array : type '[' INT_CONSTANT ']' .  (25)

	.  reduce 25


state 46
	list_param : p_type ID .  (19)

	.  reduce 19


state 47
	func_def : VOID ID '(' opt_list_param ')' . '{' opt_list_local_var statements '}'  (17)

	'{'  shift 52
	.  error


state 48
	list_param : list_param ',' . p_type ID  (18)

	DOUBLE  shift 4
	CHAR  shift 5
	INT  shift 7
	.  error

	p_type  goto 53


state 49
	main : VOID MAIN '(' ')' '{' . opt_list_local_var statements '}'  (15)
	opt_list_local_var : .  (11)

	.  reduce 11

	opt_list_local_var  goto 54


state 50
	opt_list_fields : opt_list_fields type list_ident . ';'  (12)
	list_ident : list_ident . ',' ID  (29)

	';'  shift 55
	','  shift 30
	.  error


state 51
	func_def : p_type ID '(' opt_list_param ')' . '{' opt_list_local_var statements '}'  (16)

	'{'  shift 56
	.  error


state 52
	func_def : VOID ID '(' opt_list_param ')' '{' . opt_list_local_var statements '}'  (17)
	opt_list_local_var : .  (11)

	.  reduce 11

	opt_list_local_var  goto 57


state 53
	list_param : list_param ',' p_type . ID  (18)

	ID  shift 58
	.  error


state 54
	opt_list_local_var : opt_list_local_var . local_var_def  (10)
	main : VOID MAIN '(' ')' '{' opt_list_local_var . statements '}'  (15)
	statements : .  (32)

	DOUBLE  shift 4
	CHAR  shift 5
	STRUCT  shift 6
	INT  shift 7
	INT_CONSTANT  reduce 32
	REAL_CONSTANT  reduce 32
	RETURN  reduce 32
	ID  reduce 32
	WRITE  reduce 32
	IF  reduce 32
	READ  reduce 32
	WHILE  reduce 32
	CHAR_CONSTANT  reduce 32
	DO  reduce 32
	'!'  reduce 32
	'-'  reduce 32
	'('  reduce 32
	'}'  reduce 32

	var_def  goto 59
	p_type  goto 60
	array  goto 13
	struct_type  goto 14
	local_var_def  goto 61
	type  goto 15
	statements  goto 62


state 55
	opt_list_fields : opt_list_fields type list_ident ';' .  (12)

	.  reduce 12


state 56
	func_def : p_type ID '(' opt_list_param ')' '{' . opt_list_local_var statements '}'  (16)
	opt_list_local_var : .  (11)

	.  reduce 11

	opt_list_local_var  goto 63


state 57
	opt_list_local_var : opt_list_local_var . local_var_def  (10)
	func_def : VOID ID '(' opt_list_param ')' '{' opt_list_local_var . statements '}'  (17)
	statements : .  (32)

	DOUBLE  shift 4
	CHAR  shift 5
	STRUCT  shift 6
	INT  shift 7
	INT_CONSTANT  reduce 32
	REAL_CONSTANT  reduce 32
	RETURN  reduce 32
	ID  reduce 32
	WRITE  reduce 32
	IF  reduce 32
	READ  reduce 32
	WHILE  reduce 32
	CHAR_CONSTANT  reduce 32
	DO  reduce 32
	'!'  reduce 32
	'-'  reduce 32
	'('  reduce 32
	'}'  reduce 32

	var_def  goto 59
	p_type  goto 60
	array  goto 13
	struct_type  goto 14
	local_var_def  goto 61
	type  goto 15
	statements  goto 64


state 58
	list_param : list_param ',' p_type ID .  (18)

	.  reduce 18


state 59
	local_var_def : var_def .  (9)

	.  reduce 9


state 60
	var_def : p_type . list_ident ';'  (6)
	type : p_type .  (26)

	ID  shift 21
	'['  reduce 26

	list_ident  goto 20


state 61
	opt_list_local_var : opt_list_local_var local_var_def .  (10)

	.  reduce 10


state 62
	main : VOID MAIN '(' ')' '{' opt_list_local_var statements . '}'  (15)
	statements : statements . statement  (31)

	INT_CONSTANT  shift 65
	REAL_CONSTANT  shift 66
	RETURN  shift 67
	ID  shift 68
	WRITE  shift 69
	IF  shift 70
	READ  shift 71
	WHILE  shift 72
	CHAR_CONSTANT  shift 73
	DO  shift 74
	'!'  shift 75
	'-'  shift 76
	'('  shift 77
	'}'  shift 78
	.  error

	statement  goto 79
	exp  goto 80
	if_else  goto 81
	while  goto 82
	do_while  goto 83


state 63
	opt_list_local_var : opt_list_local_var . local_var_def  (10)
	func_def : p_type ID '(' opt_list_param ')' '{' opt_list_local_var . statements '}'  (16)
	statements : .  (32)

	DOUBLE  shift 4
	CHAR  shift 5
	STRUCT  shift 6
	INT  shift 7
	INT_CONSTANT  reduce 32
	REAL_CONSTANT  reduce 32
	RETURN  reduce 32
	ID  reduce 32
	WRITE  reduce 32
	IF  reduce 32
	READ  reduce 32
	WHILE  reduce 32
	CHAR_CONSTANT  reduce 32
	DO  reduce 32
	'!'  reduce 32
	'-'  reduce 32
	'('  reduce 32
	'}'  reduce 32

	var_def  goto 59
	p_type  goto 60
	array  goto 13
	struct_type  goto 14
	local_var_def  goto 61
	type  goto 15
	statements  goto 84


state 64
	func_def : VOID ID '(' opt_list_param ')' '{' opt_list_local_var statements . '}'  (17)
	statements : statements . statement  (31)

	INT_CONSTANT  shift 65
	REAL_CONSTANT  shift 66
	RETURN  shift 67
	ID  shift 68
	WRITE  shift 69
	IF  shift 70
	READ  shift 71
	WHILE  shift 72
	CHAR_CONSTANT  shift 73
	DO  shift 74
	'!'  shift 75
	'-'  shift 76
	'('  shift 77
	'}'  shift 85
	.  error

	statement  goto 79
	exp  goto 80
	if_else  goto 81
	while  goto 82
	do_while  goto 83


state 65
	exp : INT_CONSTANT .  (74)

	.  reduce 74


state 66
	exp : REAL_CONSTANT .  (77)

	.  reduce 77


state 67
	statement : RETURN . exp ';'  (33)

	INT_CONSTANT  shift 65
	REAL_CONSTANT  shift 66
	ID  shift 86
	CHAR_CONSTANT  shift 73
	'!'  shift 75
	'-'  shift 76
	'('  shift 77
	.  error

	exp  goto 87


state 68
	statement : ID . '(' opt_list_exp ')' ';'  (40)
	exp : ID . '(' opt_list_exp ')'  (70)
	exp : ID .  (75)

	'('  shift 88
	EQ  reduce 75
	OR  reduce 75
	AND  reduce 75
	NOT_EQ  reduce 75
	G_EQ  reduce 75
	L_EQ  reduce 75
	'='  reduce 75
	'>'  reduce 75
	'<'  reduce 75
	'+'  reduce 75
	'-'  reduce 75
	'*'  reduce 75
	'/'  reduce 75
	'%'  reduce 75
	'['  reduce 75
	'.'  reduce 75


state 69
	statement : WRITE . list_exp ';'  (35)

	INT_CONSTANT  shift 65
	REAL_CONSTANT  shift 66
	ID  shift 86
	CHAR_CONSTANT  shift 73
	'!'  shift 75
	'-'  shift 76
	'('  shift 77
	.  error

	exp  goto 89
	list_exp  goto 90


state 70
	if_else : IF . '(' exp ')' '{' statements '}' ELSE '{' statements '}'  (44)
	if_else : IF . '(' exp ')' '{' statements '}' ELSE statement  (45)
	if_else : IF . '(' exp ')' statement ELSE '{' statements '}'  (46)
	if_else : IF . '(' exp ')' statement ELSE statement  (47)
	if_else : IF . '(' exp ')' '{' statements '}'  (48)
	if_else : IF . '(' exp ')' statement  (49)

	'('  shift 91
	.  error


state 71
	statement : READ . list_exp ';'  (34)

	INT_CONSTANT  shift 65
	REAL_CONSTANT  shift 66
	ID  shift 86
	CHAR_CONSTANT  shift 73
	'!'  shift 75
	'-'  shift 76
	'('  shift 77
	.  error

	exp  goto 89
	list_exp  goto 92


state 72
	while : WHILE . '(' exp ')' '{' statements '}'  (41)
	while : WHILE . '(' exp ')' statement  (42)

	'('  shift 93
	.  error


state 73
	exp : CHAR_CONSTANT .  (76)

	.  reduce 76


state 74
	do_while : DO . '{' statements '}' WHILE '(' exp ')' ';'  (43)

	'{'  shift 94
	.  error


state 75
	exp : '!' . exp  (73)

	INT_CONSTANT  shift 65
	REAL_CONSTANT  shift 66
	ID  shift 86
	CHAR_CONSTANT  shift 73
	'!'  shift 75
	'-'  shift 76
	'('  shift 77
	.  error

	exp  goto 95


state 76
	exp : '-' . exp  (71)

	INT_CONSTANT  shift 65
	REAL_CONSTANT  shift 66
	ID  shift 86
	CHAR_CONSTANT  shift 73
	'!'  shift 75
	'-'  shift 76
	'('  shift 77
	.  error

	exp  goto 96


state 77
	exp : '(' . p_type ')' exp  (67)
	exp : '(' . exp ')'  (72)

	INT_CONSTANT  shift 65
	REAL_CONSTANT  shift 66
	ID  shift 86
	DOUBLE  shift 4
	CHAR  shift 5
	INT  shift 7
	CHAR_CONSTANT  shift 73
	'!'  shift 75
	'-'  shift 76
	'('  shift 77
	.  error

	p_type  goto 97
	exp  goto 98


state 78
	main : VOID MAIN '(' ')' '{' opt_list_local_var statements '}' .  (15)

	.  reduce 15


state 79
	statements : statements statement .  (31)

	.  reduce 31


state 80
	statement : exp . '=' exp ';'  (39)
	exp : exp . '+' exp  (54)
	exp : exp . '*' exp  (55)
	exp : exp . '/' exp  (56)
	exp : exp . '-' exp  (57)
	exp : exp . '%' exp  (58)
	exp : exp . EQ exp  (59)
	exp : exp . NOT_EQ exp  (60)
	exp : exp . '>' exp  (61)
	exp : exp . '<' exp  (62)
	exp : exp . L_EQ exp  (63)
	exp : exp . G_EQ exp  (64)
	exp : exp . AND exp  (65)
	exp : exp . OR exp  (66)
	exp : exp . '[' exp ']'  (68)
	exp : exp . '.' ID  (69)

	EQ  shift 99
	OR  shift 100
	AND  shift 101
	NOT_EQ  shift 102
	G_EQ  shift 103
	L_EQ  shift 104
	'='  shift 105
	'>'  shift 106
	'<'  shift 107
	'+'  shift 108
	'-'  shift 109
	'*'  shift 110
	'/'  shift 111
	'%'  shift 112
	'['  shift 113
	'.'  shift 114
	.  error


state 81
	statement : if_else .  (36)

	.  reduce 36


state 82
	statement : while .  (37)

	.  reduce 37


state 83
	statement : do_while .  (38)

	.  reduce 38


state 84
	func_def : p_type ID '(' opt_list_param ')' '{' opt_list_local_var statements . '}'  (16)
	statements : statements . statement  (31)

	INT_CONSTANT  shift 65
	REAL_CONSTANT  shift 66
	RETURN  shift 67
	ID  shift 68
	WRITE  shift 69
	IF  shift 70
	READ  shift 71
	WHILE  shift 72
	CHAR_CONSTANT  shift 73
	DO  shift 74
	'!'  shift 75
	'-'  shift 76
	'('  shift 77
	'}'  shift 115
	.  error

	statement  goto 79
	exp  goto 80
	if_else  goto 81
	while  goto 82
	do_while  goto 83


state 85
	func_def : VOID ID '(' opt_list_param ')' '{' opt_list_local_var statements '}' .  (17)

	.  reduce 17


state 86
	exp : ID . '(' opt_list_exp ')'  (70)
	exp : ID .  (75)

	'('  shift 116
	EQ  reduce 75
	OR  reduce 75
	AND  reduce 75
	NOT_EQ  reduce 75
	G_EQ  reduce 75
	L_EQ  reduce 75
	'='  reduce 75
	'>'  reduce 75
	'<'  reduce 75
	'+'  reduce 75
	'-'  reduce 75
	'*'  reduce 75
	'/'  reduce 75
	'%'  reduce 75
	'['  reduce 75
	']'  reduce 75
	'.'  reduce 75
	')'  reduce 75
	';'  reduce 75
	','  reduce 75


state 87
	statement : RETURN exp . ';'  (33)
	exp : exp . '+' exp  (54)
	exp : exp . '*' exp  (55)
	exp : exp . '/' exp  (56)
	exp : exp . '-' exp  (57)
	exp : exp . '%' exp  (58)
	exp : exp . EQ exp  (59)
	exp : exp . NOT_EQ exp  (60)
	exp : exp . '>' exp  (61)
	exp : exp . '<' exp  (62)
	exp : exp . L_EQ exp  (63)
	exp : exp . G_EQ exp  (64)
	exp : exp . AND exp  (65)
	exp : exp . OR exp  (66)
	exp : exp . '[' exp ']'  (68)
	exp : exp . '.' ID  (69)

	EQ  shift 99
	OR  shift 100
	AND  shift 101
	NOT_EQ  shift 102
	G_EQ  shift 103
	L_EQ  shift 104
	'>'  shift 106
	'<'  shift 107
	'+'  shift 108
	'-'  shift 109
	'*'  shift 110
	'/'  shift 111
	'%'  shift 112
	'['  shift 113
	'.'  shift 114
	';'  shift 117
	.  error


state 88
	statement : ID '(' . opt_list_exp ')' ';'  (40)
	exp : ID '(' . opt_list_exp ')'  (70)
	opt_list_exp : .  (51)

	INT_CONSTANT  shift 65
	REAL_CONSTANT  shift 66
	ID  shift 86
	CHAR_CONSTANT  shift 73
	'!'  shift 75
	'-'  shift 76
	'('  shift 77
	')'  reduce 51

	exp  goto 89
	list_exp  goto 118
	opt_list_exp  goto 119


state 89
	list_exp : exp .  (53)
	exp : exp . '+' exp  (54)
	exp : exp . '*' exp  (55)
	exp : exp . '/' exp  (56)
	exp : exp . '-' exp  (57)
	exp : exp . '%' exp  (58)
	exp : exp . EQ exp  (59)
	exp : exp . NOT_EQ exp  (60)
	exp : exp . '>' exp  (61)
	exp : exp . '<' exp  (62)
	exp : exp . L_EQ exp  (63)
	exp : exp . G_EQ exp  (64)
	exp : exp . AND exp  (65)
	exp : exp . OR exp  (66)
	exp : exp . '[' exp ']'  (68)
	exp : exp . '.' ID  (69)

	EQ  shift 99
	OR  shift 100
	AND  shift 101
	NOT_EQ  shift 102
	G_EQ  shift 103
	L_EQ  shift 104
	'>'  shift 106
	'<'  shift 107
	'+'  shift 108
	'-'  shift 109
	'*'  shift 110
	'/'  shift 111
	'%'  shift 112
	'['  shift 113
	'.'  shift 114
	')'  reduce 53
	';'  reduce 53
	','  reduce 53


state 90
	statement : WRITE list_exp . ';'  (35)
	list_exp : list_exp . ',' exp  (52)

	';'  shift 120
	','  shift 121
	.  error


state 91
	if_else : IF '(' . exp ')' '{' statements '}' ELSE '{' statements '}'  (44)
	if_else : IF '(' . exp ')' '{' statements '}' ELSE statement  (45)
	if_else : IF '(' . exp ')' statement ELSE '{' statements '}'  (46)
	if_else : IF '(' . exp ')' statement ELSE statement  (47)
	if_else : IF '(' . exp ')' '{' statements '}'  (48)
	if_else : IF '(' . exp ')' statement  (49)

	INT_CONSTANT  shift 65
	REAL_CONSTANT  shift 66
	ID  shift 86
	CHAR_CONSTANT  shift 73
	'!'  shift 75
	'-'  shift 76
	'('  shift 77
	.  error

	exp  goto 122


state 92
	statement : READ list_exp . ';'  (34)
	list_exp : list_exp . ',' exp  (52)

	';'  shift 123
	','  shift 121
	.  error


state 93
	while : WHILE '(' . exp ')' '{' statements '}'  (41)
	while : WHILE '(' . exp ')' statement  (42)

	INT_CONSTANT  shift 65
	REAL_CONSTANT  shift 66
	ID  shift 86
	CHAR_CONSTANT  shift 73
	'!'  shift 75
	'-'  shift 76
	'('  shift 77
	.  error

	exp  goto 124


state 94
	do_while : DO '{' . statements '}' WHILE '(' exp ')' ';'  (43)
	statements : .  (32)

	.  reduce 32

	statements  goto 125


state 95
	exp : exp . '+' exp  (54)
	exp : exp . '*' exp  (55)
	exp : exp . '/' exp  (56)
	exp : exp . '-' exp  (57)
	exp : exp . '%' exp  (58)
	exp : exp . EQ exp  (59)
	exp : exp . NOT_EQ exp  (60)
	exp : exp . '>' exp  (61)
	exp : exp . '<' exp  (62)
	exp : exp . L_EQ exp  (63)
	exp : exp . G_EQ exp  (64)
	exp : exp . AND exp  (65)
	exp : exp . OR exp  (66)
	exp : exp . '[' exp ']'  (68)
	exp : exp . '.' ID  (69)
	exp : '!' exp .  (73)

	EQ  shift 99
	NOT_EQ  shift 102
	G_EQ  shift 103
	L_EQ  shift 104
	'>'  shift 106
	'<'  shift 107
	'+'  shift 108
	'-'  shift 109
	'*'  shift 110
	'/'  shift 111
	'%'  shift 112
	'['  shift 113
	'.'  shift 114
	OR  reduce 73
	AND  reduce 73
	'='  reduce 73
	']'  reduce 73
	')'  reduce 73
	';'  reduce 73
	','  reduce 73


state 96
	exp : exp . '+' exp  (54)
	exp : exp . '*' exp  (55)
	exp : exp . '/' exp  (56)
	exp : exp . '-' exp  (57)
	exp : exp . '%' exp  (58)
	exp : exp . EQ exp  (59)
	exp : exp . NOT_EQ exp  (60)
	exp : exp . '>' exp  (61)
	exp : exp . '<' exp  (62)
	exp : exp . L_EQ exp  (63)
	exp : exp . G_EQ exp  (64)
	exp : exp . AND exp  (65)
	exp : exp . OR exp  (66)
	exp : exp . '[' exp ']'  (68)
	exp : exp . '.' ID  (69)
	exp : '-' exp .  (71)

	'['  shift 113
	'.'  shift 114
	EQ  reduce 71
	OR  reduce 71
	AND  reduce 71
	NOT_EQ  reduce 71
	G_EQ  reduce 71
	L_EQ  reduce 71
	'='  reduce 71
	'>'  reduce 71
	'<'  reduce 71
	'+'  reduce 71
	'-'  reduce 71
	'*'  reduce 71
	'/'  reduce 71
	'%'  reduce 71
	']'  reduce 71
	')'  reduce 71
	';'  reduce 71
	','  reduce 71


state 97
	exp : '(' p_type . ')' exp  (67)

	')'  shift 126
	.  error


state 98
	exp : exp . '+' exp  (54)
	exp : exp . '*' exp  (55)
	exp : exp . '/' exp  (56)
	exp : exp . '-' exp  (57)
	exp : exp . '%' exp  (58)
	exp : exp . EQ exp  (59)
	exp : exp . NOT_EQ exp  (60)
	exp : exp . '>' exp  (61)
	exp : exp . '<' exp  (62)
	exp : exp . L_EQ exp  (63)
	exp : exp . G_EQ exp  (64)
	exp : exp . AND exp  (65)
	exp : exp . OR exp  (66)
	exp : exp . '[' exp ']'  (68)
	exp : exp . '.' ID  (69)
	exp : '(' exp . ')'  (72)

	EQ  shift 99
	OR  shift 100
	AND  shift 101
	NOT_EQ  shift 102
	G_EQ  shift 103
	L_EQ  shift 104
	'>'  shift 106
	'<'  shift 107
	'+'  shift 108
	'-'  shift 109
	'*'  shift 110
	'/'  shift 111
	'%'  shift 112
	'['  shift 113
	'.'  shift 114
	')'  shift 127
	.  error


state 99
	exp : exp EQ . exp  (59)

	INT_CONSTANT  shift 65
	REAL_CONSTANT  shift 66
	ID  shift 86
	CHAR_CONSTANT  shift 73
	'!'  shift 75
	'-'  shift 76
	'('  shift 77
	.  error

	exp  goto 128


state 100
	exp : exp OR . exp  (66)

	INT_CONSTANT  shift 65
	REAL_CONSTANT  shift 66
	ID  shift 86
	CHAR_CONSTANT  shift 73
	'!'  shift 75
	'-'  shift 76
	'('  shift 77
	.  error

	exp  goto 129


state 101
	exp : exp AND . exp  (65)

	INT_CONSTANT  shift 65
	REAL_CONSTANT  shift 66
	ID  shift 86
	CHAR_CONSTANT  shift 73
	'!'  shift 75
	'-'  shift 76
	'('  shift 77
	.  error

	exp  goto 130


state 102
	exp : exp NOT_EQ . exp  (60)

	INT_CONSTANT  shift 65
	REAL_CONSTANT  shift 66
	ID  shift 86
	CHAR_CONSTANT  shift 73
	'!'  shift 75
	'-'  shift 76
	'('  shift 77
	.  error

	exp  goto 131


state 103
	exp : exp G_EQ . exp  (64)

	INT_CONSTANT  shift 65
	REAL_CONSTANT  shift 66
	ID  shift 86
	CHAR_CONSTANT  shift 73
	'!'  shift 75
	'-'  shift 76
	'('  shift 77
	.  error

	exp  goto 132


state 104
	exp : exp L_EQ . exp  (63)

	INT_CONSTANT  shift 65
	REAL_CONSTANT  shift 66
	ID  shift 86
	CHAR_CONSTANT  shift 73
	'!'  shift 75
	'-'  shift 76
	'('  shift 77
	.  error

	exp  goto 133


state 105
	statement : exp '=' . exp ';'  (39)

	INT_CONSTANT  shift 65
	REAL_CONSTANT  shift 66
	ID  shift 86
	CHAR_CONSTANT  shift 73
	'!'  shift 75
	'-'  shift 76
	'('  shift 77
	.  error

	exp  goto 134


state 106
	exp : exp '>' . exp  (61)

	INT_CONSTANT  shift 65
	REAL_CONSTANT  shift 66
	ID  shift 86
	CHAR_CONSTANT  shift 73
	'!'  shift 75
	'-'  shift 76
	'('  shift 77
	.  error

	exp  goto 135


state 107
	exp : exp '<' . exp  (62)

	INT_CONSTANT  shift 65
	REAL_CONSTANT  shift 66
	ID  shift 86
	CHAR_CONSTANT  shift 73
	'!'  shift 75
	'-'  shift 76
	'('  shift 77
	.  error

	exp  goto 136


state 108
	exp : exp '+' . exp  (54)

	INT_CONSTANT  shift 65
	REAL_CONSTANT  shift 66
	ID  shift 86
	CHAR_CONSTANT  shift 73
	'!'  shift 75
	'-'  shift 76
	'('  shift 77
	.  error

	exp  goto 137


state 109
	exp : exp '-' . exp  (57)

	INT_CONSTANT  shift 65
	REAL_CONSTANT  shift 66
	ID  shift 86
	CHAR_CONSTANT  shift 73
	'!'  shift 75
	'-'  shift 76
	'('  shift 77
	.  error

	exp  goto 138


state 110
	exp : exp '*' . exp  (55)

	INT_CONSTANT  shift 65
	REAL_CONSTANT  shift 66
	ID  shift 86
	CHAR_CONSTANT  shift 73
	'!'  shift 75
	'-'  shift 76
	'('  shift 77
	.  error

	exp  goto 139


state 111
	exp : exp '/' . exp  (56)

	INT_CONSTANT  shift 65
	REAL_CONSTANT  shift 66
	ID  shift 86
	CHAR_CONSTANT  shift 73
	'!'  shift 75
	'-'  shift 76
	'('  shift 77
	.  error

	exp  goto 140


state 112
	exp : exp '%' . exp  (58)

	INT_CONSTANT  shift 65
	REAL_CONSTANT  shift 66
	ID  shift 86
	CHAR_CONSTANT  shift 73
	'!'  shift 75
	'-'  shift 76
	'('  shift 77
	.  error

	exp  goto 141


state 113
	exp : exp '[' . exp ']'  (68)

	INT_CONSTANT  shift 65
	REAL_CONSTANT  shift 66
	ID  shift 86
	CHAR_CONSTANT  shift 73
	'!'  shift 75
	'-'  shift 76
	'('  shift 77
	.  error

	exp  goto 142


state 114
	exp : exp '.' . ID  (69)

	ID  shift 143
	.  error


state 115
	func_def : p_type ID '(' opt_list_param ')' '{' opt_list_local_var statements '}' .  (16)

	.  reduce 16


state 116
	exp : ID '(' . opt_list_exp ')'  (70)
	opt_list_exp : .  (51)

	INT_CONSTANT  shift 65
	REAL_CONSTANT  shift 66
	ID  shift 86
	CHAR_CONSTANT  shift 73
	'!'  shift 75
	'-'  shift 76
	'('  shift 77
	')'  reduce 51

	exp  goto 89
	list_exp  goto 118
	opt_list_exp  goto 144


state 117
	statement : RETURN exp ';' .  (33)

	.  reduce 33


state 118
	opt_list_exp : list_exp .  (50)
	list_exp : list_exp . ',' exp  (52)

	','  shift 121
	')'  reduce 50


state 119
	statement : ID '(' opt_list_exp . ')' ';'  (40)
	exp : ID '(' opt_list_exp . ')'  (70)

	')'  shift 145
	.  error


state 120
	statement : WRITE list_exp ';' .  (35)

	.  reduce 35


state 121
	list_exp : list_exp ',' . exp  (52)

	INT_CONSTANT  shift 65
	REAL_CONSTANT  shift 66
	ID  shift 86
	CHAR_CONSTANT  shift 73
	'!'  shift 75
	'-'  shift 76
	'('  shift 77
	.  error

	exp  goto 146


state 122
	if_else : IF '(' exp . ')' '{' statements '}' ELSE '{' statements '}'  (44)
	if_else : IF '(' exp . ')' '{' statements '}' ELSE statement  (45)
	if_else : IF '(' exp . ')' statement ELSE '{' statements '}'  (46)
	if_else : IF '(' exp . ')' statement ELSE statement  (47)
	if_else : IF '(' exp . ')' '{' statements '}'  (48)
	if_else : IF '(' exp . ')' statement  (49)
	exp : exp . '+' exp  (54)
	exp : exp . '*' exp  (55)
	exp : exp . '/' exp  (56)
	exp : exp . '-' exp  (57)
	exp : exp . '%' exp  (58)
	exp : exp . EQ exp  (59)
	exp : exp . NOT_EQ exp  (60)
	exp : exp . '>' exp  (61)
	exp : exp . '<' exp  (62)
	exp : exp . L_EQ exp  (63)
	exp : exp . G_EQ exp  (64)
	exp : exp . AND exp  (65)
	exp : exp . OR exp  (66)
	exp : exp . '[' exp ']'  (68)
	exp : exp . '.' ID  (69)

	EQ  shift 99
	OR  shift 100
	AND  shift 101
	NOT_EQ  shift 102
	G_EQ  shift 103
	L_EQ  shift 104
	'>'  shift 106
	'<'  shift 107
	'+'  shift 108
	'-'  shift 109
	'*'  shift 110
	'/'  shift 111
	'%'  shift 112
	'['  shift 113
	'.'  shift 114
	')'  shift 147
	.  error


state 123
	statement : READ list_exp ';' .  (34)

	.  reduce 34


state 124
	while : WHILE '(' exp . ')' '{' statements '}'  (41)
	while : WHILE '(' exp . ')' statement  (42)
	exp : exp . '+' exp  (54)
	exp : exp . '*' exp  (55)
	exp : exp . '/' exp  (56)
	exp : exp . '-' exp  (57)
	exp : exp . '%' exp  (58)
	exp : exp . EQ exp  (59)
	exp : exp . NOT_EQ exp  (60)
	exp : exp . '>' exp  (61)
	exp : exp . '<' exp  (62)
	exp : exp . L_EQ exp  (63)
	exp : exp . G_EQ exp  (64)
	exp : exp . AND exp  (65)
	exp : exp . OR exp  (66)
	exp : exp . '[' exp ']'  (68)
	exp : exp . '.' ID  (69)

	EQ  shift 99
	OR  shift 100
	AND  shift 101
	NOT_EQ  shift 102
	G_EQ  shift 103
	L_EQ  shift 104
	'>'  shift 106
	'<'  shift 107
	'+'  shift 108
	'-'  shift 109
	'*'  shift 110
	'/'  shift 111
	'%'  shift 112
	'['  shift 113
	'.'  shift 114
	')'  shift 148
	.  error


state 125
	statements : statements . statement  (31)
	do_while : DO '{' statements . '}' WHILE '(' exp ')' ';'  (43)

	INT_CONSTANT  shift 65
	REAL_CONSTANT  shift 66
	RETURN  shift 67
	ID  shift 68
	WRITE  shift 69
	IF  shift 70
	READ  shift 71
	WHILE  shift 72
	CHAR_CONSTANT  shift 73
	DO  shift 74
	'!'  shift 75
	'-'  shift 76
	'('  shift 77
	'}'  shift 149
	.  error

	statement  goto 79
	exp  goto 80
	if_else  goto 81
	while  goto 82
	do_while  goto 83


state 126
	exp : '(' p_type ')' . exp  (67)

	INT_CONSTANT  shift 65
	REAL_CONSTANT  shift 66
	ID  shift 86
	CHAR_CONSTANT  shift 73
	'!'  shift 75
	'-'  shift 76
	'('  shift 77
	.  error

	exp  goto 150


state 127
	exp : '(' exp ')' .  (72)

	.  reduce 72


state 128
	exp : exp . '+' exp  (54)
	exp : exp . '*' exp  (55)
	exp : exp . '/' exp  (56)
	exp : exp . '-' exp  (57)
	exp : exp . '%' exp  (58)
	exp : exp . EQ exp  (59)
	exp : exp EQ exp .  (59)
	exp : exp . NOT_EQ exp  (60)
	exp : exp . '>' exp  (61)
	exp : exp . '<' exp  (62)
	exp : exp . L_EQ exp  (63)
	exp : exp . G_EQ exp  (64)
	exp : exp . AND exp  (65)
	exp : exp . OR exp  (66)
	exp : exp . '[' exp ']'  (68)
	exp : exp . '.' ID  (69)

	G_EQ  shift 103
	L_EQ  shift 104
	'>'  shift 106
	'<'  shift 107
	'+'  shift 108
	'-'  shift 109
	'*'  shift 110
	'/'  shift 111
	'%'  shift 112
	'['  shift 113
	'.'  shift 114
	EQ  reduce 59
	OR  reduce 59
	AND  reduce 59
	NOT_EQ  reduce 59
	'='  reduce 59
	']'  reduce 59
	')'  reduce 59
	';'  reduce 59
	','  reduce 59


state 129
	exp : exp . '+' exp  (54)
	exp : exp . '*' exp  (55)
	exp : exp . '/' exp  (56)
	exp : exp . '-' exp  (57)
	exp : exp . '%' exp  (58)
	exp : exp . EQ exp  (59)
	exp : exp . NOT_EQ exp  (60)
	exp : exp . '>' exp  (61)
	exp : exp . '<' exp  (62)
	exp : exp . L_EQ exp  (63)
	exp : exp . G_EQ exp  (64)
	exp : exp . AND exp  (65)
	exp : exp . OR exp  (66)
	exp : exp OR exp .  (66)
	exp : exp . '[' exp ']'  (68)
	exp : exp . '.' ID  (69)

	EQ  shift 99
	NOT_EQ  shift 102
	G_EQ  shift 103
	L_EQ  shift 104
	'>'  shift 106
	'<'  shift 107
	'+'  shift 108
	'-'  shift 109
	'*'  shift 110
	'/'  shift 111
	'%'  shift 112
	'['  shift 113
	'.'  shift 114
	OR  reduce 66
	AND  reduce 66
	'='  reduce 66
	']'  reduce 66
	')'  reduce 66
	';'  reduce 66
	','  reduce 66


state 130
	exp : exp . '+' exp  (54)
	exp : exp . '*' exp  (55)
	exp : exp . '/' exp  (56)
	exp : exp . '-' exp  (57)
	exp : exp . '%' exp  (58)
	exp : exp . EQ exp  (59)
	exp : exp . NOT_EQ exp  (60)
	exp : exp . '>' exp  (61)
	exp : exp . '<' exp  (62)
	exp : exp . L_EQ exp  (63)
	exp : exp . G_EQ exp  (64)
	exp : exp . AND exp  (65)
	exp : exp AND exp .  (65)
	exp : exp . OR exp  (66)
	exp : exp . '[' exp ']'  (68)
	exp : exp . '.' ID  (69)

	EQ  shift 99
	NOT_EQ  shift 102
	G_EQ  shift 103
	L_EQ  shift 104
	'>'  shift 106
	'<'  shift 107
	'+'  shift 108
	'-'  shift 109
	'*'  shift 110
	'/'  shift 111
	'%'  shift 112
	'['  shift 113
	'.'  shift 114
	OR  reduce 65
	AND  reduce 65
	'='  reduce 65
	']'  reduce 65
	')'  reduce 65
	';'  reduce 65
	','  reduce 65


state 131
	exp : exp . '+' exp  (54)
	exp : exp . '*' exp  (55)
	exp : exp . '/' exp  (56)
	exp : exp . '-' exp  (57)
	exp : exp . '%' exp  (58)
	exp : exp . EQ exp  (59)
	exp : exp . NOT_EQ exp  (60)
	exp : exp NOT_EQ exp .  (60)
	exp : exp . '>' exp  (61)
	exp : exp . '<' exp  (62)
	exp : exp . L_EQ exp  (63)
	exp : exp . G_EQ exp  (64)
	exp : exp . AND exp  (65)
	exp : exp . OR exp  (66)
	exp : exp . '[' exp ']'  (68)
	exp : exp . '.' ID  (69)

	G_EQ  shift 103
	L_EQ  shift 104
	'>'  shift 106
	'<'  shift 107
	'+'  shift 108
	'-'  shift 109
	'*'  shift 110
	'/'  shift 111
	'%'  shift 112
	'['  shift 113
	'.'  shift 114
	EQ  reduce 60
	OR  reduce 60
	AND  reduce 60
	NOT_EQ  reduce 60
	'='  reduce 60
	']'  reduce 60
	')'  reduce 60
	';'  reduce 60
	','  reduce 60


state 132
	exp : exp . '+' exp  (54)
	exp : exp . '*' exp  (55)
	exp : exp . '/' exp  (56)
	exp : exp . '-' exp  (57)
	exp : exp . '%' exp  (58)
	exp : exp . EQ exp  (59)
	exp : exp . NOT_EQ exp  (60)
	exp : exp . '>' exp  (61)
	exp : exp . '<' exp  (62)
	exp : exp . L_EQ exp  (63)
	exp : exp . G_EQ exp  (64)
	exp : exp G_EQ exp .  (64)
	exp : exp . AND exp  (65)
	exp : exp . OR exp  (66)
	exp : exp . '[' exp ']'  (68)
	exp : exp . '.' ID  (69)

	'+'  shift 108
	'-'  shift 109
	'*'  shift 110
	'/'  shift 111
	'%'  shift 112
	'['  shift 113
	'.'  shift 114
	EQ  reduce 64
	OR  reduce 64
	AND  reduce 64
	NOT_EQ  reduce 64
	G_EQ  reduce 64
	L_EQ  reduce 64
	'='  reduce 64
	'>'  reduce 64
	'<'  reduce 64
	']'  reduce 64
	')'  reduce 64
	';'  reduce 64
	','  reduce 64


state 133
	exp : exp . '+' exp  (54)
	exp : exp . '*' exp  (55)
	exp : exp . '/' exp  (56)
	exp : exp . '-' exp  (57)
	exp : exp . '%' exp  (58)
	exp : exp . EQ exp  (59)
	exp : exp . NOT_EQ exp  (60)
	exp : exp . '>' exp  (61)
	exp : exp . '<' exp  (62)
	exp : exp . L_EQ exp  (63)
	exp : exp L_EQ exp .  (63)
	exp : exp . G_EQ exp  (64)
	exp : exp . AND exp  (65)
	exp : exp . OR exp  (66)
	exp : exp . '[' exp ']'  (68)
	exp : exp . '.' ID  (69)

	'+'  shift 108
	'-'  shift 109
	'*'  shift 110
	'/'  shift 111
	'%'  shift 112
	'['  shift 113
	'.'  shift 114
	EQ  reduce 63
	OR  reduce 63
	AND  reduce 63
	NOT_EQ  reduce 63
	G_EQ  reduce 63
	L_EQ  reduce 63
	'='  reduce 63
	'>'  reduce 63
	'<'  reduce 63
	']'  reduce 63
	')'  reduce 63
	';'  reduce 63
	','  reduce 63


state 134
	statement : exp '=' exp . ';'  (39)
	exp : exp . '+' exp  (54)
	exp : exp . '*' exp  (55)
	exp : exp . '/' exp  (56)
	exp : exp . '-' exp  (57)
	exp : exp . '%' exp  (58)
	exp : exp . EQ exp  (59)
	exp : exp . NOT_EQ exp  (60)
	exp : exp . '>' exp  (61)
	exp : exp . '<' exp  (62)
	exp : exp . L_EQ exp  (63)
	exp : exp . G_EQ exp  (64)
	exp : exp . AND exp  (65)
	exp : exp . OR exp  (66)
	exp : exp . '[' exp ']'  (68)
	exp : exp . '.' ID  (69)

	EQ  shift 99
	OR  shift 100
	AND  shift 101
	NOT_EQ  shift 102
	G_EQ  shift 103
	L_EQ  shift 104
	'>'  shift 106
	'<'  shift 107
	'+'  shift 108
	'-'  shift 109
	'*'  shift 110
	'/'  shift 111
	'%'  shift 112
	'['  shift 113
	'.'  shift 114
	';'  shift 151
	.  error


state 135
	exp : exp . '+' exp  (54)
	exp : exp . '*' exp  (55)
	exp : exp . '/' exp  (56)
	exp : exp . '-' exp  (57)
	exp : exp . '%' exp  (58)
	exp : exp . EQ exp  (59)
	exp : exp . NOT_EQ exp  (60)
	exp : exp . '>' exp  (61)
	exp : exp '>' exp .  (61)
	exp : exp . '<' exp  (62)
	exp : exp . L_EQ exp  (63)
	exp : exp . G_EQ exp  (64)
	exp : exp . AND exp  (65)
	exp : exp . OR exp  (66)
	exp : exp . '[' exp ']'  (68)
	exp : exp . '.' ID  (69)

	'+'  shift 108
	'-'  shift 109
	'*'  shift 110
	'/'  shift 111
	'%'  shift 112
	'['  shift 113
	'.'  shift 114
	EQ  reduce 61
	OR  reduce 61
	AND  reduce 61
	NOT_EQ  reduce 61
	G_EQ  reduce 61
	L_EQ  reduce 61
	'='  reduce 61
	'>'  reduce 61
	'<'  reduce 61
	']'  reduce 61
	')'  reduce 61
	';'  reduce 61
	','  reduce 61


state 136
	exp : exp . '+' exp  (54)
	exp : exp . '*' exp  (55)
	exp : exp . '/' exp  (56)
	exp : exp . '-' exp  (57)
	exp : exp . '%' exp  (58)
	exp : exp . EQ exp  (59)
	exp : exp . NOT_EQ exp  (60)
	exp : exp . '>' exp  (61)
	exp : exp . '<' exp  (62)
	exp : exp '<' exp .  (62)
	exp : exp . L_EQ exp  (63)
	exp : exp . G_EQ exp  (64)
	exp : exp . AND exp  (65)
	exp : exp . OR exp  (66)
	exp : exp . '[' exp ']'  (68)
	exp : exp . '.' ID  (69)

	'+'  shift 108
	'-'  shift 109
	'*'  shift 110
	'/'  shift 111
	'%'  shift 112
	'['  shift 113
	'.'  shift 114
	EQ  reduce 62
	OR  reduce 62
	AND  reduce 62
	NOT_EQ  reduce 62
	G_EQ  reduce 62
	L_EQ  reduce 62
	'='  reduce 62
	'>'  reduce 62
	'<'  reduce 62
	']'  reduce 62
	')'  reduce 62
	';'  reduce 62
	','  reduce 62


state 137
	exp : exp . '+' exp  (54)
	exp : exp '+' exp .  (54)
	exp : exp . '*' exp  (55)
	exp : exp . '/' exp  (56)
	exp : exp . '-' exp  (57)
	exp : exp . '%' exp  (58)
	exp : exp . EQ exp  (59)
	exp : exp . NOT_EQ exp  (60)
	exp : exp . '>' exp  (61)
	exp : exp . '<' exp  (62)
	exp : exp . L_EQ exp  (63)
	exp : exp . G_EQ exp  (64)
	exp : exp . AND exp  (65)
	exp : exp . OR exp  (66)
	exp : exp . '[' exp ']'  (68)
	exp : exp . '.' ID  (69)

	'*'  shift 110
	'/'  shift 111
	'%'  shift 112
	'['  shift 113
	'.'  shift 114
	EQ  reduce 54
	OR  reduce 54
	AND  reduce 54
	NOT_EQ  reduce 54
	G_EQ  reduce 54
	L_EQ  reduce 54
	'='  reduce 54
	'>'  reduce 54
	'<'  reduce 54
	'+'  reduce 54
	'-'  reduce 54
	']'  reduce 54
	')'  reduce 54
	';'  reduce 54
	','  reduce 54


state 138
	exp : exp . '+' exp  (54)
	exp : exp . '*' exp  (55)
	exp : exp . '/' exp  (56)
	exp : exp . '-' exp  (57)
	exp : exp '-' exp .  (57)
	exp : exp . '%' exp  (58)
	exp : exp . EQ exp  (59)
	exp : exp . NOT_EQ exp  (60)
	exp : exp . '>' exp  (61)
	exp : exp . '<' exp  (62)
	exp : exp . L_EQ exp  (63)
	exp : exp . G_EQ exp  (64)
	exp : exp . AND exp  (65)
	exp : exp . OR exp  (66)
	exp : exp . '[' exp ']'  (68)
	exp : exp . '.' ID  (69)

	'*'  shift 110
	'/'  shift 111
	'%'  shift 112
	'['  shift 113
	'.'  shift 114
	EQ  reduce 57
	OR  reduce 57
	AND  reduce 57
	NOT_EQ  reduce 57
	G_EQ  reduce 57
	L_EQ  reduce 57
	'='  reduce 57
	'>'  reduce 57
	'<'  reduce 57
	'+'  reduce 57
	'-'  reduce 57
	']'  reduce 57
	')'  reduce 57
	';'  reduce 57
	','  reduce 57


state 139
	exp : exp . '+' exp  (54)
	exp : exp . '*' exp  (55)
	exp : exp '*' exp .  (55)
	exp : exp . '/' exp  (56)
	exp : exp . '-' exp  (57)
	exp : exp . '%' exp  (58)
	exp : exp . EQ exp  (59)
	exp : exp . NOT_EQ exp  (60)
	exp : exp . '>' exp  (61)
	exp : exp . '<' exp  (62)
	exp : exp . L_EQ exp  (63)
	exp : exp . G_EQ exp  (64)
	exp : exp . AND exp  (65)
	exp : exp . OR exp  (66)
	exp : exp . '[' exp ']'  (68)
	exp : exp . '.' ID  (69)

	'['  shift 113
	'.'  shift 114
	EQ  reduce 55
	OR  reduce 55
	AND  reduce 55
	NOT_EQ  reduce 55
	G_EQ  reduce 55
	L_EQ  reduce 55
	'='  reduce 55
	'>'  reduce 55
	'<'  reduce 55
	'+'  reduce 55
	'-'  reduce 55
	'*'  reduce 55
	'/'  reduce 55
	'%'  reduce 55
	']'  reduce 55
	')'  reduce 55
	';'  reduce 55
	','  reduce 55


state 140
	exp : exp . '+' exp  (54)
	exp : exp . '*' exp  (55)
	exp : exp . '/' exp  (56)
	exp : exp '/' exp .  (56)
	exp : exp . '-' exp  (57)
	exp : exp . '%' exp  (58)
	exp : exp . EQ exp  (59)
	exp : exp . NOT_EQ exp  (60)
	exp : exp . '>' exp  (61)
	exp : exp . '<' exp  (62)
	exp : exp . L_EQ exp  (63)
	exp : exp . G_EQ exp  (64)
	exp : exp . AND exp  (65)
	exp : exp . OR exp  (66)
	exp : exp . '[' exp ']'  (68)
	exp : exp . '.' ID  (69)

	'['  shift 113
	'.'  shift 114
	EQ  reduce 56
	OR  reduce 56
	AND  reduce 56
	NOT_EQ  reduce 56
	G_EQ  reduce 56
	L_EQ  reduce 56
	'='  reduce 56
	'>'  reduce 56
	'<'  reduce 56
	'+'  reduce 56
	'-'  reduce 56
	'*'  reduce 56
	'/'  reduce 56
	'%'  reduce 56
	']'  reduce 56
	')'  reduce 56
	';'  reduce 56
	','  reduce 56


state 141
	exp : exp . '+' exp  (54)
	exp : exp . '*' exp  (55)
	exp : exp . '/' exp  (56)
	exp : exp . '-' exp  (57)
	exp : exp . '%' exp  (58)
	exp : exp '%' exp .  (58)
	exp : exp . EQ exp  (59)
	exp : exp . NOT_EQ exp  (60)
	exp : exp . '>' exp  (61)
	exp : exp . '<' exp  (62)
	exp : exp . L_EQ exp  (63)
	exp : exp . G_EQ exp  (64)
	exp : exp . AND exp  (65)
	exp : exp . OR exp  (66)
	exp : exp . '[' exp ']'  (68)
	exp : exp . '.' ID  (69)

	'['  shift 113
	'.'  shift 114
	EQ  reduce 58
	OR  reduce 58
	AND  reduce 58
	NOT_EQ  reduce 58
	G_EQ  reduce 58
	L_EQ  reduce 58
	'='  reduce 58
	'>'  reduce 58
	'<'  reduce 58
	'+'  reduce 58
	'-'  reduce 58
	'*'  reduce 58
	'/'  reduce 58
	'%'  reduce 58
	']'  reduce 58
	')'  reduce 58
	';'  reduce 58
	','  reduce 58


state 142
	exp : exp . '+' exp  (54)
	exp : exp . '*' exp  (55)
	exp : exp . '/' exp  (56)
	exp : exp . '-' exp  (57)
	exp : exp . '%' exp  (58)
	exp : exp . EQ exp  (59)
	exp : exp . NOT_EQ exp  (60)
	exp : exp . '>' exp  (61)
	exp : exp . '<' exp  (62)
	exp : exp . L_EQ exp  (63)
	exp : exp . G_EQ exp  (64)
	exp : exp . AND exp  (65)
	exp : exp . OR exp  (66)
	exp : exp . '[' exp ']'  (68)
	exp : exp '[' exp . ']'  (68)
	exp : exp . '.' ID  (69)

	EQ  shift 99
	OR  shift 100
	AND  shift 101
	NOT_EQ  shift 102
	G_EQ  shift 103
	L_EQ  shift 104
	'>'  shift 106
	'<'  shift 107
	'+'  shift 108
	'-'  shift 109
	'*'  shift 110
	'/'  shift 111
	'%'  shift 112
	'['  shift 113
	']'  shift 152
	'.'  shift 114
	.  error


state 143
	exp : exp '.' ID .  (69)

	.  reduce 69


state 144
	exp : ID '(' opt_list_exp . ')'  (70)

	')'  shift 153
	.  error


state 145
	statement : ID '(' opt_list_exp ')' . ';'  (40)
	exp : ID '(' opt_list_exp ')' .  (70)

	';'  shift 154
	EQ  reduce 70
	OR  reduce 70
	AND  reduce 70
	NOT_EQ  reduce 70
	G_EQ  reduce 70
	L_EQ  reduce 70
	'='  reduce 70
	'>'  reduce 70
	'<'  reduce 70
	'+'  reduce 70
	'-'  reduce 70
	'*'  reduce 70
	'/'  reduce 70
	'%'  reduce 70
	'['  reduce 70
	'.'  reduce 70


state 146
	list_exp : list_exp ',' exp .  (52)
	exp : exp . '+' exp  (54)
	exp : exp . '*' exp  (55)
	exp : exp . '/' exp  (56)
	exp : exp . '-' exp  (57)
	exp : exp . '%' exp  (58)
	exp : exp . EQ exp  (59)
	exp : exp . NOT_EQ exp  (60)
	exp : exp . '>' exp  (61)
	exp : exp . '<' exp  (62)
	exp : exp . L_EQ exp  (63)
	exp : exp . G_EQ exp  (64)
	exp : exp . AND exp  (65)
	exp : exp . OR exp  (66)
	exp : exp . '[' exp ']'  (68)
	exp : exp . '.' ID  (69)

	EQ  shift 99
	OR  shift 100
	AND  shift 101
	NOT_EQ  shift 102
	G_EQ  shift 103
	L_EQ  shift 104
	'>'  shift 106
	'<'  shift 107
	'+'  shift 108
	'-'  shift 109
	'*'  shift 110
	'/'  shift 111
	'%'  shift 112
	'['  shift 113
	'.'  shift 114
	')'  reduce 52
	';'  reduce 52
	','  reduce 52


state 147
	if_else : IF '(' exp ')' . '{' statements '}' ELSE '{' statements '}'  (44)
	if_else : IF '(' exp ')' . '{' statements '}' ELSE statement  (45)
	if_else : IF '(' exp ')' . statement ELSE '{' statements '}'  (46)
	if_else : IF '(' exp ')' . statement ELSE statement  (47)
	if_else : IF '(' exp ')' . '{' statements '}'  (48)
	if_else : IF '(' exp ')' . statement  (49)

	INT_CONSTANT  shift 65
	REAL_CONSTANT  shift 66
	RETURN  shift 67
	ID  shift 68
	WRITE  shift 69
	IF  shift 70
	READ  shift 71
	WHILE  shift 72
	CHAR_CONSTANT  shift 73
	DO  shift 74
	'!'  shift 75
	'-'  shift 76
	'('  shift 77
	'{'  shift 155
	.  error

	statement  goto 156
	exp  goto 80
	if_else  goto 81
	while  goto 82
	do_while  goto 83


state 148
	while : WHILE '(' exp ')' . '{' statements '}'  (41)
	while : WHILE '(' exp ')' . statement  (42)

	INT_CONSTANT  shift 65
	REAL_CONSTANT  shift 66
	RETURN  shift 67
	ID  shift 68
	WRITE  shift 69
	IF  shift 70
	READ  shift 71
	WHILE  shift 72
	CHAR_CONSTANT  shift 73
	DO  shift 74
	'!'  shift 75
	'-'  shift 76
	'('  shift 77
	'{'  shift 157
	.  error

	statement  goto 158
	exp  goto 80
	if_else  goto 81
	while  goto 82
	do_while  goto 83


state 149
	do_while : DO '{' statements '}' . WHILE '(' exp ')' ';'  (43)

	WHILE  shift 159
	.  error


state 150
	exp : exp . '+' exp  (54)
	exp : exp . '*' exp  (55)
	exp : exp . '/' exp  (56)
	exp : exp . '-' exp  (57)
	exp : exp . '%' exp  (58)
	exp : exp . EQ exp  (59)
	exp : exp . NOT_EQ exp  (60)
	exp : exp . '>' exp  (61)
	exp : exp . '<' exp  (62)
	exp : exp . L_EQ exp  (63)
	exp : exp . G_EQ exp  (64)
	exp : exp . AND exp  (65)
	exp : exp . OR exp  (66)
	exp : '(' p_type ')' exp .  (67)
	exp : exp . '[' exp ']'  (68)
	exp : exp . '.' ID  (69)

	'['  shift 113
	'.'  shift 114
	EQ  reduce 67
	OR  reduce 67
	AND  reduce 67
	NOT_EQ  reduce 67
	G_EQ  reduce 67
	L_EQ  reduce 67
	'='  reduce 67
	'>'  reduce 67
	'<'  reduce 67
	'+'  reduce 67
	'-'  reduce 67
	'*'  reduce 67
	'/'  reduce 67
	'%'  reduce 67
	']'  reduce 67
	')'  reduce 67
	';'  reduce 67
	','  reduce 67


state 151
	statement : exp '=' exp ';' .  (39)

	.  reduce 39


state 152
	exp : exp '[' exp ']' .  (68)

	.  reduce 68


state 153
	exp : ID '(' opt_list_exp ')' .  (70)

	.  reduce 70


state 154
	statement : ID '(' opt_list_exp ')' ';' .  (40)

	.  reduce 40


state 155
	if_else : IF '(' exp ')' '{' . statements '}' ELSE '{' statements '}'  (44)
	if_else : IF '(' exp ')' '{' . statements '}' ELSE statement  (45)
	if_else : IF '(' exp ')' '{' . statements '}'  (48)
	statements : .  (32)

	.  reduce 32

	statements  goto 160


state 156
	if_else : IF '(' exp ')' statement . ELSE '{' statements '}'  (46)
	if_else : IF '(' exp ')' statement . ELSE statement  (47)
	if_else : IF '(' exp ')' statement .  (49)

	ELSE  shift 161
	INT_CONSTANT  reduce 49
	REAL_CONSTANT  reduce 49
	RETURN  reduce 49
	ID  reduce 49
	WRITE  reduce 49
	IF  reduce 49
	READ  reduce 49
	WHILE  reduce 49
	CHAR_CONSTANT  reduce 49
	DO  reduce 49
	'!'  reduce 49
	'-'  reduce 49
	'('  reduce 49
	'}'  reduce 49


state 157
	while : WHILE '(' exp ')' '{' . statements '}'  (41)
	statements : .  (32)

	.  reduce 32

	statements  goto 162


state 158
	while : WHILE '(' exp ')' statement .  (42)

	.  reduce 42


state 159
	do_while : DO '{' statements '}' WHILE . '(' exp ')' ';'  (43)

	'('  shift 163
	.  error


state 160
	statements : statements . statement  (31)
	if_else : IF '(' exp ')' '{' statements . '}' ELSE '{' statements '}'  (44)
	if_else : IF '(' exp ')' '{' statements . '}' ELSE statement  (45)
	if_else : IF '(' exp ')' '{' statements . '}'  (48)

	INT_CONSTANT  shift 65
	REAL_CONSTANT  shift 66
	RETURN  shift 67
	ID  shift 68
	WRITE  shift 69
	IF  shift 70
	READ  shift 71
	WHILE  shift 72
	CHAR_CONSTANT  shift 73
	DO  shift 74
	'!'  shift 75
	'-'  shift 76
	'('  shift 77
	'}'  shift 164
	.  error

	statement  goto 79
	exp  goto 80
	if_else  goto 81
	while  goto 82
	do_while  goto 83


state 161
	if_else : IF '(' exp ')' statement ELSE . '{' statements '}'  (46)
	if_else : IF '(' exp ')' statement ELSE . statement  (47)

	INT_CONSTANT  shift 65
	REAL_CONSTANT  shift 66
	RETURN  shift 67
	ID  shift 68
	WRITE  shift 69
	IF  shift 70
	READ  shift 71
	WHILE  shift 72
	CHAR_CONSTANT  shift 73
	DO  shift 74
	'!'  shift 75
	'-'  shift 76
	'('  shift 77
	'{'  shift 165
	.  error

	statement  goto 166
	exp  goto 80
	if_else  goto 81
	while  goto 82
	do_while  goto 83


state 162
	statements : statements . statement  (31)
	while : WHILE '(' exp ')' '{' statements . '}'  (41)

	INT_CONSTANT  shift 65
	REAL_CONSTANT  shift 66
	RETURN  shift 67
	ID  shift 68
	WRITE  shift 69
	IF  shift 70
	READ  shift 71
	WHILE  shift 72
	CHAR_CONSTANT  shift 73
	DO  shift 74
	'!'  shift 75
	'-'  shift 76
	'('  shift 77
	'}'  shift 167
	.  error

	statement  goto 79
	exp  goto 80
	if_else  goto 81
	while  goto 82
	do_while  goto 83


state 163
	do_while : DO '{' statements '}' WHILE '(' . exp ')' ';'  (43)

	INT_CONSTANT  shift 65
	REAL_CONSTANT  shift 66
	ID  shift 86
	CHAR_CONSTANT  shift 73
	'!'  shift 75
	'-'  shift 76
	'('  shift 77
	.  error

	exp  goto 168


state 164
	if_else : IF '(' exp ')' '{' statements '}' . ELSE '{' statements '}'  (44)
	if_else : IF '(' exp ')' '{' statements '}' . ELSE statement  (45)
	if_else : IF '(' exp ')' '{' statements '}' .  (48)

	ELSE  shift 169
	INT_CONSTANT  reduce 48
	REAL_CONSTANT  reduce 48
	RETURN  reduce 48
	ID  reduce 48
	WRITE  reduce 48
	IF  reduce 48
	READ  reduce 48
	WHILE  reduce 48
	CHAR_CONSTANT  reduce 48
	DO  reduce 48
	'!'  reduce 48
	'-'  reduce 48
	'('  reduce 48
	'}'  reduce 48


state 165
	if_else : IF '(' exp ')' statement ELSE '{' . statements '}'  (46)
	statements : .  (32)

	.  reduce 32

	statements  goto 170


state 166
	if_else : IF '(' exp ')' statement ELSE statement .  (47)

	.  reduce 47


state 167
	while : WHILE '(' exp ')' '{' statements '}' .  (41)

	.  reduce 41


state 168
	do_while : DO '{' statements '}' WHILE '(' exp . ')' ';'  (43)
	exp : exp . '+' exp  (54)
	exp : exp . '*' exp  (55)
	exp : exp . '/' exp  (56)
	exp : exp . '-' exp  (57)
	exp : exp . '%' exp  (58)
	exp : exp . EQ exp  (59)
	exp : exp . NOT_EQ exp  (60)
	exp : exp . '>' exp  (61)
	exp : exp . '<' exp  (62)
	exp : exp . L_EQ exp  (63)
	exp : exp . G_EQ exp  (64)
	exp : exp . AND exp  (65)
	exp : exp . OR exp  (66)
	exp : exp . '[' exp ']'  (68)
	exp : exp . '.' ID  (69)

	EQ  shift 99
	OR  shift 100
	AND  shift 101
	NOT_EQ  shift 102
	G_EQ  shift 103
	L_EQ  shift 104
	'>'  shift 106
	'<'  shift 107
	'+'  shift 108
	'-'  shift 109
	'*'  shift 110
	'/'  shift 111
	'%'  shift 112
	'['  shift 113
	'.'  shift 114
	')'  shift 171
	.  error


state 169
	if_else : IF '(' exp ')' '{' statements '}' ELSE . '{' statements '}'  (44)
	if_else : IF '(' exp ')' '{' statements '}' ELSE . statement  (45)

	INT_CONSTANT  shift 65
	REAL_CONSTANT  shift 66
	RETURN  shift 67
	ID  shift 68
	WRITE  shift 69
	IF  shift 70
	READ  shift 71
	WHILE  shift 72
	CHAR_CONSTANT  shift 73
	DO  shift 74
	'!'  shift 75
	'-'  shift 76
	'('  shift 77
	'{'  shift 172
	.  error

	statement  goto 173
	exp  goto 80
	if_else  goto 81
	while  goto 82
	do_while  goto 83


state 170
	statements : statements . statement  (31)
	if_else : IF '(' exp ')' statement ELSE '{' statements . '}'  (46)

	INT_CONSTANT  shift 65
	REAL_CONSTANT  shift 66
	RETURN  shift 67
	ID  shift 68
	WRITE  shift 69
	IF  shift 70
	READ  shift 71
	WHILE  shift 72
	CHAR_CONSTANT  shift 73
	DO  shift 74
	'!'  shift 75
	'-'  shift 76
	'('  shift 77
	'}'  shift 174
	.  error

	statement  goto 79
	exp  goto 80
	if_else  goto 81
	while  goto 82
	do_while  goto 83


state 171
	do_while : DO '{' statements '}' WHILE '(' exp ')' . ';'  (43)

	';'  shift 175
	.  error


state 172
	if_else : IF '(' exp ')' '{' statements '}' ELSE '{' . statements '}'  (44)
	statements : .  (32)

	.  reduce 32

	statements  goto 176


state 173
	if_else : IF '(' exp ')' '{' statements '}' ELSE statement .  (45)

	.  reduce 45


state 174
	if_else : IF '(' exp ')' statement ELSE '{' statements '}' .  (46)

	.  reduce 46


state 175
	do_while : DO '{' statements '}' WHILE '(' exp ')' ';' .  (43)

	.  reduce 43


state 176
	statements : statements . statement  (31)
	if_else : IF '(' exp ')' '{' statements '}' ELSE '{' statements . '}'  (44)

	INT_CONSTANT  shift 65
	REAL_CONSTANT  shift 66
	RETURN  shift 67
	ID  shift 68
	WRITE  shift 69
	IF  shift 70
	READ  shift 71
	WHILE  shift 72
	CHAR_CONSTANT  shift 73
	DO  shift 74
	'!'  shift 75
	'-'  shift 76
	'('  shift 77
	'}'  shift 177
	.  error

	statement  goto 79
	exp  goto 80
	if_else  goto 81
	while  goto 82
	do_while  goto 83


state 177
	if_else : IF '(' exp ')' '{' statements '}' ELSE '{' statements '}' .  (44)

	.  reduce 44


49 terminals, 25 nonterminals
78 grammar rules, 178 states
